<?xml version="1.0" encoding="UTF-8"?>
<coverage generated="1767277294883" clover="3.2.0">
  <project timestamp="1767277294883" name="All files">
    <metrics statements="154" coveredstatements="146" conditionals="66" coveredconditionals="50" methods="55" coveredmethods="54" elements="275" coveredelements="250" complexity="0" loc="154" ncloc="154" packages="2" files="7" classes="7"/>
    <package name="services">
      <metrics statements="152" coveredstatements="146" conditionals="66" coveredconditionals="50" methods="55" coveredmethods="54"/>
      <file name="api.ts" path="D:\devel\cflux\frontend\src\services\api.ts">
        <metrics statements="13" coveredstatements="7" conditionals="10" coveredconditionals="5" methods="2" coveredmethods="1"/>
        <line num="4" count="18" type="stmt"/>
        <line num="5" count="18" type="cond" truecount="2" falsecount="0"/>
        <line num="6" count="18" type="cond" truecount="1" falsecount="1"/>
        <line num="10" count="18" type="stmt"/>
        <line num="17" count="18" type="stmt"/>
        <line num="20" count="18" type="stmt"/>
        <line num="24" count="18" type="stmt"/>
        <line num="26" count="0" type="stmt"/>
        <line num="28" count="0" type="stmt"/>
        <line num="29" count="0" type="cond" truecount="0" falsecount="2"/>
        <line num="30" count="0" type="stmt"/>
        <line num="33" count="0" type="stmt"/>
        <line num="35" count="0" type="stmt"/>
      </file>
      <file name="incident.service.ts" path="D:\devel\cflux\frontend\src\services\incident.service.ts">
        <metrics statements="25" coveredstatements="25" conditionals="14" coveredconditionals="11" methods="9" coveredmethods="9"/>
        <line num="4" count="1" type="cond" truecount="2" falsecount="0"/>
        <line num="5" count="1" type="cond" truecount="1" falsecount="1"/>
        <line num="93" count="1" type="stmt"/>
        <line num="94" count="65" type="stmt"/>
        <line num="95" count="65" type="cond" truecount="1" falsecount="1"/>
        <line num="98" count="1" type="stmt"/>
        <line num="104" count="8" type="stmt"/>
        <line num="105" count="8" type="cond" truecount="2" falsecount="0"/>
        <line num="106" count="8" type="cond" truecount="2" falsecount="0"/>
        <line num="107" count="8" type="cond" truecount="2" falsecount="0"/>
        <line num="109" count="8" type="stmt"/>
        <line num="112" count="8" type="stmt"/>
        <line num="116" count="3" type="stmt"/>
        <line num="119" count="2" type="stmt"/>
        <line num="123" count="16" type="stmt"/>
        <line num="126" count="15" type="stmt"/>
        <line num="130" count="13" type="stmt"/>
        <line num="133" count="11" type="stmt"/>
        <line num="137" count="7" type="stmt"/>
        <line num="143" count="12" type="stmt"/>
        <line num="150" count="11" type="stmt"/>
        <line num="154" count="3" type="stmt"/>
        <line num="157" count="3" type="stmt"/>
        <line num="161" count="3" type="stmt"/>
        <line num="164" count="2" type="stmt"/>
      </file>
      <file name="projectTimeAllocation.service.ts" path="D:\devel\cflux\frontend\src\services\projectTimeAllocation.service.ts">
        <metrics statements="8" coveredstatements="8" conditionals="0" coveredconditionals="0" methods="4" coveredmethods="4"/>
        <line num="41" count="1" type="stmt"/>
        <line num="43" count="6" type="stmt"/>
        <line num="44" count="5" type="stmt"/>
        <line num="51" count="16" type="stmt"/>
        <line num="54" count="15" type="stmt"/>
        <line num="58" count="8" type="stmt"/>
        <line num="66" count="8" type="stmt"/>
        <line num="69" count="7" type="stmt"/>
      </file>
      <file name="reminder.service.ts" path="D:\devel\cflux\frontend\src\services\reminder.service.ts">
        <metrics statements="35" coveredstatements="35" conditionals="13" coveredconditionals="11" methods="14" coveredmethods="14"/>
        <line num="14" count="1" type="cond" truecount="2" falsecount="0"/>
        <line num="15" count="1" type="cond" truecount="2" falsecount="1"/>
        <line num="17" count="1" type="stmt"/>
        <line num="18" count="43" type="stmt"/>
        <line num="19" count="43" type="cond" truecount="1" falsecount="1"/>
        <line num="22" count="1" type="stmt"/>
        <line num="29" count="6" type="stmt"/>
        <line num="30" count="6" type="cond" truecount="2" falsecount="0"/>
        <line num="31" count="6" type="cond" truecount="2" falsecount="0"/>
        <line num="32" count="6" type="cond" truecount="2" falsecount="0"/>
        <line num="34" count="6" type="stmt"/>
        <line num="38" count="6" type="stmt"/>
        <line num="43" count="2" type="stmt"/>
        <line num="47" count="1" type="stmt"/>
        <line num="52" count="2" type="stmt"/>
        <line num="56" count="2" type="stmt"/>
        <line num="61" count="12" type="stmt"/>
        <line num="66" count="11" type="stmt"/>
        <line num="71" count="5" type="stmt"/>
        <line num="76" count="4" type="stmt"/>
        <line num="81" count="5" type="stmt"/>
        <line num="89" count="3" type="stmt"/>
        <line num="94" count="2" type="stmt"/>
        <line num="99" count="1" type="stmt"/>
        <line num="104" count="1" type="stmt"/>
        <line num="109" count="1" type="stmt"/>
        <line num="113" count="1" type="stmt"/>
        <line num="118" count="1" type="stmt"/>
        <line num="122" count="1" type="stmt"/>
        <line num="130" count="1" type="stmt"/>
        <line num="135" count="1" type="stmt"/>
        <line num="140" count="2" type="stmt"/>
        <line num="144" count="2" type="stmt"/>
        <line num="149" count="2" type="stmt"/>
        <line num="156" count="1" type="stmt"/>
      </file>
      <file name="travelExpense.service.ts" path="D:\devel\cflux\frontend\src\services\travelExpense.service.ts">
        <metrics statements="37" coveredstatements="37" conditionals="29" coveredconditionals="23" methods="8" coveredmethods="8"/>
        <line num="2" count="1" type="cond" truecount="2" falsecount="0"/>
        <line num="3" count="1" type="cond" truecount="2" falsecount="1"/>
        <line num="58" count="57" type="stmt"/>
        <line num="59" count="57" type="stmt"/>
        <line num="66" count="4" type="stmt"/>
        <line num="70" count="4" type="cond" truecount="2" falsecount="0"/>
        <line num="71" count="1" type="stmt"/>
        <line num="74" count="3" type="stmt"/>
        <line num="78" count="4" type="stmt"/>
        <line num="82" count="4" type="cond" truecount="2" falsecount="0"/>
        <line num="83" count="1" type="stmt"/>
        <line num="86" count="3" type="stmt"/>
        <line num="90" count="27" type="stmt"/>
        <line num="96" count="27" type="cond" truecount="2" falsecount="0"/>
        <line num="97" count="1" type="stmt"/>
        <line num="98" count="1" type="cond" truecount="1" falsecount="1"/>
        <line num="101" count="26" type="stmt"/>
        <line num="105" count="8" type="stmt"/>
        <line num="111" count="8" type="cond" truecount="2" falsecount="0"/>
        <line num="112" count="2" type="stmt"/>
        <line num="113" count="2" type="cond" truecount="1" falsecount="1"/>
        <line num="116" count="6" type="stmt"/>
        <line num="120" count="7" type="stmt"/>
        <line num="125" count="7" type="cond" truecount="2" falsecount="0"/>
        <line num="126" count="3" type="stmt"/>
        <line num="127" count="3" type="cond" truecount="1" falsecount="1"/>
        <line num="132" count="3" type="stmt"/>
        <line num="137" count="3" type="cond" truecount="2" falsecount="0"/>
        <line num="138" count="1" type="stmt"/>
        <line num="139" count="1" type="cond" truecount="1" falsecount="1"/>
        <line num="142" count="2" type="stmt"/>
        <line num="146" count="4" type="stmt"/>
        <line num="152" count="4" type="cond" truecount="2" falsecount="0"/>
        <line num="153" count="1" type="stmt"/>
        <line num="154" count="1" type="cond" truecount="1" falsecount="1"/>
        <line num="157" count="3" type="stmt"/>
        <line num="161" count="1" type="stmt"/>
      </file>
      <file name="workflow.service.ts" path="D:\devel\cflux\frontend\src\services\workflow.service.ts">
        <metrics statements="34" coveredstatements="34" conditionals="0" coveredconditionals="0" methods="18" coveredmethods="18"/>
        <line num="53" count="1" type="stmt"/>
        <line num="56" count="3" type="stmt"/>
        <line num="57" count="3" type="stmt"/>
        <line num="61" count="4" type="stmt"/>
        <line num="62" count="3" type="stmt"/>
        <line num="66" count="10" type="stmt"/>
        <line num="67" count="9" type="stmt"/>
        <line num="71" count="6" type="stmt"/>
        <line num="72" count="5" type="stmt"/>
        <line num="76" count="6" type="stmt"/>
        <line num="81" count="5" type="stmt"/>
        <line num="82" count="5" type="stmt"/>
        <line num="86" count="2" type="stmt"/>
        <line num="87" count="2" type="stmt"/>
        <line num="91" count="2" type="stmt"/>
        <line num="96" count="1" type="stmt"/>
        <line num="101" count="1" type="stmt"/>
        <line num="105" count="1" type="stmt"/>
        <line num="109" count="1" type="stmt"/>
        <line num="110" count="1" type="stmt"/>
        <line num="115" count="1" type="stmt"/>
        <line num="116" count="1" type="stmt"/>
        <line num="120" count="1" type="stmt"/>
        <line num="121" count="1" type="stmt"/>
        <line num="125" count="4" type="stmt"/>
        <line num="129" count="4" type="stmt"/>
        <line num="133" count="2" type="stmt"/>
        <line num="137" count="2" type="stmt"/>
        <line num="141" count="1" type="stmt"/>
        <line num="142" count="1" type="stmt"/>
        <line num="146" count="1" type="stmt"/>
        <line num="147" count="1" type="stmt"/>
        <line num="152" count="1" type="stmt"/>
        <line num="153" count="1" type="stmt"/>
      </file>
    </package>
    <package name="types">
      <metrics statements="2" coveredstatements="0" conditionals="0" coveredconditionals="0" methods="0" coveredmethods="0"/>
      <file name="reminder.types.ts" path="D:\devel\cflux\frontend\src\types\reminder.types.ts">
        <metrics statements="2" coveredstatements="0" conditionals="0" coveredconditionals="0" methods="0" coveredmethods="0"/>
        <line num="133" count="0" type="stmt"/>
        <line num="139" count="0" type="stmt"/>
      </file>
    </package>
  </project>
</coverage>
