{"D:\\devel\\cflux\\frontend\\src\\services\\api.ts": {"path":"D:\\devel\\cflux\\frontend\\src\\services\\api.ts","statementMap":{"0":{"start":{"line":4,"column":19},"end":{"line":18,"column":1}},"1":{"start":{"line":5,"column":29},"end":{"line":5,"column":98}},"2":{"start":{"line":6,"column":18},"end":{"line":8,"column":47}},"3":{"start":{"line":10,"column":2},"end":{"line":15,"column":5}},"4":{"start":{"line":17,"column":2},"end":{"line":17,"column":17}},"5":{"start":{"line":20,"column":12},"end":{"line":22,"column":2}},"6":{"start":{"line":24,"column":0},"end":{"line":36,"column":3}},"7":{"start":{"line":26,"column":2},"end":{"line":26,"column":32}},"8":{"start":{"line":28,"column":16},"end":{"line":28,"column":45}},"9":{"start":{"line":29,"column":2},"end":{"line":31,"column":3}},"10":{"start":{"line":30,"column":4},"end":{"line":30,"column":53}},"11":{"start":{"line":33,"column":2},"end":{"line":33,"column":89}},"12":{"start":{"line":35,"column":2},"end":{"line":35,"column":16}}},"fnMap":{"0":{"name":"(anonymous_0)","decl":{"start":{"line":4,"column":19},"end":{"line":4,"column":20}},"loc":{"start":{"line":4,"column":25},"end":{"line":18,"column":1}},"line":4},"1":{"name":"(anonymous_1)","decl":{"start":{"line":24,"column":29},"end":{"line":24,"column":30}},"loc":{"start":{"line":24,"column":41},"end":{"line":36,"column":1}},"line":24}},"branchMap":{"0":{"loc":{"start":{"line":5,"column":29},"end":{"line":5,"column":98}},"type":"binary-expr","locations":[{"start":{"line":5,"column":29},"end":{"line":5,"column":58}},{"start":{"line":5,"column":62},"end":{"line":5,"column":98}}],"line":5},"1":{"loc":{"start":{"line":6,"column":18},"end":{"line":8,"column":47}},"type":"cond-expr","locations":[{"start":{"line":7,"column":6},"end":{"line":7,"column":33}},{"start":{"line":8,"column":7},"end":{"line":8,"column":46}}],"line":6},"2":{"loc":{"start":{"line":8,"column":7},"end":{"line":8,"column":46}},"type":"binary-expr","locations":[{"start":{"line":8,"column":7},"end":{"line":8,"column":36}},{"start":{"line":8,"column":40},"end":{"line":8,"column":46}}],"line":8},"3":{"loc":{"start":{"line":12,"column":18},"end":{"line":12,"column":73}},"type":"cond-expr","locations":[{"start":{"line":12,"column":50},"end":{"line":12,"column":58}},{"start":{"line":12,"column":61},"end":{"line":12,"column":73}}],"line":12},"4":{"loc":{"start":{"line":29,"column":2},"end":{"line":31,"column":3}},"type":"if","locations":[{"start":{"line":29,"column":2},"end":{"line":31,"column":3}},{"start":{},"end":{}}],"line":29}},"s":{"0":18,"1":18,"2":18,"3":18,"4":18,"5":18,"6":18,"7":0,"8":0,"9":0,"10":0,"11":0,"12":0},"f":{"0":18,"1":0},"b":{"0":[18,18],"1":[0,18],"2":[18,0],"3":[18,0],"4":[0,0]},"_coverageSchema":"1a1c01bbd47fc00a2c39e90264f33305004495a9","hash":"b0c1a7f783da0af46df4feba56ab3dae6c4fc7f2"}
,"D:\\devel\\cflux\\frontend\\src\\services\\incident.service.ts": {"path":"D:\\devel\\cflux\\frontend\\src\\services\\incident.service.ts","statementMap":{"0":{"start":{"line":4,"column":27},"end":{"line":4,"column":96}},"1":{"start":{"line":5,"column":16},"end":{"line":7,"column":45}},"2":{"start":{"line":93,"column":22},"end":{"line":96,"column":1}},"3":{"start":{"line":94,"column":16},"end":{"line":94,"column":45}},"4":{"start":{"line":95,"column":2},"end":{"line":95,"column":59}},"5":{"start":{"line":98,"column":31},"end":{"line":166,"column":1}},"6":{"start":{"line":104,"column":19},"end":{"line":104,"column":40}},"7":{"start":{"line":105,"column":4},"end":{"line":105,"column":48}},"8":{"start":{"line":105,"column":16},"end":{"line":105,"column":48}},"9":{"start":{"line":106,"column":4},"end":{"line":106,"column":54}},"10":{"start":{"line":106,"column":18},"end":{"line":106,"column":54}},"11":{"start":{"line":107,"column":4},"end":{"line":107,"column":66}},"12":{"start":{"line":107,"column":22},"end":{"line":107,"column":66}},"13":{"start":{"line":109,"column":21},"end":{"line":111,"column":6}},"14":{"start":{"line":112,"column":4},"end":{"line":112,"column":25}},"15":{"start":{"line":116,"column":21},"end":{"line":118,"column":6}},"16":{"start":{"line":119,"column":4},"end":{"line":119,"column":25}},"17":{"start":{"line":123,"column":21},"end":{"line":125,"column":6}},"18":{"start":{"line":126,"column":4},"end":{"line":126,"column":25}},"19":{"start":{"line":130,"column":21},"end":{"line":132,"column":6}},"20":{"start":{"line":133,"column":4},"end":{"line":133,"column":25}},"21":{"start":{"line":137,"column":4},"end":{"line":139,"column":7}},"22":{"start":{"line":143,"column":21},"end":{"line":149,"column":5}},"23":{"start":{"line":150,"column":4},"end":{"line":150,"column":25}},"24":{"start":{"line":154,"column":21},"end":{"line":156,"column":6}},"25":{"start":{"line":157,"column":4},"end":{"line":157,"column":25}},"26":{"start":{"line":161,"column":21},"end":{"line":163,"column":6}},"27":{"start":{"line":164,"column":4},"end":{"line":164,"column":25}}},"fnMap":{"0":{"name":"(anonymous_0)","decl":{"start":{"line":93,"column":22},"end":{"line":93,"column":23}},"loc":{"start":{"line":93,"column":28},"end":{"line":96,"column":1}},"line":93},"1":{"name":"(anonymous_1)","decl":{"start":{"line":99,"column":2},"end":{"line":99,"column":3}},"loc":{"start":{"line":103,"column":25},"end":{"line":113,"column":3}},"line":103},"2":{"name":"(anonymous_2)","decl":{"start":{"line":115,"column":2},"end":{"line":115,"column":3}},"loc":{"start":{"line":115,"column":47},"end":{"line":120,"column":3}},"line":115},"3":{"name":"(anonymous_3)","decl":{"start":{"line":122,"column":2},"end":{"line":122,"column":3}},"loc":{"start":{"line":122,"column":59},"end":{"line":127,"column":3}},"line":122},"4":{"name":"(anonymous_4)","decl":{"start":{"line":129,"column":2},"end":{"line":129,"column":3}},"loc":{"start":{"line":129,"column":71},"end":{"line":134,"column":3}},"line":129},"5":{"name":"(anonymous_5)","decl":{"start":{"line":136,"column":2},"end":{"line":136,"column":3}},"loc":{"start":{"line":136,"column":42},"end":{"line":140,"column":3}},"line":136},"6":{"name":"(anonymous_6)","decl":{"start":{"line":142,"column":2},"end":{"line":142,"column":3}},"loc":{"start":{"line":142,"column":74},"end":{"line":151,"column":3}},"line":142},"7":{"name":"(anonymous_7)","decl":{"start":{"line":153,"column":2},"end":{"line":153,"column":3}},"loc":{"start":{"line":153,"column":60},"end":{"line":158,"column":3}},"line":153},"8":{"name":"(anonymous_8)","decl":{"start":{"line":160,"column":2},"end":{"line":160,"column":3}},"loc":{"start":{"line":160,"column":53},"end":{"line":165,"column":3}},"line":160}},"branchMap":{"0":{"loc":{"start":{"line":4,"column":27},"end":{"line":4,"column":96}},"type":"binary-expr","locations":[{"start":{"line":4,"column":27},"end":{"line":4,"column":56}},{"start":{"line":4,"column":60},"end":{"line":4,"column":96}}],"line":4},"1":{"loc":{"start":{"line":5,"column":16},"end":{"line":7,"column":45}},"type":"cond-expr","locations":[{"start":{"line":6,"column":4},"end":{"line":6,"column":31}},{"start":{"line":7,"column":5},"end":{"line":7,"column":44}}],"line":5},"2":{"loc":{"start":{"line":7,"column":5},"end":{"line":7,"column":44}},"type":"binary-expr","locations":[{"start":{"line":7,"column":5},"end":{"line":7,"column":34}},{"start":{"line":7,"column":38},"end":{"line":7,"column":44}}],"line":7},"3":{"loc":{"start":{"line":95,"column":9},"end":{"line":95,"column":58}},"type":"cond-expr","locations":[{"start":{"line":95,"column":17},"end":{"line":95,"column":53}},{"start":{"line":95,"column":56},"end":{"line":95,"column":58}}],"line":95},"4":{"loc":{"start":{"line":105,"column":4},"end":{"line":105,"column":48}},"type":"if","locations":[{"start":{"line":105,"column":4},"end":{"line":105,"column":48}},{"start":{},"end":{}}],"line":105},"5":{"loc":{"start":{"line":106,"column":4},"end":{"line":106,"column":54}},"type":"if","locations":[{"start":{"line":106,"column":4},"end":{"line":106,"column":54}},{"start":{},"end":{}}],"line":106},"6":{"loc":{"start":{"line":107,"column":4},"end":{"line":107,"column":66}},"type":"if","locations":[{"start":{"line":107,"column":4},"end":{"line":107,"column":66}},{"start":{},"end":{}}],"line":107}},"s":{"0":1,"1":1,"2":1,"3":65,"4":65,"5":1,"6":8,"7":8,"8":3,"9":8,"10":2,"11":8,"12":2,"13":8,"14":8,"15":3,"16":2,"17":16,"18":15,"19":13,"20":11,"21":7,"22":12,"23":11,"24":3,"25":3,"26":3,"27":2},"f":{"0":65,"1":8,"2":3,"3":16,"4":13,"5":7,"6":12,"7":3,"8":3},"b":{"0":[1,1],"1":[0,1],"2":[1,0],"3":[0,65],"4":[3,5],"5":[2,6],"6":[2,6]},"_coverageSchema":"1a1c01bbd47fc00a2c39e90264f33305004495a9","hash":"7e1814372f79773e5301054563907c3ea2c754db"}
,"D:\\devel\\cflux\\frontend\\src\\services\\projectTimeAllocation.service.ts": {"path":"D:\\devel\\cflux\\frontend\\src\\services\\projectTimeAllocation.service.ts","statementMap":{"0":{"start":{"line":41,"column":37},"end":{"line":71,"column":1}},"1":{"start":{"line":43,"column":21},"end":{"line":43,"column":89}},"2":{"start":{"line":44,"column":4},"end":{"line":44,"column":25}},"3":{"start":{"line":51,"column":21},"end":{"line":53,"column":6}},"4":{"start":{"line":54,"column":4},"end":{"line":54,"column":25}},"5":{"start":{"line":58,"column":4},"end":{"line":58,"column":66}},"6":{"start":{"line":66,"column":21},"end":{"line":68,"column":6}},"7":{"start":{"line":69,"column":4},"end":{"line":69,"column":25}}},"fnMap":{"0":{"name":"(anonymous_0)","decl":{"start":{"line":42,"column":30},"end":{"line":42,"column":31}},"loc":{"start":{"line":42,"column":95},"end":{"line":45,"column":3}},"line":42},"1":{"name":"(anonymous_1)","decl":{"start":{"line":47,"column":30},"end":{"line":47,"column":31}},"loc":{"start":{"line":50,"column":41},"end":{"line":55,"column":3}},"line":50},"2":{"name":"(anonymous_2)","decl":{"start":{"line":57,"column":20},"end":{"line":57,"column":21}},"loc":{"start":{"line":57,"column":67},"end":{"line":59,"column":3}},"line":57},"3":{"name":"(anonymous_3)","decl":{"start":{"line":61,"column":23},"end":{"line":61,"column":24}},"loc":{"start":{"line":65,"column":36},"end":{"line":70,"column":3}},"line":65}},"branchMap":{},"s":{"0":1,"1":6,"2":5,"3":16,"4":15,"5":8,"6":8,"7":7},"f":{"0":6,"1":16,"2":8,"3":8},"b":{},"_coverageSchema":"1a1c01bbd47fc00a2c39e90264f33305004495a9","hash":"3fae8cebbc46960bee959886acadbfd98baf77a5"}
,"D:\\devel\\cflux\\frontend\\src\\services\\reminder.service.ts": {"path":"D:\\devel\\cflux\\frontend\\src\\services\\reminder.service.ts","statementMap":{"0":{"start":{"line":14,"column":27},"end":{"line":14,"column":96}},"1":{"start":{"line":15,"column":16},"end":{"line":15,"column":73}},"2":{"start":{"line":17,"column":22},"end":{"line":20,"column":1}},"3":{"start":{"line":18,"column":16},"end":{"line":18,"column":45}},"4":{"start":{"line":19,"column":2},"end":{"line":19,"column":59}},"5":{"start":{"line":22,"column":31},"end":{"line":158,"column":1}},"6":{"start":{"line":29,"column":19},"end":{"line":29,"column":40}},"7":{"start":{"line":30,"column":4},"end":{"line":30,"column":65}},"8":{"start":{"line":30,"column":25},"end":{"line":30,"column":65}},"9":{"start":{"line":31,"column":4},"end":{"line":31,"column":62}},"10":{"start":{"line":31,"column":24},"end":{"line":31,"column":62}},"11":{"start":{"line":32,"column":4},"end":{"line":32,"column":77}},"12":{"start":{"line":32,"column":29},"end":{"line":32,"column":77}},"13":{"start":{"line":34,"column":21},"end":{"line":37,"column":5}},"14":{"start":{"line":38,"column":4},"end":{"line":38,"column":25}},"15":{"start":{"line":43,"column":21},"end":{"line":46,"column":5}},"16":{"start":{"line":47,"column":4},"end":{"line":47,"column":25}},"17":{"start":{"line":52,"column":21},"end":{"line":55,"column":5}},"18":{"start":{"line":56,"column":4},"end":{"line":56,"column":25}},"19":{"start":{"line":61,"column":21},"end":{"line":65,"column":5}},"20":{"start":{"line":66,"column":4},"end":{"line":66,"column":25}},"21":{"start":{"line":71,"column":21},"end":{"line":75,"column":5}},"22":{"start":{"line":76,"column":4},"end":{"line":76,"column":25}},"23":{"start":{"line":81,"column":4},"end":{"line":84,"column":6}},"24":{"start":{"line":89,"column":21},"end":{"line":93,"column":5}},"25":{"start":{"line":94,"column":4},"end":{"line":94,"column":25}},"26":{"start":{"line":99,"column":21},"end":{"line":103,"column":5}},"27":{"start":{"line":104,"column":4},"end":{"line":104,"column":25}},"28":{"start":{"line":109,"column":21},"end":{"line":112,"column":5}},"29":{"start":{"line":113,"column":4},"end":{"line":113,"column":25}},"30":{"start":{"line":118,"column":21},"end":{"line":121,"column":5}},"31":{"start":{"line":122,"column":4},"end":{"line":122,"column":25}},"32":{"start":{"line":130,"column":21},"end":{"line":134,"column":5}},"33":{"start":{"line":135,"column":4},"end":{"line":135,"column":25}},"34":{"start":{"line":140,"column":21},"end":{"line":143,"column":5}},"35":{"start":{"line":144,"column":4},"end":{"line":144,"column":25}},"36":{"start":{"line":149,"column":21},"end":{"line":155,"column":5}},"37":{"start":{"line":156,"column":4},"end":{"line":156,"column":25}}},"fnMap":{"0":{"name":"(anonymous_0)","decl":{"start":{"line":17,"column":22},"end":{"line":17,"column":23}},"loc":{"start":{"line":17,"column":28},"end":{"line":20,"column":1}},"line":17},"1":{"name":"(anonymous_1)","decl":{"start":{"line":24,"column":19},"end":{"line":24,"column":20}},"loc":{"start":{"line":28,"column":29},"end":{"line":39,"column":3}},"line":28},"2":{"name":"(anonymous_2)","decl":{"start":{"line":42,"column":19},"end":{"line":42,"column":20}},"loc":{"start":{"line":42,"column":60},"end":{"line":48,"column":3}},"line":42},"3":{"name":"(anonymous_3)","decl":{"start":{"line":51,"column":25},"end":{"line":51,"column":26}},"loc":{"start":{"line":51,"column":75},"end":{"line":57,"column":3}},"line":51},"4":{"name":"(anonymous_4)","decl":{"start":{"line":60,"column":18},"end":{"line":60,"column":19}},"loc":{"start":{"line":60,"column":72},"end":{"line":67,"column":3}},"line":60},"5":{"name":"(anonymous_5)","decl":{"start":{"line":70,"column":18},"end":{"line":70,"column":19}},"loc":{"start":{"line":70,"column":84},"end":{"line":77,"column":3}},"line":70},"6":{"name":"(anonymous_6)","decl":{"start":{"line":80,"column":18},"end":{"line":80,"column":19}},"loc":{"start":{"line":80,"column":55},"end":{"line":85,"column":3}},"line":80},"7":{"name":"(anonymous_7)","decl":{"start":{"line":88,"column":16},"end":{"line":88,"column":17}},"loc":{"start":{"line":88,"column":73},"end":{"line":95,"column":3}},"line":88},"8":{"name":"(anonymous_8)","decl":{"start":{"line":98,"column":22},"end":{"line":98,"column":23}},"loc":{"start":{"line":98,"column":63},"end":{"line":105,"column":3}},"line":98},"9":{"name":"(anonymous_9)","decl":{"start":{"line":108,"column":22},"end":{"line":108,"column":23}},"loc":{"start":{"line":108,"column":61},"end":{"line":114,"column":3}},"line":108},"10":{"name":"(anonymous_10)","decl":{"start":{"line":117,"column":23},"end":{"line":117,"column":24}},"loc":{"start":{"line":117,"column":62},"end":{"line":123,"column":3}},"line":117},"11":{"name":"(anonymous_11)","decl":{"start":{"line":126,"column":26},"end":{"line":126,"column":27}},"loc":{"start":{"line":129,"column":34},"end":{"line":136,"column":3}},"line":129},"12":{"name":"(anonymous_12)","decl":{"start":{"line":139,"column":20},"end":{"line":139,"column":21}},"loc":{"start":{"line":139,"column":56},"end":{"line":145,"column":3}},"line":139},"13":{"name":"(anonymous_13)","decl":{"start":{"line":148,"column":23},"end":{"line":148,"column":24}},"loc":{"start":{"line":148,"column":60},"end":{"line":157,"column":3}},"line":148}},"branchMap":{"0":{"loc":{"start":{"line":14,"column":27},"end":{"line":14,"column":96}},"type":"binary-expr","locations":[{"start":{"line":14,"column":27},"end":{"line":14,"column":56}},{"start":{"line":14,"column":60},"end":{"line":14,"column":96}}],"line":14},"1":{"loc":{"start":{"line":15,"column":16},"end":{"line":15,"column":73}},"type":"binary-expr","locations":[{"start":{"line":15,"column":16},"end":{"line":15,"column":34}},{"start":{"line":15,"column":38},"end":{"line":15,"column":67}},{"start":{"line":15,"column":71},"end":{"line":15,"column":73}}],"line":15},"2":{"loc":{"start":{"line":19,"column":9},"end":{"line":19,"column":58}},"type":"cond-expr","locations":[{"start":{"line":19,"column":17},"end":{"line":19,"column":53}},{"start":{"line":19,"column":56},"end":{"line":19,"column":58}}],"line":19},"3":{"loc":{"start":{"line":30,"column":4},"end":{"line":30,"column":65}},"type":"if","locations":[{"start":{"line":30,"column":4},"end":{"line":30,"column":65}},{"start":{},"end":{}}],"line":30},"4":{"loc":{"start":{"line":31,"column":4},"end":{"line":31,"column":62}},"type":"if","locations":[{"start":{"line":31,"column":4},"end":{"line":31,"column":62}},{"start":{},"end":{}}],"line":31},"5":{"loc":{"start":{"line":32,"column":4},"end":{"line":32,"column":77}},"type":"if","locations":[{"start":{"line":32,"column":4},"end":{"line":32,"column":77}},{"start":{},"end":{}}],"line":32}},"s":{"0":1,"1":1,"2":1,"3":43,"4":43,"5":1,"6":6,"7":6,"8":2,"9":6,"10":2,"11":6,"12":2,"13":6,"14":6,"15":2,"16":1,"17":2,"18":2,"19":12,"20":11,"21":5,"22":4,"23":5,"24":3,"25":2,"26":1,"27":1,"28":1,"29":1,"30":1,"31":1,"32":1,"33":1,"34":2,"35":2,"36":2,"37":1},"f":{"0":43,"1":6,"2":2,"3":2,"4":12,"5":5,"6":5,"7":3,"8":1,"9":1,"10":1,"11":1,"12":2,"13":2},"b":{"0":[1,1],"1":[1,1,0],"2":[0,43],"3":[2,4],"4":[2,4],"5":[2,4]},"_coverageSchema":"1a1c01bbd47fc00a2c39e90264f33305004495a9","hash":"83911b1958bae13fdf3d4f22c0691f8068c0328c"}
,"D:\\devel\\cflux\\frontend\\src\\services\\travelExpense.service.ts": {"path":"D:\\devel\\cflux\\frontend\\src\\services\\travelExpense.service.ts","statementMap":{"0":{"start":{"line":2,"column":27},"end":{"line":2,"column":96}},"1":{"start":{"line":3,"column":16},"end":{"line":3,"column":73}},"2":{"start":{"line":58,"column":18},"end":{"line":58,"column":47}},"3":{"start":{"line":59,"column":4},"end":{"line":62,"column":6}},"4":{"start":{"line":66,"column":21},"end":{"line":68,"column":6}},"5":{"start":{"line":70,"column":4},"end":{"line":72,"column":5}},"6":{"start":{"line":71,"column":6},"end":{"line":71,"column":59}},"7":{"start":{"line":74,"column":4},"end":{"line":74,"column":27}},"8":{"start":{"line":78,"column":21},"end":{"line":80,"column":6}},"9":{"start":{"line":82,"column":4},"end":{"line":84,"column":5}},"10":{"start":{"line":83,"column":6},"end":{"line":83,"column":59}},"11":{"start":{"line":86,"column":4},"end":{"line":86,"column":27}},"12":{"start":{"line":90,"column":21},"end":{"line":94,"column":6}},"13":{"start":{"line":96,"column":4},"end":{"line":99,"column":5}},"14":{"start":{"line":97,"column":20},"end":{"line":97,"column":41}},"15":{"start":{"line":98,"column":6},"end":{"line":98,"column":78}},"16":{"start":{"line":101,"column":4},"end":{"line":101,"column":27}},"17":{"start":{"line":105,"column":21},"end":{"line":109,"column":6}},"18":{"start":{"line":111,"column":4},"end":{"line":114,"column":5}},"19":{"start":{"line":112,"column":20},"end":{"line":112,"column":41}},"20":{"start":{"line":113,"column":6},"end":{"line":113,"column":82}},"21":{"start":{"line":116,"column":4},"end":{"line":116,"column":27}},"22":{"start":{"line":120,"column":21},"end":{"line":123,"column":6}},"23":{"start":{"line":125,"column":4},"end":{"line":128,"column":5}},"24":{"start":{"line":126,"column":20},"end":{"line":126,"column":41}},"25":{"start":{"line":127,"column":6},"end":{"line":127,"column":76}},"26":{"start":{"line":132,"column":21},"end":{"line":135,"column":6}},"27":{"start":{"line":137,"column":4},"end":{"line":140,"column":5}},"28":{"start":{"line":138,"column":20},"end":{"line":138,"column":41}},"29":{"start":{"line":139,"column":6},"end":{"line":139,"column":79}},"30":{"start":{"line":142,"column":4},"end":{"line":142,"column":27}},"31":{"start":{"line":146,"column":21},"end":{"line":150,"column":6}},"32":{"start":{"line":152,"column":4},"end":{"line":155,"column":5}},"33":{"start":{"line":153,"column":20},"end":{"line":153,"column":41}},"34":{"start":{"line":154,"column":6},"end":{"line":154,"column":77}},"35":{"start":{"line":157,"column":4},"end":{"line":157,"column":27}},"36":{"start":{"line":161,"column":36},"end":{"line":161,"column":62}}},"fnMap":{"0":{"name":"(anonymous_0)","decl":{"start":{"line":57,"column":2},"end":{"line":57,"column":3}},"loc":{"start":{"line":57,"column":27},"end":{"line":63,"column":3}},"line":57},"1":{"name":"(anonymous_1)","decl":{"start":{"line":65,"column":2},"end":{"line":65,"column":3}},"loc":{"start":{"line":65,"column":57},"end":{"line":75,"column":3}},"line":65},"2":{"name":"(anonymous_2)","decl":{"start":{"line":77,"column":2},"end":{"line":77,"column":3}},"loc":{"start":{"line":77,"column":65},"end":{"line":87,"column":3}},"line":77},"3":{"name":"(anonymous_3)","decl":{"start":{"line":89,"column":2},"end":{"line":89,"column":3}},"loc":{"start":{"line":89,"column":83},"end":{"line":102,"column":3}},"line":89},"4":{"name":"(anonymous_4)","decl":{"start":{"line":104,"column":2},"end":{"line":104,"column":3}},"loc":{"start":{"line":104,"column":104},"end":{"line":117,"column":3}},"line":104},"5":{"name":"(anonymous_5)","decl":{"start":{"line":119,"column":2},"end":{"line":119,"column":3}},"loc":{"start":{"line":119,"column":55},"end":{"line":129,"column":3}},"line":119},"6":{"name":"(anonymous_6)","decl":{"start":{"line":131,"column":2},"end":{"line":131,"column":3}},"loc":{"start":{"line":131,"column":65},"end":{"line":143,"column":3}},"line":131},"7":{"name":"(anonymous_7)","decl":{"start":{"line":145,"column":2},"end":{"line":145,"column":3}},"loc":{"start":{"line":145,"column":90},"end":{"line":158,"column":3}},"line":145}},"branchMap":{"0":{"loc":{"start":{"line":2,"column":27},"end":{"line":2,"column":96}},"type":"binary-expr","locations":[{"start":{"line":2,"column":27},"end":{"line":2,"column":56}},{"start":{"line":2,"column":60},"end":{"line":2,"column":96}}],"line":2},"1":{"loc":{"start":{"line":3,"column":16},"end":{"line":3,"column":73}},"type":"binary-expr","locations":[{"start":{"line":3,"column":16},"end":{"line":3,"column":34}},{"start":{"line":3,"column":38},"end":{"line":3,"column":67}},{"start":{"line":3,"column":71},"end":{"line":3,"column":73}}],"line":3},"2":{"loc":{"start":{"line":70,"column":4},"end":{"line":72,"column":5}},"type":"if","locations":[{"start":{"line":70,"column":4},"end":{"line":72,"column":5}},{"start":{},"end":{}}],"line":70},"3":{"loc":{"start":{"line":82,"column":4},"end":{"line":84,"column":5}},"type":"if","locations":[{"start":{"line":82,"column":4},"end":{"line":84,"column":5}},{"start":{},"end":{}}],"line":82},"4":{"loc":{"start":{"line":96,"column":4},"end":{"line":99,"column":5}},"type":"if","locations":[{"start":{"line":96,"column":4},"end":{"line":99,"column":5}},{"start":{},"end":{}}],"line":96},"5":{"loc":{"start":{"line":98,"column":22},"end":{"line":98,"column":76}},"type":"binary-expr","locations":[{"start":{"line":98,"column":22},"end":{"line":98,"column":33}},{"start":{"line":98,"column":37},"end":{"line":98,"column":76}}],"line":98},"6":{"loc":{"start":{"line":111,"column":4},"end":{"line":114,"column":5}},"type":"if","locations":[{"start":{"line":111,"column":4},"end":{"line":114,"column":5}},{"start":{},"end":{}}],"line":111},"7":{"loc":{"start":{"line":113,"column":22},"end":{"line":113,"column":80}},"type":"binary-expr","locations":[{"start":{"line":113,"column":22},"end":{"line":113,"column":33}},{"start":{"line":113,"column":37},"end":{"line":113,"column":80}}],"line":113},"8":{"loc":{"start":{"line":125,"column":4},"end":{"line":128,"column":5}},"type":"if","locations":[{"start":{"line":125,"column":4},"end":{"line":128,"column":5}},{"start":{},"end":{}}],"line":125},"9":{"loc":{"start":{"line":127,"column":22},"end":{"line":127,"column":74}},"type":"binary-expr","locations":[{"start":{"line":127,"column":22},"end":{"line":127,"column":33}},{"start":{"line":127,"column":37},"end":{"line":127,"column":74}}],"line":127},"10":{"loc":{"start":{"line":137,"column":4},"end":{"line":140,"column":5}},"type":"if","locations":[{"start":{"line":137,"column":4},"end":{"line":140,"column":5}},{"start":{},"end":{}}],"line":137},"11":{"loc":{"start":{"line":139,"column":22},"end":{"line":139,"column":77}},"type":"binary-expr","locations":[{"start":{"line":139,"column":22},"end":{"line":139,"column":33}},{"start":{"line":139,"column":37},"end":{"line":139,"column":77}}],"line":139},"12":{"loc":{"start":{"line":152,"column":4},"end":{"line":155,"column":5}},"type":"if","locations":[{"start":{"line":152,"column":4},"end":{"line":155,"column":5}},{"start":{},"end":{}}],"line":152},"13":{"loc":{"start":{"line":154,"column":22},"end":{"line":154,"column":75}},"type":"binary-expr","locations":[{"start":{"line":154,"column":22},"end":{"line":154,"column":33}},{"start":{"line":154,"column":37},"end":{"line":154,"column":75}}],"line":154}},"s":{"0":1,"1":1,"2":57,"3":57,"4":4,"5":4,"6":1,"7":3,"8":4,"9":4,"10":1,"11":3,"12":27,"13":27,"14":1,"15":1,"16":26,"17":8,"18":8,"19":2,"20":2,"21":6,"22":7,"23":7,"24":3,"25":3,"26":3,"27":3,"28":1,"29":1,"30":2,"31":4,"32":4,"33":1,"34":1,"35":3,"36":1},"f":{"0":57,"1":4,"2":4,"3":27,"4":8,"5":7,"6":3,"7":4},"b":{"0":[1,1],"1":[1,1,0],"2":[1,3],"3":[1,3],"4":[1,26],"5":[1,0],"6":[2,6],"7":[2,0],"8":[3,4],"9":[3,0],"10":[1,2],"11":[1,0],"12":[1,3],"13":[1,0]},"_coverageSchema":"1a1c01bbd47fc00a2c39e90264f33305004495a9","hash":"9fd3b54e9bb23982105fd308c765ba54fa3e8563"}
,"D:\\devel\\cflux\\frontend\\src\\services\\workflow.service.ts": {"path":"D:\\devel\\cflux\\frontend\\src\\services\\workflow.service.ts","statementMap":{"0":{"start":{"line":53,"column":31},"end":{"line":155,"column":1}},"1":{"start":{"line":56,"column":21},"end":{"line":56,"column":48}},"2":{"start":{"line":57,"column":4},"end":{"line":57,"column":25}},"3":{"start":{"line":61,"column":21},"end":{"line":61,"column":54}},"4":{"start":{"line":62,"column":4},"end":{"line":62,"column":25}},"5":{"start":{"line":66,"column":21},"end":{"line":66,"column":55}},"6":{"start":{"line":67,"column":4},"end":{"line":67,"column":25}},"7":{"start":{"line":71,"column":21},"end":{"line":71,"column":60}},"8":{"start":{"line":72,"column":4},"end":{"line":72,"column":25}},"9":{"start":{"line":76,"column":4},"end":{"line":76,"column":41}},"10":{"start":{"line":81,"column":21},"end":{"line":81,"column":75}},"11":{"start":{"line":82,"column":4},"end":{"line":82,"column":25}},"12":{"start":{"line":86,"column":21},"end":{"line":86,"column":66}},"13":{"start":{"line":87,"column":4},"end":{"line":87,"column":25}},"14":{"start":{"line":91,"column":4},"end":{"line":91,"column":47}},"15":{"start":{"line":96,"column":21},"end":{"line":100,"column":6}},"16":{"start":{"line":101,"column":4},"end":{"line":101,"column":25}},"17":{"start":{"line":105,"column":4},"end":{"line":105,"column":78}},"18":{"start":{"line":109,"column":21},"end":{"line":109,"column":72}},"19":{"start":{"line":110,"column":4},"end":{"line":110,"column":25}},"20":{"start":{"line":115,"column":21},"end":{"line":115,"column":80}},"21":{"start":{"line":116,"column":4},"end":{"line":116,"column":25}},"22":{"start":{"line":120,"column":21},"end":{"line":120,"column":93}},"23":{"start":{"line":121,"column":4},"end":{"line":121,"column":25}},"24":{"start":{"line":125,"column":21},"end":{"line":128,"column":6}},"25":{"start":{"line":129,"column":4},"end":{"line":129,"column":25}},"26":{"start":{"line":133,"column":21},"end":{"line":136,"column":6}},"27":{"start":{"line":137,"column":4},"end":{"line":137,"column":25}},"28":{"start":{"line":141,"column":21},"end":{"line":141,"column":85}},"29":{"start":{"line":142,"column":4},"end":{"line":142,"column":25}},"30":{"start":{"line":146,"column":21},"end":{"line":146,"column":61}},"31":{"start":{"line":147,"column":4},"end":{"line":147,"column":25}},"32":{"start":{"line":152,"column":21},"end":{"line":152,"column":83}},"33":{"start":{"line":153,"column":4},"end":{"line":153,"column":25}}},"fnMap":{"0":{"name":"(anonymous_0)","decl":{"start":{"line":55,"column":2},"end":{"line":55,"column":3}},"loc":{"start":{"line":55,"column":44},"end":{"line":58,"column":3}},"line":55},"1":{"name":"(anonymous_1)","decl":{"start":{"line":60,"column":2},"end":{"line":60,"column":3}},"loc":{"start":{"line":60,"column":51},"end":{"line":63,"column":3}},"line":60},"2":{"name":"(anonymous_2)","decl":{"start":{"line":65,"column":2},"end":{"line":65,"column":3}},"loc":{"start":{"line":65,"column":67},"end":{"line":68,"column":3}},"line":65},"3":{"name":"(anonymous_3)","decl":{"start":{"line":70,"column":2},"end":{"line":70,"column":3}},"loc":{"start":{"line":70,"column":79},"end":{"line":73,"column":3}},"line":70},"4":{"name":"(anonymous_4)","decl":{"start":{"line":75,"column":2},"end":{"line":75,"column":3}},"loc":{"start":{"line":75,"column":50},"end":{"line":77,"column":3}},"line":75},"5":{"name":"(anonymous_5)","decl":{"start":{"line":80,"column":2},"end":{"line":80,"column":3}},"loc":{"start":{"line":80,"column":99},"end":{"line":83,"column":3}},"line":80},"6":{"name":"(anonymous_6)","decl":{"start":{"line":85,"column":2},"end":{"line":85,"column":3}},"loc":{"start":{"line":85,"column":91},"end":{"line":88,"column":3}},"line":85},"7":{"name":"(anonymous_7)","decl":{"start":{"line":90,"column":2},"end":{"line":90,"column":3}},"loc":{"start":{"line":90,"column":54},"end":{"line":92,"column":3}},"line":90},"8":{"name":"(anonymous_8)","decl":{"start":{"line":95,"column":2},"end":{"line":95,"column":3}},"loc":{"start":{"line":95,"column":100},"end":{"line":102,"column":3}},"line":95},"9":{"name":"(anonymous_9)","decl":{"start":{"line":104,"column":2},"end":{"line":104,"column":3}},"loc":{"start":{"line":104,"column":90},"end":{"line":106,"column":3}},"line":104},"10":{"name":"(anonymous_10)","decl":{"start":{"line":108,"column":2},"end":{"line":108,"column":3}},"loc":{"start":{"line":108,"column":65},"end":{"line":111,"column":3}},"line":108},"11":{"name":"(anonymous_11)","decl":{"start":{"line":114,"column":2},"end":{"line":114,"column":3}},"loc":{"start":{"line":114,"column":84},"end":{"line":117,"column":3}},"line":114},"12":{"name":"(anonymous_12)","decl":{"start":{"line":119,"column":2},"end":{"line":119,"column":3}},"loc":{"start":{"line":119,"column":126},"end":{"line":122,"column":3}},"line":119},"13":{"name":"(anonymous_13)","decl":{"start":{"line":124,"column":2},"end":{"line":124,"column":3}},"loc":{"start":{"line":124,"column":117},"end":{"line":130,"column":3}},"line":124},"14":{"name":"(anonymous_14)","decl":{"start":{"line":132,"column":2},"end":{"line":132,"column":3}},"loc":{"start":{"line":132,"column":116},"end":{"line":138,"column":3}},"line":132},"15":{"name":"(anonymous_15)","decl":{"start":{"line":140,"column":2},"end":{"line":140,"column":3}},"loc":{"start":{"line":140,"column":127},"end":{"line":143,"column":3}},"line":140},"16":{"name":"(anonymous_16)","decl":{"start":{"line":145,"column":2},"end":{"line":145,"column":3}},"loc":{"start":{"line":145,"column":48},"end":{"line":148,"column":3}},"line":145},"17":{"name":"(anonymous_17)","decl":{"start":{"line":151,"column":2},"end":{"line":151,"column":3}},"loc":{"start":{"line":151,"column":74},"end":{"line":154,"column":3}},"line":151}},"branchMap":{},"s":{"0":1,"1":3,"2":3,"3":4,"4":3,"5":10,"6":9,"7":6,"8":5,"9":6,"10":5,"11":5,"12":2,"13":2,"14":2,"15":1,"16":1,"17":1,"18":1,"19":1,"20":1,"21":1,"22":1,"23":1,"24":4,"25":4,"26":2,"27":2,"28":1,"29":1,"30":1,"31":1,"32":1,"33":1},"f":{"0":3,"1":4,"2":10,"3":6,"4":6,"5":5,"6":2,"7":2,"8":1,"9":1,"10":1,"11":1,"12":1,"13":4,"14":2,"15":1,"16":1,"17":1},"b":{},"_coverageSchema":"1a1c01bbd47fc00a2c39e90264f33305004495a9","hash":"db189c08cd2de231dca9a711b79287992feb125d"}
,"D:\\devel\\cflux\\frontend\\src\\types\\reminder.types.ts": {"path":"D:\\devel\\cflux\\frontend\\src\\types\\reminder.types.ts","statementMap":{"0":{"start":{"line":133,"column":66},"end":{"line":137,"column":1}},"1":{"start":{"line":139,"column":68},"end":{"line":145,"column":1}}},"fnMap":{},"branchMap":{},"s":{"0":0,"1":0},"f":{},"b":{}}
}
