TN:
SF:src\services\api.ts
FN:4,(anonymous_0)
FN:24,(anonymous_1)
FNF:2
FNH:1
FNDA:18,(anonymous_0)
FNDA:0,(anonymous_1)
DA:4,18
DA:5,18
DA:6,18
DA:10,18
DA:17,18
DA:20,18
DA:24,18
DA:26,0
DA:28,0
DA:29,0
DA:30,0
DA:33,0
DA:35,0
LF:13
LH:7
BRDA:5,0,0,18
BRDA:5,0,1,18
BRDA:6,1,0,0
BRDA:6,1,1,18
BRDA:8,2,0,18
BRDA:8,2,1,0
BRDA:12,3,0,18
BRDA:12,3,1,0
BRDA:29,4,0,0
BRDA:29,4,1,0
BRF:10
BRH:5
end_of_record
TN:
SF:src\services\incident.service.ts
FN:93,(anonymous_0)
FN:99,(anonymous_1)
FN:115,(anonymous_2)
FN:122,(anonymous_3)
FN:129,(anonymous_4)
FN:136,(anonymous_5)
FN:142,(anonymous_6)
FN:153,(anonymous_7)
FN:160,(anonymous_8)
FNF:9
FNH:9
FNDA:65,(anonymous_0)
FNDA:8,(anonymous_1)
FNDA:3,(anonymous_2)
FNDA:16,(anonymous_3)
FNDA:13,(anonymous_4)
FNDA:7,(anonymous_5)
FNDA:12,(anonymous_6)
FNDA:3,(anonymous_7)
FNDA:3,(anonymous_8)
DA:4,1
DA:5,1
DA:93,1
DA:94,65
DA:95,65
DA:98,1
DA:104,8
DA:105,8
DA:106,8
DA:107,8
DA:109,8
DA:112,8
DA:116,3
DA:119,2
DA:123,16
DA:126,15
DA:130,13
DA:133,11
DA:137,7
DA:143,12
DA:150,11
DA:154,3
DA:157,3
DA:161,3
DA:164,2
LF:25
LH:25
BRDA:4,0,0,1
BRDA:4,0,1,1
BRDA:5,1,0,0
BRDA:5,1,1,1
BRDA:7,2,0,1
BRDA:7,2,1,0
BRDA:95,3,0,0
BRDA:95,3,1,65
BRDA:105,4,0,3
BRDA:105,4,1,5
BRDA:106,5,0,2
BRDA:106,5,1,6
BRDA:107,6,0,2
BRDA:107,6,1,6
BRF:14
BRH:11
end_of_record
TN:
SF:src\services\projectTimeAllocation.service.ts
FN:42,(anonymous_0)
FN:47,(anonymous_1)
FN:57,(anonymous_2)
FN:61,(anonymous_3)
FNF:4
FNH:4
FNDA:6,(anonymous_0)
FNDA:16,(anonymous_1)
FNDA:8,(anonymous_2)
FNDA:8,(anonymous_3)
DA:41,1
DA:43,6
DA:44,5
DA:51,16
DA:54,15
DA:58,8
DA:66,8
DA:69,7
LF:8
LH:8
BRF:0
BRH:0
end_of_record
TN:
SF:src\services\reminder.service.ts
FN:17,(anonymous_0)
FN:24,(anonymous_1)
FN:42,(anonymous_2)
FN:51,(anonymous_3)
FN:60,(anonymous_4)
FN:70,(anonymous_5)
FN:80,(anonymous_6)
FN:88,(anonymous_7)
FN:98,(anonymous_8)
FN:108,(anonymous_9)
FN:117,(anonymous_10)
FN:126,(anonymous_11)
FN:139,(anonymous_12)
FN:148,(anonymous_13)
FNF:14
FNH:14
FNDA:43,(anonymous_0)
FNDA:6,(anonymous_1)
FNDA:2,(anonymous_2)
FNDA:2,(anonymous_3)
FNDA:12,(anonymous_4)
FNDA:5,(anonymous_5)
FNDA:5,(anonymous_6)
FNDA:3,(anonymous_7)
FNDA:1,(anonymous_8)
FNDA:1,(anonymous_9)
FNDA:1,(anonymous_10)
FNDA:1,(anonymous_11)
FNDA:2,(anonymous_12)
FNDA:2,(anonymous_13)
DA:14,1
DA:15,1
DA:17,1
DA:18,43
DA:19,43
DA:22,1
DA:29,6
DA:30,6
DA:31,6
DA:32,6
DA:34,6
DA:38,6
DA:43,2
DA:47,1
DA:52,2
DA:56,2
DA:61,12
DA:66,11
DA:71,5
DA:76,4
DA:81,5
DA:89,3
DA:94,2
DA:99,1
DA:104,1
DA:109,1
DA:113,1
DA:118,1
DA:122,1
DA:130,1
DA:135,1
DA:140,2
DA:144,2
DA:149,2
DA:156,1
LF:35
LH:35
BRDA:14,0,0,1
BRDA:14,0,1,1
BRDA:15,1,0,1
BRDA:15,1,1,1
BRDA:15,1,2,0
BRDA:19,2,0,0
BRDA:19,2,1,43
BRDA:30,3,0,2
BRDA:30,3,1,4
BRDA:31,4,0,2
BRDA:31,4,1,4
BRDA:32,5,0,2
BRDA:32,5,1,4
BRF:13
BRH:11
end_of_record
TN:
SF:src\services\travelExpense.service.ts
FN:57,(anonymous_0)
FN:65,(anonymous_1)
FN:77,(anonymous_2)
FN:89,(anonymous_3)
FN:104,(anonymous_4)
FN:119,(anonymous_5)
FN:131,(anonymous_6)
FN:145,(anonymous_7)
FNF:8
FNH:8
FNDA:57,(anonymous_0)
FNDA:4,(anonymous_1)
FNDA:4,(anonymous_2)
FNDA:27,(anonymous_3)
FNDA:8,(anonymous_4)
FNDA:7,(anonymous_5)
FNDA:3,(anonymous_6)
FNDA:4,(anonymous_7)
DA:2,1
DA:3,1
DA:58,57
DA:59,57
DA:66,4
DA:70,4
DA:71,1
DA:74,3
DA:78,4
DA:82,4
DA:83,1
DA:86,3
DA:90,27
DA:96,27
DA:97,1
DA:98,1
DA:101,26
DA:105,8
DA:111,8
DA:112,2
DA:113,2
DA:116,6
DA:120,7
DA:125,7
DA:126,3
DA:127,3
DA:132,3
DA:137,3
DA:138,1
DA:139,1
DA:142,2
DA:146,4
DA:152,4
DA:153,1
DA:154,1
DA:157,3
DA:161,1
LF:37
LH:37
BRDA:2,0,0,1
BRDA:2,0,1,1
BRDA:3,1,0,1
BRDA:3,1,1,1
BRDA:3,1,2,0
BRDA:70,2,0,1
BRDA:70,2,1,3
BRDA:82,3,0,1
BRDA:82,3,1,3
BRDA:96,4,0,1
BRDA:96,4,1,26
BRDA:98,5,0,1
BRDA:98,5,1,0
BRDA:111,6,0,2
BRDA:111,6,1,6
BRDA:113,7,0,2
BRDA:113,7,1,0
BRDA:125,8,0,3
BRDA:125,8,1,4
BRDA:127,9,0,3
BRDA:127,9,1,0
BRDA:137,10,0,1
BRDA:137,10,1,2
BRDA:139,11,0,1
BRDA:139,11,1,0
BRDA:152,12,0,1
BRDA:152,12,1,3
BRDA:154,13,0,1
BRDA:154,13,1,0
BRF:29
BRH:23
end_of_record
TN:
SF:src\services\workflow.service.ts
FN:55,(anonymous_0)
FN:60,(anonymous_1)
FN:65,(anonymous_2)
FN:70,(anonymous_3)
FN:75,(anonymous_4)
FN:80,(anonymous_5)
FN:85,(anonymous_6)
FN:90,(anonymous_7)
FN:95,(anonymous_8)
FN:104,(anonymous_9)
FN:108,(anonymous_10)
FN:114,(anonymous_11)
FN:119,(anonymous_12)
FN:124,(anonymous_13)
FN:132,(anonymous_14)
FN:140,(anonymous_15)
FN:145,(anonymous_16)
FN:151,(anonymous_17)
FNF:18
FNH:18
FNDA:3,(anonymous_0)
FNDA:4,(anonymous_1)
FNDA:10,(anonymous_2)
FNDA:6,(anonymous_3)
FNDA:6,(anonymous_4)
FNDA:5,(anonymous_5)
FNDA:2,(anonymous_6)
FNDA:2,(anonymous_7)
FNDA:1,(anonymous_8)
FNDA:1,(anonymous_9)
FNDA:1,(anonymous_10)
FNDA:1,(anonymous_11)
FNDA:1,(anonymous_12)
FNDA:4,(anonymous_13)
FNDA:2,(anonymous_14)
FNDA:1,(anonymous_15)
FNDA:1,(anonymous_16)
FNDA:1,(anonymous_17)
DA:53,1
DA:56,3
DA:57,3
DA:61,4
DA:62,3
DA:66,10
DA:67,9
DA:71,6
DA:72,5
DA:76,6
DA:81,5
DA:82,5
DA:86,2
DA:87,2
DA:91,2
DA:96,1
DA:101,1
DA:105,1
DA:109,1
DA:110,1
DA:115,1
DA:116,1
DA:120,1
DA:121,1
DA:125,4
DA:129,4
DA:133,2
DA:137,2
DA:141,1
DA:142,1
DA:146,1
DA:147,1
DA:152,1
DA:153,1
LF:34
LH:34
BRF:0
BRH:0
end_of_record
TN:
SF:src\types\reminder.types.ts
FNF:0
FNH:0
DA:133,0
DA:139,0
LF:2
LH:0
BRF:0
BRH:0
end_of_record
