TN:
SF:src\__tests__\helpers.ts
FN:19,(anonymous_1)
FN:28,(anonymous_2)
FN:58,(anonymous_3)
FNF:3
FNH:0
FNDA:0,(anonymous_1)
FNDA:0,(anonymous_2)
FNDA:0,(anonymous_3)
DA:1,0
DA:19,0
DA:20,0
DA:28,0
DA:29,0
DA:31,0
DA:32,0
DA:35,0
DA:37,0
DA:39,0
DA:41,0
DA:42,0
DA:45,0
DA:51,0
DA:53,0
DA:58,0
DA:59,0
DA:60,0
DA:62,0
LF:19
LH:0
BRDA:19,0,0,0
BRDA:19,1,0,0
BRDA:22,2,0,0
BRDA:22,2,1,0
BRDA:31,3,0,0
BRDA:41,4,0,0
BRDA:59,5,0,0
BRF:7
BRH:0
end_of_record
TN:
SF:src\controllers\absence.controller.ts
FN:7,(anonymous_0)
FN:40,(anonymous_1)
FN:56,(anonymous_2)
FN:87,(anonymous_3)
FN:130,(anonymous_4)
FN:161,(anonymous_5)
FNF:6
FNH:0
FNDA:0,(anonymous_0)
FNDA:0,(anonymous_1)
FNDA:0,(anonymous_2)
FNDA:0,(anonymous_3)
FNDA:0,(anonymous_4)
FNDA:0,(anonymous_5)
DA:2,0
DA:5,0
DA:7,0
DA:8,0
DA:9,0
DA:10,0
DA:12,0
DA:33,0
DA:35,0
DA:36,0
DA:40,0
DA:41,0
DA:42,0
DA:44,0
DA:49,0
DA:51,0
DA:52,0
DA:56,0
DA:57,0
DA:58,0
DA:60,0
DA:61,0
DA:62,0
DA:65,0
DA:80,0
DA:82,0
DA:83,0
DA:87,0
DA:88,0
DA:89,0
DA:90,0
DA:92,0
DA:112,0
DA:113,0
DA:123,0
DA:125,0
DA:126,0
DA:130,0
DA:131,0
DA:132,0
DA:133,0
DA:135,0
DA:154,0
DA:156,0
DA:157,0
DA:161,0
DA:162,0
DA:163,0
DA:165,0
DA:167,0
DA:169,0
DA:170,0
LF:52
LH:0
BRDA:61,0,0,0
BRDA:112,1,0,0
BRF:2
BRH:0
end_of_record
TN:
SF:src\controllers\action.controller.ts
FN:12,(anonymous_0)
FN:32,(anonymous_1)
FN:53,(anonymous_2)
FN:67,(anonymous_3)
FN:83,(anonymous_4)
FN:101,(anonymous_5)
FN:115,(anonymous_6)
FN:131,(anonymous_7)
FN:147,(anonymous_8)
FN:163,(anonymous_9)
FN:179,(anonymous_10)
FN:198,(anonymous_11)
FN:228,(anonymous_12)
FN:251,(anonymous_13)
FN:270,(anonymous_14)
FNF:15
FNH:0
FNDA:0,(anonymous_0)
FNDA:0,(anonymous_1)
FNDA:0,(anonymous_2)
FNDA:0,(anonymous_3)
FNDA:0,(anonymous_4)
FNDA:0,(anonymous_5)
FNDA:0,(anonymous_6)
FNDA:0,(anonymous_7)
FNDA:0,(anonymous_8)
FNDA:0,(anonymous_9)
FNDA:0,(anonymous_10)
FNDA:0,(anonymous_11)
FNDA:0,(anonymous_12)
FNDA:0,(anonymous_13)
FNDA:0,(anonymous_14)
DA:2,0
DA:5,0
DA:13,0
DA:14,0
DA:16,0
DA:21,0
DA:23,0
DA:24,0
DA:33,0
DA:34,0
DA:36,0
DA:38,0
DA:39,0
DA:42,0
DA:44,0
DA:45,0
DA:54,0
DA:55,0
DA:56,0
DA:58,0
DA:59,0
DA:68,0
DA:69,0
DA:71,0
DA:72,0
DA:74,0
DA:75,0
DA:84,0
DA:85,0
DA:87,0
DA:88,0
DA:90,0
DA:91,0
DA:102,0
DA:103,0
DA:104,0
DA:106,0
DA:107,0
DA:116,0
DA:117,0
DA:119,0
DA:120,0
DA:122,0
DA:123,0
DA:132,0
DA:133,0
DA:135,0
DA:136,0
DA:138,0
DA:139,0
DA:148,0
DA:149,0
DA:151,0
DA:152,0
DA:154,0
DA:155,0
DA:164,0
DA:165,0
DA:167,0
DA:168,0
DA:170,0
DA:171,0
DA:180,0
DA:181,0
DA:182,0
DA:184,0
DA:185,0
DA:187,0
DA:188,0
DA:199,0
DA:200,0
DA:201,0
DA:204,0
DA:209,0
DA:215,0
DA:217,0
DA:218,0
DA:229,0
DA:230,0
DA:232,0
DA:240,0
DA:242,0
DA:243,0
DA:252,0
DA:253,0
DA:255,0
DA:259,0
DA:261,0
DA:262,0
DA:271,0
DA:272,0
DA:273,0
DA:278,0
DA:279,0
LF:94
LH:0
BRDA:18,0,0,0
BRDA:18,0,1,0
BRDA:38,1,0,0
BRDA:212,2,0,0
BRDA:212,2,1,0
BRDA:235,3,0,0
BRDA:235,3,1,0
BRDA:236,4,0,0
BRDA:236,4,1,0
BRDA:237,5,0,0
BRDA:237,5,1,0
BRF:11
BRH:0
end_of_record
TN:
SF:src\controllers\article.controller.ts
FN:7,(anonymous_0)
FN:44,(anonymous_1)
FN:66,(anonymous_2)
FN:108,(anonymous_3)
FN:148,(anonymous_4)
FNF:5
FNH:0
FNDA:0,(anonymous_0)
FNDA:0,(anonymous_1)
FNDA:0,(anonymous_2)
FNDA:0,(anonymous_3)
FNDA:0,(anonymous_4)
DA:2,0
DA:5,0
DA:7,0
DA:8,0
DA:9,0
DA:11,0
DA:13,0
DA:14,0
DA:21,0
DA:22,0
DA:25,0
DA:26,0
DA:29,0
DA:37,0
DA:39,0
DA:40,0
DA:44,0
DA:45,0
DA:46,0
DA:48,0
DA:55,0
DA:56,0
DA:59,0
DA:61,0
DA:62,0
DA:66,0
DA:67,0
DA:78,0
DA:80,0
DA:81,0
DA:84,0
DA:101,0
DA:103,0
DA:104,0
DA:108,0
DA:109,0
DA:110,0
DA:121,0
DA:123,0
DA:141,0
DA:143,0
DA:144,0
DA:148,0
DA:149,0
DA:150,0
DA:152,0
DA:156,0
DA:157,0
DA:160,0
DA:164,0
DA:166,0
DA:167,0
LF:52
LH:0
BRDA:13,0,0,0
BRDA:21,1,0,0
BRDA:25,2,0,0
BRDA:55,3,0,0
BRDA:80,4,0,0
BRDA:80,5,0,0
BRDA:80,5,1,0
BRDA:90,6,0,0
BRDA:90,6,1,0
BRDA:91,7,0,0
BRDA:91,7,1,0
BRDA:92,8,0,0
BRDA:92,8,1,0
BRDA:94,9,0,0
BRDA:94,9,1,0
BRDA:156,10,0,0
BRF:16
BRH:0
end_of_record
TN:
SF:src\controllers\articleGroup.controller.ts
FN:7,(anonymous_0)
FN:35,(anonymous_1)
FN:57,(anonymous_2)
FN:80,(anonymous_3)
FN:97,(anonymous_4)
FNF:5
FNH:0
FNDA:0,(anonymous_0)
FNDA:0,(anonymous_1)
FNDA:0,(anonymous_2)
FNDA:0,(anonymous_3)
FNDA:0,(anonymous_4)
DA:2,0
DA:5,0
DA:7,0
DA:8,0
DA:9,0
DA:11,0
DA:13,0
DA:14,0
DA:17,0
DA:28,0
DA:30,0
DA:31,0
DA:35,0
DA:36,0
DA:37,0
DA:39,0
DA:46,0
DA:47,0
DA:50,0
DA:52,0
DA:53,0
DA:57,0
DA:58,0
DA:59,0
DA:61,0
DA:62,0
DA:65,0
DA:73,0
DA:75,0
DA:76,0
DA:80,0
DA:81,0
DA:82,0
DA:83,0
DA:85,0
DA:90,0
DA:92,0
DA:93,0
DA:97,0
DA:98,0
DA:99,0
DA:101,0
DA:106,0
DA:107,0
DA:110,0
DA:111,0
DA:116,0
DA:120,0
DA:122,0
DA:123,0
LF:50
LH:0
BRDA:13,0,0,0
BRDA:46,1,0,0
BRDA:61,2,0,0
BRDA:69,3,0,0
BRDA:69,3,1,0
BRDA:106,4,0,0
BRDA:110,5,0,0
BRF:7
BRH:0
end_of_record
TN:
SF:src\controllers\auth.controller.ts
FN:11,(anonymous_1)
FN:108,(anonymous_2)
FNF:2
FNH:0
FNDA:0,(anonymous_1)
FNDA:0,(anonymous_2)
DA:2,0
DA:3,0
DA:4,0
DA:5,0
DA:7,0
DA:9,0
DA:11,0
DA:12,0
DA:13,0
DA:14,0
DA:15,0
DA:18,0
DA:20,0
DA:21,0
DA:22,0
DA:25,0
DA:28,0
DA:29,0
DA:31,0
DA:32,0
DA:34,0
DA:39,0
DA:50,0
DA:51,0
DA:53,0
DA:54,0
DA:56,0
DA:57,0
DA:60,0
DA:64,0
DA:68,0
DA:75,0
DA:76,0
DA:87,0
DA:90,0
DA:103,0
DA:104,0
DA:108,0
DA:109,0
DA:110,0
DA:111,0
DA:112,0
DA:115,0
DA:117,0
DA:118,0
DA:119,0
DA:122,0
DA:123,0
DA:126,0
DA:127,0
DA:128,0
DA:131,0
DA:135,0
DA:142,0
DA:143,0
DA:152,0
DA:156,0
DA:168,0
DA:169,0
LF:59
LH:0
BRDA:14,0,0,0
BRDA:21,1,0,0
BRDA:29,2,0,0
BRDA:29,3,0,0
BRDA:29,3,1,0
BRDA:31,4,0,0
BRDA:31,4,1,0
BRDA:31,5,0,0
BRDA:31,5,1,0
BRDA:45,6,0,0
BRDA:45,6,1,0
BRDA:46,7,0,0
BRDA:46,7,1,0
BRDA:50,8,0,0
BRDA:53,9,0,0
BRDA:56,10,0,0
BRDA:111,11,0,0
BRDA:118,12,0,0
BRDA:122,13,0,0
BRDA:127,14,0,0
BRDA:163,15,0,0
BRDA:163,15,1,0
BRF:22
BRH:0
end_of_record
TN:
SF:src\controllers\backup.controller.ts
FN:18,(anonymous_1)
FN:175,(anonymous_2)
FN:178,(anonymous_3)
FN:179,(anonymous_4)
FN:189,(anonymous_5)
FN:198,(anonymous_6)
FN:220,(anonymous_7)
FN:244,(anonymous_8)
FN:590,(anonymous_9)
FN:593,(anonymous_10)
FN:594,(anonymous_11)
FN:597,(anonymous_12)
FN:597,(anonymous_13)
FN:604,(anonymous_14)
FN:604,(anonymous_15)
FN:609,(anonymous_16)
FN:610,(anonymous_17)
FN:653,(anonymous_18)
FN:679,(anonymous_19)
FNF:19
FNH:0
FNDA:0,(anonymous_1)
FNDA:0,(anonymous_2)
FNDA:0,(anonymous_3)
FNDA:0,(anonymous_4)
FNDA:0,(anonymous_5)
FNDA:0,(anonymous_6)
FNDA:0,(anonymous_7)
FNDA:0,(anonymous_8)
FNDA:0,(anonymous_9)
FNDA:0,(anonymous_10)
FNDA:0,(anonymous_11)
FNDA:0,(anonymous_12)
FNDA:0,(anonymous_13)
FNDA:0,(anonymous_14)
FNDA:0,(anonymous_15)
FNDA:0,(anonymous_16)
FNDA:0,(anonymous_17)
FNDA:0,(anonymous_18)
FNDA:0,(anonymous_19)
DA:2,0
DA:3,0
DA:4,0
DA:5,0
DA:6,0
DA:8,0
DA:9,0
DA:11,0
DA:14,0
DA:15,0
DA:18,0
DA:19,0
DA:20,0
DA:21,0
DA:22,0
DA:60,0
DA:97,0
DA:160,0
DA:162,0
DA:170,0
DA:171,0
DA:175,0
DA:176,0
DA:177,0
DA:178,0
DA:180,0
DA:181,0
DA:182,0
DA:189,0
DA:191,0
DA:193,0
DA:194,0
DA:198,0
DA:199,0
DA:200,0
DA:203,0
DA:204,0
DA:207,0
DA:209,0
DA:210,0
DA:213,0
DA:215,0
DA:216,0
DA:220,0
DA:221,0
DA:222,0
DA:225,0
DA:226,0
DA:229,0
DA:231,0
DA:232,0
DA:235,0
DA:237,0
DA:239,0
DA:240,0
DA:244,0
DA:245,0
DA:246,0
DA:249,0
DA:250,0
DA:253,0
DA:255,0
DA:256,0
DA:260,0
DA:262,0
DA:263,0
DA:264,0
DA:267,0
DA:270,0
DA:271,0
DA:272,0
DA:273,0
DA:274,0
DA:276,0
DA:277,0
DA:279,0
DA:280,0
DA:282,0
DA:283,0
DA:284,0
DA:286,0
DA:287,0
DA:289,0
DA:290,0
DA:291,0
DA:292,0
DA:294,0
DA:295,0
DA:296,0
DA:298,0
DA:299,0
DA:301,0
DA:302,0
DA:305,0
DA:306,0
DA:307,0
DA:309,0
DA:310,0
DA:312,0
DA:313,0
DA:315,0
DA:318,0
DA:320,0
DA:323,0
DA:325,0
DA:328,0
DA:329,0
DA:330,0
DA:332,0
DA:333,0
DA:336,0
DA:337,0
DA:338,0
DA:340,0
DA:341,0
DA:344,0
DA:345,0
DA:346,0
DA:348,0
DA:349,0
DA:352,0
DA:353,0
DA:354,0
DA:356,0
DA:357,0
DA:360,0
DA:361,0
DA:362,0
DA:364,0
DA:365,0
DA:368,0
DA:369,0
DA:370,0
DA:372,0
DA:373,0
DA:377,0
DA:378,0
DA:379,0
DA:381,0
DA:382,0
DA:385,0
DA:386,0
DA:387,0
DA:389,0
DA:390,0
DA:394,0
DA:395,0
DA:396,0
DA:398,0
DA:399,0
DA:402,0
DA:403,0
DA:404,0
DA:406,0
DA:407,0
DA:411,0
DA:412,0
DA:413,0
DA:415,0
DA:416,0
DA:419,0
DA:420,0
DA:421,0
DA:423,0
DA:424,0
DA:427,0
DA:428,0
DA:429,0
DA:431,0
DA:432,0
DA:436,0
DA:437,0
DA:438,0
DA:440,0
DA:441,0
DA:444,0
DA:445,0
DA:446,0
DA:448,0
DA:449,0
DA:452,0
DA:453,0
DA:454,0
DA:456,0
DA:457,0
DA:460,0
DA:461,0
DA:462,0
DA:464,0
DA:465,0
DA:469,0
DA:470,0
DA:471,0
DA:473,0
DA:474,0
DA:477,0
DA:478,0
DA:479,0
DA:481,0
DA:482,0
DA:486,0
DA:487,0
DA:488,0
DA:490,0
DA:491,0
DA:494,0
DA:495,0
DA:496,0
DA:498,0
DA:499,0
DA:502,0
DA:503,0
DA:504,0
DA:506,0
DA:507,0
DA:511,0
DA:512,0
DA:513,0
DA:515,0
DA:516,0
DA:519,0
DA:520,0
DA:521,0
DA:523,0
DA:524,0
DA:528,0
DA:529,0
DA:530,0
DA:532,0
DA:533,0
DA:536,0
DA:537,0
DA:538,0
DA:540,0
DA:541,0
DA:545,0
DA:546,0
DA:547,0
DA:549,0
DA:550,0
DA:553,0
DA:554,0
DA:555,0
DA:557,0
DA:558,0
DA:561,0
DA:562,0
DA:563,0
DA:565,0
DA:566,0
DA:569,0
DA:570,0
DA:571,0
DA:573,0
DA:574,0
DA:577,0
DA:578,0
DA:579,0
DA:581,0
DA:582,0
DA:586,0
DA:588,0
DA:589,0
DA:590,0
DA:593,0
DA:594,0
DA:595,0
DA:597,0
DA:598,0
DA:604,0
DA:605,0
DA:609,0
DA:610,0
DA:611,0
DA:616,0
DA:617,0
DA:619,0
DA:620,0
DA:623,0
DA:624,0
DA:625,0
DA:627,0
DA:628,0
DA:631,0
DA:632,0
DA:633,0
DA:635,0
DA:636,0
DA:639,0
DA:641,0
DA:648,0
DA:649,0
DA:653,0
DA:654,0
DA:655,0
DA:656,0
DA:659,0
DA:660,0
DA:661,0
DA:662,0
DA:665,0
DA:667,0
DA:674,0
DA:675,0
DA:679,0
DA:680,0
DA:695,0
DA:722,0
DA:739,0
DA:740,0
DA:741,0
DA:743,0
DA:744,0
LF:313
LH:0
BRDA:11,0,0,0
BRDA:11,0,1,0
BRDA:14,1,0,0
BRDA:178,2,0,0
BRDA:178,2,1,0
BRDA:203,3,0,0
BRDA:203,4,0,0
BRDA:203,4,1,0
BRDA:203,4,2,0
BRDA:209,5,0,0
BRDA:225,6,0,0
BRDA:225,7,0,0
BRDA:225,7,1,0
BRDA:225,7,2,0
BRDA:231,8,0,0
BRDA:249,9,0,0
BRDA:249,10,0,0
BRDA:249,10,1,0
BRDA:249,10,2,0
BRDA:255,11,0,0
BRDA:328,12,0,0
BRDA:336,13,0,0
BRDA:344,14,0,0
BRDA:352,15,0,0
BRDA:360,16,0,0
BRDA:368,17,0,0
BRDA:377,18,0,0
BRDA:385,19,0,0
BRDA:394,20,0,0
BRDA:402,21,0,0
BRDA:411,22,0,0
BRDA:419,23,0,0
BRDA:427,24,0,0
BRDA:436,25,0,0
BRDA:444,26,0,0
BRDA:452,27,0,0
BRDA:460,28,0,0
BRDA:469,29,0,0
BRDA:477,30,0,0
BRDA:486,31,0,0
BRDA:494,32,0,0
BRDA:502,33,0,0
BRDA:511,34,0,0
BRDA:519,35,0,0
BRDA:528,36,0,0
BRDA:536,37,0,0
BRDA:545,38,0,0
BRDA:553,39,0,0
BRDA:561,40,0,0
BRDA:569,41,0,0
BRDA:577,42,0,0
BRDA:586,43,0,0
BRDA:594,44,0,0
BRDA:610,45,0,0
BRDA:623,46,0,0
BRDA:631,47,0,0
BRDA:655,48,0,0
BRDA:660,49,0,0
BRDA:660,49,1,0
BRF:59
BRH:0
end_of_record
TN:
SF:src\controllers\compliance.controller.ts
FN:8,(anonymous_0)
FN:46,(anonymous_1)
FN:68,(anonymous_2)
FN:69,(anonymous_3)
FN:80,(anonymous_4)
FN:82,(anonymous_5)
FN:140,getAdditionalCantonalHolidays
FN:145,(anonymous_7)
FN:156,(anonymous_8)
FN:197,(anonymous_9)
FN:210,getFirstWeekdayOfMonth
FN:218,getGenevaBettag
FN:227,getBettagsMontag
FN:239,(anonymous_13)
FN:289,(anonymous_14)
FN:316,(anonymous_15)
FN:375,(anonymous_16)
FN:405,(anonymous_17)
FN:426,(anonymous_18)
FN:460,(anonymous_19)
FN:482,(anonymous_20)
FN:523,(anonymous_21)
FN:571,(anonymous_22)
FN:577,(anonymous_23)
FN:578,(anonymous_24)
FN:586,(anonymous_25)
FNF:26
FNH:0
FNDA:0,(anonymous_0)
FNDA:0,(anonymous_1)
FNDA:0,(anonymous_2)
FNDA:0,(anonymous_3)
FNDA:0,(anonymous_4)
FNDA:0,(anonymous_5)
FNDA:0,getAdditionalCantonalHolidays
FNDA:0,(anonymous_7)
FNDA:0,(anonymous_8)
FNDA:0,(anonymous_9)
FNDA:0,getFirstWeekdayOfMonth
FNDA:0,getGenevaBettag
FNDA:0,getBettagsMontag
FNDA:0,(anonymous_13)
FNDA:0,(anonymous_14)
FNDA:0,(anonymous_15)
FNDA:0,(anonymous_16)
FNDA:0,(anonymous_17)
FNDA:0,(anonymous_18)
FNDA:0,(anonymous_19)
FNDA:0,(anonymous_20)
FNDA:0,(anonymous_21)
FNDA:0,(anonymous_22)
FNDA:0,(anonymous_23)
FNDA:0,(anonymous_24)
FNDA:0,(anonymous_25)
DA:3,0
DA:5,0
DA:8,0
DA:9,0
DA:10,0
DA:12,0
DA:13,0
DA:16,0
DA:17,0
DA:19,0
DA:27,0
DA:28,0
DA:33,0
DA:38,0
DA:40,0
DA:41,0
DA:46,0
DA:47,0
DA:48,0
DA:50,0
DA:51,0
DA:54,0
DA:57,0
DA:59,0
DA:60,0
DA:63,0
DA:64,0
DA:67,0
DA:68,0
DA:69,0
DA:76,0
DA:79,0
DA:80,0
DA:81,0
DA:82,0
DA:84,0
DA:85,0
DA:95,0
DA:98,0
DA:99,0
DA:101,0
DA:104,0
DA:113,0
DA:116,0
DA:121,0
DA:123,0
DA:134,0
DA:135,0
DA:141,0
DA:144,0
DA:145,0
DA:146,0
DA:155,0
DA:156,0
DA:157,0
DA:166,0
DA:167,0
DA:179,0
DA:187,0
DA:188,0
DA:196,0
DA:197,0
DA:198,0
DA:206,0
DA:211,0
DA:212,0
DA:213,0
DA:215,0
DA:220,0
DA:222,0
DA:223,0
DA:224,0
DA:229,0
DA:230,0
DA:231,0
DA:233,0
DA:234,0
DA:235,0
DA:239,0
DA:240,0
DA:241,0
DA:243,0
DA:245,0
DA:246,0
DA:247,0
DA:249,0
DA:252,0
DA:253,0
DA:256,0
DA:257,0
DA:260,0
DA:261,0
DA:262,0
DA:263,0
DA:266,0
DA:281,0
DA:283,0
DA:284,0
DA:289,0
DA:290,0
DA:291,0
DA:292,0
DA:294,0
DA:295,0
DA:298,0
DA:308,0
DA:310,0
DA:311,0
DA:316,0
DA:317,0
DA:318,0
DA:320,0
DA:324,0
DA:326,0
DA:347,0
DA:348,0
DA:367,0
DA:369,0
DA:370,0
DA:375,0
DA:376,0
DA:377,0
DA:378,0
DA:381,0
DA:383,0
DA:384,0
DA:387,0
DA:396,0
DA:397,0
DA:399,0
DA:400,0
DA:405,0
DA:406,0
DA:407,0
DA:408,0
DA:411,0
DA:413,0
DA:417,0
DA:418,0
DA:420,0
DA:421,0
DA:426,0
DA:427,0
DA:456,0
DA:460,0
DA:461,0
DA:462,0
DA:463,0
DA:466,0
DA:468,0
DA:469,0
DA:474,0
DA:476,0
DA:477,0
DA:482,0
DA:483,0
DA:484,0
DA:485,0
DA:488,0
DA:490,0
DA:492,0
DA:493,0
DA:503,0
DA:515,0
DA:517,0
DA:518,0
DA:523,0
DA:524,0
DA:525,0
DA:526,0
DA:529,0
DA:530,0
DA:533,0
DA:538,0
DA:546,0
DA:553,0
DA:562,0
DA:571,0
DA:572,0
DA:577,0
DA:578,0
DA:582,0
DA:586,0
DA:593,0
DA:594,0
LF:185
LH:0
BRDA:12,0,0,0
BRDA:27,1,0,0
BRDA:50,2,0,0
BRDA:59,3,0,0
BRDA:71,4,0,0
BRDA:71,4,1,0
BRDA:81,5,0,0
BRDA:81,6,0,0
BRDA:81,6,1,0
BRDA:81,6,2,0
BRDA:87,7,0,0
BRDA:87,7,1,0
BRDA:245,8,0,0
BRDA:245,8,1,0
BRDA:245,9,0,0
BRDA:245,9,1,0
BRDA:247,10,0,0
BRDA:252,11,0,0
BRDA:256,12,0,0
BRDA:260,13,0,0
BRDA:260,14,0,0
BRDA:260,14,1,0
BRDA:262,15,0,0
BRDA:263,16,0,0
BRDA:294,17,0,0
BRDA:304,18,0,0
BRDA:304,18,1,0
BRDA:320,19,0,0
BRDA:320,19,1,0
BRDA:320,20,0,0
BRDA:320,20,1,0
BRDA:324,21,0,0
BRDA:324,21,1,0
BRDA:347,22,0,0
BRDA:377,23,0,0
BRDA:383,24,0,0
BRDA:383,25,0,0
BRDA:383,25,1,0
BRDA:383,25,2,0
BRDA:392,26,0,0
BRDA:392,26,1,0
BRDA:407,27,0,0
BRDA:462,28,0,0
BRDA:468,29,0,0
BRDA:484,30,0,0
BRDA:492,31,0,0
BRDA:492,31,1,0
BRDA:525,32,0,0
BRF:48
BRH:0
end_of_record
TN:
SF:src\controllers\costCenter.controller.ts
FN:7,(anonymous_0)
FN:42,(anonymous_1)
FN:78,(anonymous_2)
FN:121,(anonymous_3)
FN:168,(anonymous_4)
FN:185,(anonymous_5)
FN:230,(anonymous_6)
FN:239,(anonymous_7)
FN:241,(anonymous_8)
FN:242,(anonymous_9)
FN:247,(anonymous_10)
FN:249,(anonymous_11)
FN:250,(anonymous_12)
FNF:13
FNH:0
FNDA:0,(anonymous_0)
FNDA:0,(anonymous_1)
FNDA:0,(anonymous_2)
FNDA:0,(anonymous_3)
FNDA:0,(anonymous_4)
FNDA:0,(anonymous_5)
FNDA:0,(anonymous_6)
FNDA:0,(anonymous_7)
FNDA:0,(anonymous_8)
FNDA:0,(anonymous_9)
FNDA:0,(anonymous_10)
FNDA:0,(anonymous_11)
FNDA:0,(anonymous_12)
DA:2,0
DA:5,0
DA:7,0
DA:8,0
DA:9,0
DA:11,0
DA:35,0
DA:37,0
DA:38,0
DA:42,0
DA:43,0
DA:44,0
DA:46,0
DA:67,0
DA:68,0
DA:71,0
DA:73,0
DA:74,0
DA:78,0
DA:79,0
DA:80,0
DA:82,0
DA:83,0
DA:87,0
DA:91,0
DA:92,0
DA:95,0
DA:114,0
DA:116,0
DA:117,0
DA:121,0
DA:122,0
DA:123,0
DA:124,0
DA:127,0
DA:128,0
DA:135,0
DA:136,0
DA:140,0
DA:161,0
DA:163,0
DA:164,0
DA:168,0
DA:169,0
DA:170,0
DA:173,0
DA:178,0
DA:180,0
DA:181,0
DA:185,0
DA:186,0
DA:187,0
DA:188,0
DA:190,0
DA:194,0
DA:195,0
DA:201,0
DA:230,0
DA:231,0
DA:232,0
DA:233,0
DA:234,0
DA:238,0
DA:239,0
DA:241,0
DA:242,0
DA:246,0
DA:247,0
DA:249,0
DA:250,0
DA:253,0
DA:259,0
DA:260,0
LF:73
LH:0
BRDA:12,0,0,0
BRDA:12,0,1,0
BRDA:67,1,0,0
BRDA:82,2,0,0
BRDA:82,3,0,0
BRDA:82,3,1,0
BRDA:91,4,0,0
BRDA:127,5,0,0
BRDA:135,6,0,0
BRDA:194,7,0,0
BRDA:194,8,0,0
BRDA:194,8,1,0
BRDA:231,9,0,0
BRDA:233,10,0,0
BRDA:233,10,1,0
BRF:15
BRH:0
end_of_record
TN:
SF:src\controllers\customer.controller.ts
FN:7,(anonymous_0)
FN:47,(anonymous_1)
FN:84,(anonymous_2)
FN:127,(anonymous_3)
FN:168,(anonymous_4)
FNF:5
FNH:0
FNDA:0,(anonymous_0)
FNDA:0,(anonymous_1)
FNDA:0,(anonymous_2)
FNDA:0,(anonymous_3)
FNDA:0,(anonymous_4)
DA:2,0
DA:5,0
DA:7,0
DA:8,0
DA:9,0
DA:11,0
DA:13,0
DA:14,0
DA:22,0
DA:23,0
DA:26,0
DA:40,0
DA:42,0
DA:43,0
DA:47,0
DA:48,0
DA:49,0
DA:51,0
DA:73,0
DA:74,0
DA:77,0
DA:79,0
DA:80,0
DA:84,0
DA:85,0
DA:98,0
DA:100,0
DA:101,0
DA:104,0
DA:120,0
DA:122,0
DA:123,0
DA:127,0
DA:128,0
DA:129,0
DA:142,0
DA:144,0
DA:161,0
DA:163,0
DA:164,0
DA:168,0
DA:169,0
DA:170,0
DA:173,0
DA:180,0
DA:181,0
DA:184,0
DA:186,0
DA:190,0
DA:194,0
DA:198,0
DA:200,0
DA:201,0
LF:53
LH:0
BRDA:13,0,0,0
BRDA:22,1,0,0
BRDA:73,2,0,0
BRDA:100,3,0,0
BRDA:116,4,0,0
BRDA:116,4,1,0
BRDA:180,5,0,0
BRDA:184,6,0,0
BRF:8
BRH:0
end_of_record
TN:
SF:src\controllers\dashboardLayout.controller.ts
FN:8,(anonymous_0)
FN:28,(anonymous_1)
FN:61,(anonymous_2)
FNF:3
FNH:0
FNDA:0,(anonymous_0)
FNDA:0,(anonymous_1)
FNDA:0,(anonymous_2)
DA:2,0
DA:4,0
DA:6,0
DA:9,0
DA:10,0
DA:12,0
DA:16,0
DA:17,0
DA:20,0
DA:22,0
DA:23,0
DA:29,0
DA:30,0
DA:31,0
DA:34,0
DA:35,0
DA:38,0
DA:50,0
DA:55,0
DA:56,0
DA:62,0
DA:63,0
DA:65,0
DA:69,0
DA:71,0
DA:73,0
DA:75,0
DA:76,0
LF:28
LH:0
BRDA:16,0,0,0
BRDA:34,1,0,0
BRDA:34,2,0,0
BRDA:34,2,1,0
BRDA:34,2,2,0
BRDA:71,3,0,0
BRF:6
BRH:0
end_of_record
TN:
SF:src\controllers\device.controller.ts
FN:8,(anonymous_0)
FN:34,(anonymous_1)
FN:79,(anonymous_2)
FN:111,(anonymous_3)
FN:183,(anonymous_4)
FN:279,(anonymous_5)
FN:304,(anonymous_6)
FN:366,(anonymous_7)
FNF:8
FNH:0
FNDA:0,(anonymous_0)
FNDA:0,(anonymous_1)
FNDA:0,(anonymous_2)
FNDA:0,(anonymous_3)
FNDA:0,(anonymous_4)
FNDA:0,(anonymous_5)
FNDA:0,(anonymous_6)
FNDA:0,(anonymous_7)
DA:2,0
DA:5,0
DA:8,0
DA:9,0
DA:10,0
DA:26,0
DA:28,0
DA:29,0
DA:34,0
DA:35,0
DA:36,0
DA:38,0
DA:67,0
DA:68,0
DA:71,0
DA:73,0
DA:74,0
DA:79,0
DA:80,0
DA:81,0
DA:83,0
DA:103,0
DA:105,0
DA:106,0
DA:111,0
DA:112,0
DA:123,0
DA:125,0
DA:126,0
DA:130,0
DA:131,0
DA:135,0
DA:136,0
DA:140,0
DA:165,0
DA:166,0
DA:175,0
DA:177,0
DA:178,0
DA:183,0
DA:184,0
DA:185,0
DA:197,0
DA:199,0
DA:203,0
DA:204,0
DA:208,0
DA:209,0
DA:213,0
DA:214,0
DA:219,0
DA:221,0
DA:222,0
DA:234,0
DA:235,0
DA:245,0
DA:271,0
DA:273,0
DA:274,0
DA:279,0
DA:280,0
DA:281,0
DA:283,0
DA:287,0
DA:288,0
DA:292,0
DA:296,0
DA:298,0
DA:299,0
DA:304,0
DA:305,0
DA:306,0
DA:307,0
DA:309,0
DA:310,0
DA:313,0
DA:317,0
DA:318,0
DA:322,0
DA:333,0
DA:353,0
DA:358,0
DA:360,0
DA:361,0
DA:366,0
DA:367,0
DA:368,0
DA:369,0
DA:371,0
DA:375,0
DA:376,0
DA:380,0
DA:392,0
DA:397,0
DA:399,0
DA:400,0
LF:96
LH:0
BRDA:67,0,0,0
BRDA:125,1,0,0
BRDA:130,2,0,0
BRDA:135,3,0,0
BRDA:143,4,0,0
BRDA:143,4,1,0
BRDA:144,5,0,0
BRDA:144,5,1,0
BRDA:145,6,0,0
BRDA:145,6,1,0
BRDA:146,7,0,0
BRDA:146,7,1,0
BRDA:147,8,0,0
BRDA:147,8,1,0
BRDA:148,9,0,0
BRDA:148,9,1,0
BRDA:149,10,0,0
BRDA:149,10,1,0
BRDA:150,11,0,0
BRDA:150,11,1,0
BRDA:165,12,0,0
BRDA:203,13,0,0
BRDA:208,14,0,0
BRDA:208,15,0,0
BRDA:208,15,1,0
BRDA:213,16,0,0
BRDA:213,17,0,0
BRDA:213,17,1,0
BRDA:219,18,0,0
BRDA:219,19,0,0
BRDA:219,19,1,0
BRDA:221,20,0,0
BRDA:234,21,0,0
BRDA:248,22,0,0
BRDA:248,22,1,0
BRDA:249,23,0,0
BRDA:249,23,1,0
BRDA:250,24,0,0
BRDA:250,24,1,0
BRDA:251,25,0,0
BRDA:251,25,1,0
BRDA:252,26,0,0
BRDA:252,26,1,0
BRDA:253,27,0,0
BRDA:253,27,1,0
BRDA:253,28,0,0
BRDA:253,28,1,0
BRDA:254,29,0,0
BRDA:254,29,1,0
BRDA:254,30,0,0
BRDA:254,30,1,0
BRDA:255,31,0,0
BRDA:255,31,1,0
BRDA:256,32,0,0
BRDA:256,32,1,0
BRDA:257,33,0,0
BRDA:257,33,1,0
BRDA:287,34,0,0
BRDA:309,35,0,0
BRDA:317,36,0,0
BRDA:337,37,0,0
BRDA:337,37,1,0
BRDA:375,38,0,0
BRDA:387,39,0,0
BRDA:387,39,1,0
BRF:65
BRH:0
end_of_record
TN:
SF:src\controllers\documentImport.controller.ts
FN:10,formatTitle
FN:19,(anonymous_2)
FN:28,processZipEntries
FN:44,(anonymous_4)
FN:81,(anonymous_5)
FN:102,(anonymous_6)
FNF:6
FNH:0
FNDA:0,formatTitle
FNDA:0,(anonymous_2)
FNDA:0,processZipEntries
FNDA:0,(anonymous_4)
FNDA:0,(anonymous_5)
FNDA:0,(anonymous_6)
DA:2,0
DA:3,0
DA:4,0
DA:5,0
DA:7,0
DA:12,0
DA:15,0
DA:17,0
DA:19,0
DA:23,0
DA:34,0
DA:37,0
DA:39,0
DA:40,0
DA:41,0
DA:42,0
DA:44,0
DA:45,0
DA:47,0
DA:49,0
DA:50,0
DA:52,0
DA:57,0
DA:58,0
DA:59,0
DA:60,0
DA:61,0
DA:64,0
DA:66,0
DA:81,0
DA:82,0
DA:84,0
DA:85,0
DA:97,0
DA:98,0
DA:102,0
DA:103,0
DA:104,0
DA:105,0
DA:107,0
DA:108,0
DA:112,0
DA:113,0
DA:117,0
DA:118,0
DA:121,0
DA:122,0
DA:127,0
DA:128,0
DA:131,0
DA:143,0
DA:146,0
DA:148,0
DA:154,0
DA:155,0
LF:55
LH:0
BRDA:15,0,0,0
BRDA:15,0,1,0
BRDA:40,1,0,0
BRDA:42,2,0,0
BRDA:45,3,0,0
BRDA:47,4,0,0
BRDA:47,4,1,0
BRDA:49,5,0,0
BRDA:57,6,0,0
BRDA:57,6,1,0
BRDA:59,7,0,0
BRDA:59,8,0,0
BRDA:59,8,1,0
BRDA:107,9,0,0
BRDA:112,10,0,0
BRDA:117,11,0,0
BRDA:121,12,0,0
BRDA:136,13,0,0
BRDA:136,13,1,0
BRF:19
BRH:0
end_of_record
TN:
SF:src\controllers\documentNode.controller.ts
FN:13,hasNodeAccess
FN:25,(anonymous_1)
FN:56,filterNodesByAccess
FN:72,(anonymous_3)
FN:113,(anonymous_4)
FN:115,(anonymous_5)
FN:116,(anonymous_6)
FN:133,(anonymous_7)
FN:192,(anonymous_8)
FN:233,(anonymous_9)
FN:276,(anonymous_10)
FN:381,(anonymous_11)
FN:493,(anonymous_12)
FN:521,(anonymous_13)
FN:554,(anonymous_14)
FN:656,(anonymous_15)
FN:703,(anonymous_16)
FN:744,(anonymous_17)
FN:821,(anonymous_18)
FN:854,(anonymous_19)
FN:878,(anonymous_20)
FNF:21
FNH:0
FNDA:0,hasNodeAccess
FNDA:0,(anonymous_1)
FNDA:0,filterNodesByAccess
FNDA:0,(anonymous_3)
FNDA:0,(anonymous_4)
FNDA:0,(anonymous_5)
FNDA:0,(anonymous_6)
FNDA:0,(anonymous_7)
FNDA:0,(anonymous_8)
FNDA:0,(anonymous_9)
FNDA:0,(anonymous_10)
FNDA:0,(anonymous_11)
FNDA:0,(anonymous_12)
FNDA:0,(anonymous_13)
FNDA:0,(anonymous_14)
FNDA:0,(anonymous_15)
FNDA:0,(anonymous_16)
FNDA:0,(anonymous_17)
FNDA:0,(anonymous_18)
FNDA:0,(anonymous_19)
FNDA:0,(anonymous_20)
DA:2,0
DA:4,0
DA:5,0
DA:7,0
DA:15,0
DA:25,0
DA:28,0
DA:33,0
DA:34,0
DA:38,0
DA:39,0
DA:41,0
DA:42,0
DA:43,0
DA:44,0
DA:45,0
DA:50,0
DA:57,0
DA:59,0
DA:60,0
DA:61,0
DA:62,0
DA:66,0
DA:72,0
DA:73,0
DA:74,0
DA:77,0
DA:78,0
DA:79,0
DA:82,0
DA:110,0
DA:113,0
DA:114,0
DA:115,0
DA:116,0
DA:122,0
DA:123,0
DA:125,0
DA:126,0
DA:133,0
DA:134,0
DA:135,0
DA:136,0
DA:138,0
DA:139,0
DA:140,0
DA:144,0
DA:145,0
DA:146,0
DA:149,0
DA:178,0
DA:179,0
DA:182,0
DA:184,0
DA:185,0
DA:192,0
DA:193,0
DA:194,0
DA:195,0
DA:197,0
DA:198,0
DA:199,0
DA:203,0
DA:204,0
DA:205,0
DA:208,0
DA:215,0
DA:216,0
DA:219,0
DA:220,0
DA:223,0
DA:225,0
DA:226,0
DA:233,0
DA:234,0
DA:235,0
DA:236,0
DA:238,0
DA:239,0
DA:240,0
DA:243,0
DA:244,0
DA:246,0
DA:247,0
DA:260,0
DA:262,0
DA:263,0
DA:266,0
DA:268,0
DA:269,0
DA:276,0
DA:277,0
DA:278,0
DA:280,0
DA:281,0
DA:282,0
DA:291,0
DA:293,0
DA:294,0
DA:297,0
DA:298,0
DA:302,0
DA:303,0
DA:304,0
DA:310,0
DA:313,0
DA:344,0
DA:345,0
DA:356,0
DA:357,0
DA:367,0
DA:371,0
DA:373,0
DA:374,0
DA:381,0
DA:382,0
DA:383,0
DA:384,0
DA:386,0
DA:387,0
DA:388,0
DA:392,0
DA:393,0
DA:394,0
DA:397,0
DA:404,0
DA:405,0
DA:412,0
DA:414,0
DA:419,0
DA:420,0
DA:423,0
DA:424,0
DA:427,0
DA:432,0
DA:434,0
DA:444,0
DA:468,0
DA:469,0
DA:479,0
DA:483,0
DA:485,0
DA:486,0
DA:493,0
DA:494,0
DA:495,0
DA:496,0
DA:498,0
DA:499,0
DA:500,0
DA:504,0
DA:505,0
DA:506,0
DA:509,0
DA:516,0
DA:517,0
DA:521,0
DA:522,0
DA:529,0
DA:530,0
DA:533,0
DA:542,0
DA:544,0
DA:546,0
DA:547,0
DA:554,0
DA:555,0
DA:556,0
DA:557,0
DA:559,0
DA:560,0
DA:561,0
DA:564,0
DA:566,0
DA:573,0
DA:574,0
DA:578,0
DA:579,0
DA:587,0
DA:588,0
DA:592,0
DA:593,0
DA:594,0
DA:595,0
DA:597,0
DA:600,0
DA:601,0
DA:606,0
DA:607,0
DA:608,0
DA:615,0
DA:618,0
DA:646,0
DA:648,0
DA:649,0
DA:656,0
DA:657,0
DA:658,0
DA:659,0
DA:661,0
DA:662,0
DA:663,0
DA:666,0
DA:674,0
DA:675,0
DA:678,0
DA:693,0
DA:695,0
DA:696,0
DA:703,0
DA:704,0
DA:705,0
DA:706,0
DA:708,0
DA:709,0
DA:710,0
DA:713,0
DA:730,0
DA:731,0
DA:734,0
DA:736,0
DA:737,0
DA:744,0
DA:745,0
DA:746,0
DA:747,0
DA:749,0
DA:750,0
DA:751,0
DA:754,0
DA:761,0
DA:762,0
DA:766,0
DA:771,0
DA:774,0
DA:784,0
DA:811,0
DA:813,0
DA:814,0
DA:821,0
DA:822,0
DA:823,0
DA:824,0
DA:826,0
DA:827,0
DA:828,0
DA:831,0
DA:844,0
DA:846,0
DA:847,0
DA:854,0
DA:855,0
DA:856,0
DA:857,0
DA:859,0
DA:860,0
DA:861,0
DA:864,0
DA:866,0
DA:867,0
DA:871,0
DA:876,0
DA:877,0
DA:878,0
DA:888,0
DA:901,0
DA:903,0
DA:904,0
LF:268
LH:0
BRDA:13,0,0,0
BRDA:33,1,0,0
BRDA:42,2,0,0
BRDA:44,3,0,0
BRDA:61,4,0,0
BRDA:78,5,0,0
BRDA:139,6,0,0
BRDA:145,7,0,0
BRDA:178,8,0,0
BRDA:198,9,0,0
BRDA:204,10,0,0
BRDA:215,11,0,0
BRDA:219,12,0,0
BRDA:239,13,0,0
BRDA:260,14,0,0
BRDA:281,15,0,0
BRDA:293,16,0,0
BRDA:293,17,0,0
BRDA:293,17,1,0
BRDA:297,18,0,0
BRDA:303,19,0,0
BRDA:306,20,0,0
BRDA:306,20,1,0
BRDA:317,21,0,0
BRDA:317,21,1,0
BRDA:318,22,0,0
BRDA:318,22,1,0
BRDA:344,23,0,0
BRDA:348,24,0,0
BRDA:348,24,1,0
BRDA:387,25,0,0
BRDA:393,26,0,0
BRDA:404,27,0,0
BRDA:419,28,0,0
BRDA:420,29,0,0
BRDA:423,30,0,0
BRDA:423,31,0,0
BRDA:423,31,1,0
BRDA:432,32,0,0
BRDA:432,32,1,0
BRDA:499,33,0,0
BRDA:505,34,0,0
BRDA:516,35,0,0
BRDA:560,36,0,0
BRDA:573,37,0,0
BRDA:578,38,0,0
BRDA:587,39,0,0
BRDA:594,40,0,0
BRDA:600,41,0,0
BRDA:607,42,0,0
BRDA:610,43,0,0
BRDA:610,43,1,0
BRDA:621,44,0,0
BRDA:621,44,1,0
BRDA:662,45,0,0
BRDA:674,46,0,0
BRDA:709,47,0,0
BRDA:730,48,0,0
BRDA:750,49,0,0
BRDA:761,50,0,0
BRDA:771,51,0,0
BRDA:771,51,1,0
BRDA:827,52,0,0
BRDA:860,53,0,0
BRDA:866,54,0,0
BRDA:876,55,0,0
BRDA:881,56,0,0
BRDA:881,56,1,0
BRF:68
BRH:0
end_of_record
TN:
SF:src\controllers\documentNodeAttachment.controller.ts
FN:13,hasNodeWriteAccess
FN:25,(anonymous_2)
FN:39,(anonymous_3)
FN:49,(anonymous_4)
FN:111,(anonymous_5)
FN:216,(anonymous_6)
FN:336,(anonymous_7)
FN:385,(anonymous_8)
FN:424,(anonymous_9)
FN:473,(anonymous_10)
FN:517,(anonymous_11)
FNF:11
FNH:0
FNDA:0,hasNodeWriteAccess
FNDA:0,(anonymous_2)
FNDA:0,(anonymous_3)
FNDA:0,(anonymous_4)
FNDA:0,(anonymous_5)
FNDA:0,(anonymous_6)
FNDA:0,(anonymous_7)
FNDA:0,(anonymous_8)
FNDA:0,(anonymous_9)
FNDA:0,(anonymous_10)
FNDA:0,(anonymous_11)
DA:2,0
DA:4,0
DA:5,0
DA:6,0
DA:8,0
DA:15,0
DA:25,0
DA:28,0
DA:33,0
DA:34,0
DA:38,0
DA:39,0
DA:43,0
DA:49,0
DA:50,0
DA:51,0
DA:52,0
DA:54,0
DA:55,0
DA:56,0
DA:60,0
DA:67,0
DA:68,0
DA:72,0
DA:101,0
DA:103,0
DA:104,0
DA:111,0
DA:112,0
DA:113,0
DA:114,0
DA:115,0
DA:117,0
DA:118,0
DA:121,0
DA:122,0
DA:123,0
DA:127,0
DA:128,0
DA:130,0
DA:131,0
DA:135,0
DA:142,0
DA:143,0
DA:144,0
DA:147,0
DA:150,0
DA:184,0
DA:198,0
DA:200,0
DA:202,0
DA:203,0
DA:204,0
DA:206,0
DA:209,0
DA:216,0
DA:217,0
DA:218,0
DA:219,0
DA:220,0
DA:222,0
DA:223,0
DA:226,0
DA:227,0
DA:228,0
DA:229,0
DA:233,0
DA:244,0
DA:245,0
DA:246,0
DA:250,0
DA:251,0
DA:252,0
DA:253,0
DA:256,0
DA:257,0
DA:260,0
DA:261,0
DA:263,0
DA:264,0
DA:265,0
DA:267,0
DA:268,0
DA:272,0
DA:305,0
DA:319,0
DA:321,0
DA:322,0
DA:323,0
DA:324,0
DA:326,0
DA:329,0
DA:336,0
DA:337,0
DA:338,0
DA:339,0
DA:341,0
DA:342,0
DA:343,0
DA:347,0
DA:355,0
DA:356,0
DA:360,0
DA:361,0
DA:362,0
DA:366,0
DA:375,0
DA:377,0
DA:378,0
DA:385,0
DA:386,0
DA:387,0
DA:388,0
DA:390,0
DA:391,0
DA:392,0
DA:396,0
DA:404,0
DA:405,0
DA:408,0
DA:410,0
DA:411,0
DA:414,0
DA:416,0
DA:417,0
DA:424,0
DA:425,0
DA:426,0
DA:427,0
DA:429,0
DA:430,0
DA:431,0
DA:435,0
DA:439,0
DA:440,0
DA:444,0
DA:463,0
DA:465,0
DA:466,0
DA:473,0
DA:474,0
DA:475,0
DA:476,0
DA:478,0
DA:479,0
DA:480,0
DA:484,0
DA:488,0
DA:489,0
DA:493,0
DA:496,0
DA:497,0
DA:498,0
DA:499,0
DA:503,0
DA:504,0
DA:507,0
DA:509,0
DA:510,0
DA:517,0
DA:518,0
DA:519,0
DA:520,0
DA:521,0
DA:523,0
DA:524,0
DA:525,0
DA:529,0
DA:537,0
DA:538,0
DA:542,0
DA:543,0
DA:544,0
DA:548,0
DA:574,0
DA:576,0
DA:577,0
LF:177
LH:0
BRDA:33,0,0,0
BRDA:39,1,0,0
BRDA:39,1,1,0
BRDA:39,1,2,0
BRDA:55,2,0,0
BRDA:67,3,0,0
BRDA:117,4,0,0
BRDA:122,5,0,0
BRDA:128,6,0,0
BRDA:142,7,0,0
BRDA:158,8,0,0
BRDA:158,8,1,0
BRDA:202,9,0,0
BRDA:222,10,0,0
BRDA:227,11,0,0
BRDA:244,12,0,0
BRDA:251,13,0,0
BRDA:261,14,0,0
BRDA:264,15,0,0
BRDA:280,16,0,0
BRDA:280,16,1,0
BRDA:314,17,0,0
BRDA:314,17,1,0
BRDA:322,18,0,0
BRDA:342,19,0,0
BRDA:355,20,0,0
BRDA:361,21,0,0
BRDA:391,22,0,0
BRDA:404,23,0,0
BRDA:410,24,0,0
BRDA:430,25,0,0
BRDA:439,26,0,0
BRDA:479,27,0,0
BRDA:488,28,0,0
BRDA:496,29,0,0
BRDA:498,30,0,0
BRDA:503,31,0,0
BRDA:524,32,0,0
BRDA:537,33,0,0
BRDA:543,34,0,0
BRF:40
BRH:0
end_of_record
TN:
SF:src\controllers\documentNodeSearch.controller.ts
FN:34,hasNodeAccess
FN:45,(anonymous_1)
FN:56,(anonymous_2)
FN:62,getNodePath
FN:84,createSnippet
FN:111,calculateRelevance
FN:145,(anonymous_6)
FN:338,(anonymous_7)
FN:358,(anonymous_8)
FNF:9
FNH:0
FNDA:0,hasNodeAccess
FNDA:0,(anonymous_1)
FNDA:0,(anonymous_2)
FNDA:0,getNodePath
FNDA:0,createSnippet
FNDA:0,calculateRelevance
FNDA:0,(anonymous_6)
FNDA:0,(anonymous_7)
FNDA:0,(anonymous_8)
DA:2,0
DA:4,0
DA:6,0
DA:35,0
DA:45,0
DA:47,0
DA:52,0
DA:53,0
DA:56,0
DA:63,0
DA:64,0
DA:66,0
DA:67,0
DA:72,0
DA:74,0
DA:75,0
DA:78,0
DA:85,0
DA:86,0
DA:87,0
DA:89,0
DA:90,0
DA:94,0
DA:95,0
DA:97,0
DA:98,0
DA:99,0
DA:102,0
DA:103,0
DA:105,0
DA:117,0
DA:118,0
DA:119,0
DA:121,0
DA:124,0
DA:126,0
DA:128,0
DA:131,0
DA:132,0
DA:135,0
DA:136,0
DA:137,0
DA:139,0
DA:145,0
DA:146,0
DA:147,0
DA:148,0
DA:150,0
DA:151,0
DA:154,0
DA:155,0
DA:156,0
DA:159,0
DA:160,0
DA:161,0
DA:164,0
DA:167,0
DA:168,0
DA:187,0
DA:189,0
DA:190,0
DA:192,0
DA:193,0
DA:194,0
DA:196,0
DA:215,0
DA:216,0
DA:242,0
DA:244,0
DA:245,0
DA:247,0
DA:248,0
DA:249,0
DA:250,0
DA:257,0
DA:279,0
DA:280,0
DA:302,0
DA:304,0
DA:307,0
DA:308,0
DA:310,0
DA:311,0
DA:312,0
DA:319,0
DA:338,0
DA:341,0
DA:343,0
DA:350,0
DA:351,0
DA:358,0
DA:359,0
DA:360,0
DA:361,0
DA:363,0
DA:364,0
DA:367,0
DA:368,0
DA:369,0
DA:372,0
DA:373,0
DA:374,0
DA:378,0
DA:391,0
DA:392,0
DA:393,0
DA:394,0
DA:395,0
DA:399,0
DA:402,0
DA:403,0
LF:111
LH:0
BRDA:52,0,0,0
BRDA:72,1,0,0
BRDA:84,2,0,0
BRDA:89,3,0,0
BRDA:90,4,0,0
BRDA:90,4,1,0
BRDA:98,5,0,0
BRDA:99,6,0,0
BRDA:124,7,0,0
BRDA:124,7,1,0
BRDA:126,8,0,0
BRDA:126,8,1,0
BRDA:128,9,0,0
BRDA:131,10,0,0
BRDA:131,10,1,0
BRDA:135,11,0,0
BRDA:135,11,1,0
BRDA:136,12,0,0
BRDA:136,12,1,0
BRDA:148,13,0,0
BRDA:150,14,0,0
BRDA:150,15,0,0
BRDA:150,15,1,0
BRDA:155,16,0,0
BRDA:160,17,0,0
BRDA:167,18,0,0
BRDA:167,19,0,0
BRDA:167,19,1,0
BRDA:190,20,0,0
BRDA:193,21,0,0
BRDA:193,21,1,0
BRDA:194,22,0,0
BRDA:194,22,1,0
BRDA:215,23,0,0
BRDA:215,24,0,0
BRDA:215,24,1,0
BRDA:245,25,0,0
BRDA:248,26,0,0
BRDA:248,26,1,0
BRDA:253,27,0,0
BRDA:253,27,1,0
BRDA:279,28,0,0
BRDA:279,29,0,0
BRDA:279,29,1,0
BRDA:304,30,0,0
BRDA:308,31,0,0
BRDA:361,32,0,0
BRDA:363,33,0,0
BRDA:363,34,0,0
BRDA:363,34,1,0
BRDA:368,35,0,0
BRDA:373,36,0,0
BRDA:394,37,0,0
BRF:53
BRH:0
end_of_record
TN:
SF:src\controllers\ehs.controller.ts
FN:9,(anonymous_0)
FN:65,(anonymous_1)
FN:66,(anonymous_2)
FN:67,(anonymous_3)
FN:68,(anonymous_4)
FN:69,(anonymous_5)
FN:70,(anonymous_6)
FN:71,(anonymous_7)
FN:72,(anonymous_8)
FN:73,(anonymous_9)
FN:74,(anonymous_10)
FN:94,(anonymous_11)
FN:95,(anonymous_12)
FN:96,(anonymous_13)
FN:121,(anonymous_14)
FN:144,(anonymous_15)
FN:178,(anonymous_16)
FN:194,(anonymous_17)
FN:227,(anonymous_18)
FN:251,(anonymous_19)
FN:252,(anonymous_20)
FN:253,(anonymous_21)
FN:254,(anonymous_22)
FN:255,(anonymous_23)
FN:256,(anonymous_24)
FN:257,(anonymous_25)
FN:258,(anonymous_26)
FN:259,(anonymous_27)
FN:260,(anonymous_28)
FN:276,(anonymous_29)
FN:340,(anonymous_30)
FNF:31
FNH:0
FNDA:0,(anonymous_0)
FNDA:0,(anonymous_1)
FNDA:0,(anonymous_2)
FNDA:0,(anonymous_3)
FNDA:0,(anonymous_4)
FNDA:0,(anonymous_5)
FNDA:0,(anonymous_6)
FNDA:0,(anonymous_7)
FNDA:0,(anonymous_8)
FNDA:0,(anonymous_9)
FNDA:0,(anonymous_10)
FNDA:0,(anonymous_11)
FNDA:0,(anonymous_12)
FNDA:0,(anonymous_13)
FNDA:0,(anonymous_14)
FNDA:0,(anonymous_15)
FNDA:0,(anonymous_16)
FNDA:0,(anonymous_17)
FNDA:0,(anonymous_18)
FNDA:0,(anonymous_19)
FNDA:0,(anonymous_20)
FNDA:0,(anonymous_21)
FNDA:0,(anonymous_22)
FNDA:0,(anonymous_23)
FNDA:0,(anonymous_24)
FNDA:0,(anonymous_25)
FNDA:0,(anonymous_26)
FNDA:0,(anonymous_27)
FNDA:0,(anonymous_28)
FNDA:0,(anonymous_29)
FNDA:0,(anonymous_30)
DA:3,0
DA:4,0
DA:6,0
DA:9,0
DA:10,0
DA:11,0
DA:13,0
DA:14,0
DA:17,0
DA:29,0
DA:30,0
DA:32,0
DA:64,0
DA:65,0
DA:66,0
DA:67,0
DA:68,0
DA:69,0
DA:70,0
DA:71,0
DA:72,0
DA:73,0
DA:74,0
DA:78,0
DA:79,0
DA:80,0
DA:83,0
DA:94,0
DA:95,0
DA:96,0
DA:97,0
DA:98,0
DA:100,0
DA:115,0
DA:116,0
DA:121,0
DA:122,0
DA:123,0
DA:125,0
DA:126,0
DA:128,0
DA:143,0
DA:144,0
DA:145,0
DA:146,0
DA:163,0
DA:164,0
DA:165,0
DA:166,0
DA:167,0
DA:168,0
DA:169,0
DA:170,0
DA:171,0
DA:172,0
DA:173,0
DA:174,0
DA:178,0
DA:179,0
DA:180,0
DA:183,0
DA:188,0
DA:189,0
DA:194,0
DA:195,0
DA:196,0
DA:198,0
DA:199,0
DA:202,0
DA:219,0
DA:221,0
DA:222,0
DA:227,0
DA:228,0
DA:229,0
DA:231,0
DA:232,0
DA:235,0
DA:236,0
DA:239,0
DA:251,0
DA:252,0
DA:253,0
DA:254,0
DA:255,0
DA:256,0
DA:257,0
DA:258,0
DA:259,0
DA:260,0
DA:263,0
DA:271,0
DA:272,0
DA:273,0
DA:276,0
DA:277,0
DA:280,0
DA:328,0
DA:334,0
DA:335,0
DA:340,0
DA:341,0
DA:342,0
DA:344,0
DA:345,0
DA:348,0
DA:349,0
DA:351,0
DA:356,0
DA:358,0
DA:360,0
DA:361,0
DA:362,0
DA:363,0
DA:365,0
DA:366,0
LF:116
LH:0
BRDA:13,0,0,0
BRDA:13,0,1,0
BRDA:14,1,0,0
BRDA:14,1,1,0
BRDA:21,2,0,0
BRDA:21,2,1,0
BRDA:39,3,0,0
BRDA:39,3,1,0
BRDA:78,4,0,0
BRDA:78,4,1,0
BRDA:79,5,0,0
BRDA:79,5,1,0
BRDA:80,6,0,0
BRDA:80,6,1,0
BRDA:87,7,0,0
BRDA:87,7,1,0
BRDA:97,8,0,0
BRDA:97,8,1,0
BRDA:98,9,0,0
BRDA:98,9,1,0
BRDA:125,10,0,0
BRDA:125,10,1,0
BRDA:126,11,0,0
BRDA:126,11,1,0
BRDA:134,12,0,0
BRDA:134,12,1,0
BRDA:145,13,0,0
BRDA:179,14,0,0
BRDA:179,14,1,0
BRDA:180,15,0,0
BRDA:180,15,1,0
BRDA:198,16,0,0
BRDA:198,17,0,0
BRDA:198,17,1,0
BRDA:207,18,0,0
BRDA:207,18,1,0
BRDA:231,19,0,0
BRDA:231,20,0,0
BRDA:231,20,1,0
BRDA:246,21,0,0
BRDA:246,21,1,0
BRDA:267,22,0,0
BRDA:267,22,1,0
BRDA:271,23,0,0
BRDA:271,23,1,0
BRDA:272,24,0,0
BRDA:272,24,1,0
BRDA:273,25,0,0
BRDA:273,25,1,0
BRDA:276,26,0,0
BRDA:276,26,1,0
BRDA:277,27,0,0
BRDA:277,27,1,0
BRDA:285,28,0,0
BRDA:285,28,1,0
BRDA:320,29,0,0
BRDA:320,29,1,0
BRDA:321,30,0,0
BRDA:321,30,1,0
BRDA:322,31,0,0
BRDA:322,31,1,0
BRDA:323,32,0,0
BRDA:323,32,1,0
BRDA:324,33,0,0
BRDA:324,33,1,0
BRDA:344,34,0,0
BRDA:344,35,0,0
BRDA:344,35,1,0
BRF:68
BRH:0
end_of_record
TN:
SF:src\controllers\ehsTodo.controller.ts
FN:8,(anonymous_0)
FN:65,(anonymous_1)
FN:91,(anonymous_2)
FN:144,(anonymous_3)
FN:205,(anonymous_4)
FN:222,(anonymous_5)
FN:250,(anonymous_6)
FN:278,(anonymous_7)
FN:306,(anonymous_8)
FN:334,(anonymous_9)
FN:365,(anonymous_10)
FN:396,(anonymous_11)
FN:446,(anonymous_12)
FN:450,(anonymous_13)
FNF:14
FNH:0
FNDA:0,(anonymous_0)
FNDA:0,(anonymous_1)
FNDA:0,(anonymous_2)
FNDA:0,(anonymous_3)
FNDA:0,(anonymous_4)
FNDA:0,(anonymous_5)
FNDA:0,(anonymous_6)
FNDA:0,(anonymous_7)
FNDA:0,(anonymous_8)
FNDA:0,(anonymous_9)
FNDA:0,(anonymous_10)
FNDA:0,(anonymous_11)
FNDA:0,(anonymous_12)
FNDA:0,(anonymous_13)
DA:2,0
DA:5,0
DA:8,0
DA:9,0
DA:19,0
DA:21,0
DA:23,0
DA:24,0
DA:25,0
DA:26,0
DA:27,0
DA:29,0
DA:30,0
DA:31,0
DA:32,0
DA:35,0
DA:36,0
DA:42,0
DA:57,0
DA:59,0
DA:60,0
DA:65,0
DA:66,0
DA:67,0
DA:69,0
DA:79,0
DA:80,0
DA:83,0
DA:85,0
DA:86,0
DA:91,0
DA:92,0
DA:107,0
DA:109,0
DA:111,0
DA:136,0
DA:138,0
DA:139,0
DA:144,0
DA:145,0
DA:146,0
DA:162,0
DA:164,0
DA:165,0
DA:166,0
DA:167,0
DA:168,0
DA:169,0
DA:170,0
DA:171,0
DA:172,0
DA:175,0
DA:176,0
DA:177,0
DA:178,0
DA:179,0
DA:180,0
DA:181,0
DA:182,0
DA:183,0
DA:184,0
DA:186,0
DA:197,0
DA:199,0
DA:200,0
DA:205,0
DA:206,0
DA:207,0
DA:209,0
DA:214,0
DA:216,0
DA:217,0
DA:222,0
DA:223,0
DA:224,0
DA:226,0
DA:242,0
DA:244,0
DA:245,0
DA:250,0
DA:251,0
DA:252,0
DA:254,0
DA:270,0
DA:272,0
DA:273,0
DA:278,0
DA:279,0
DA:280,0
DA:282,0
DA:298,0
DA:300,0
DA:301,0
DA:306,0
DA:307,0
DA:308,0
DA:310,0
DA:326,0
DA:328,0
DA:329,0
DA:334,0
DA:335,0
DA:336,0
DA:337,0
DA:339,0
DA:341,0
DA:342,0
DA:343,0
DA:346,0
DA:357,0
DA:359,0
DA:360,0
DA:365,0
DA:366,0
DA:367,0
DA:368,0
DA:370,0
DA:372,0
DA:373,0
DA:374,0
DA:377,0
DA:388,0
DA:390,0
DA:391,0
DA:396,0
DA:397,0
DA:398,0
DA:400,0
DA:401,0
DA:412,0
DA:437,0
DA:447,0
DA:448,0
DA:451,0
DA:452,0
DA:454,0
DA:458,0
DA:460,0
DA:461,0
LF:139
LH:0
BRDA:23,0,0,0
BRDA:24,1,0,0
BRDA:25,2,0,0
BRDA:26,3,0,0
BRDA:27,4,0,0
BRDA:29,5,0,0
BRDA:29,6,0,0
BRDA:29,6,1,0
BRDA:31,7,0,0
BRDA:32,8,0,0
BRDA:35,9,0,0
BRDA:79,10,0,0
BRDA:115,11,0,0
BRDA:115,11,1,0
BRDA:116,12,0,0
BRDA:116,12,1,0
BRDA:117,13,0,0
BRDA:117,13,1,0
BRDA:123,14,0,0
BRDA:123,14,1,0
BRDA:124,15,0,0
BRDA:124,15,1,0
BRDA:126,16,0,0
BRDA:126,16,1,0
BRDA:165,17,0,0
BRDA:166,18,0,0
BRDA:167,19,0,0
BRDA:168,20,0,0
BRDA:170,21,0,0
BRDA:170,22,0,0
BRDA:170,22,1,0
BRDA:175,23,0,0
BRDA:175,24,0,0
BRDA:175,24,1,0
BRDA:176,25,0,0
BRDA:176,26,0,0
BRDA:176,26,1,0
BRDA:177,27,0,0
BRDA:178,28,0,0
BRDA:179,29,0,0
BRDA:180,30,0,0
BRDA:181,31,0,0
BRDA:182,32,0,0
BRDA:183,33,0,0
BRDA:184,34,0,0
BRDA:341,35,0,0
BRDA:372,36,0,0
BRDA:401,37,0,0
BRDA:451,38,0,0
BRF:49
BRH:0
end_of_record
TN:
SF:src\controllers\incident.controller.ts
FN:8,(anonymous_0)
FN:46,(anonymous_1)
FN:72,(anonymous_2)
FN:99,(anonymous_3)
FN:122,(anonymous_4)
FN:144,(anonymous_5)
FN:175,(anonymous_6)
FN:197,(anonymous_7)
FNF:8
FNH:0
FNDA:0,(anonymous_0)
FNDA:0,(anonymous_1)
FNDA:0,(anonymous_2)
FNDA:0,(anonymous_3)
FNDA:0,(anonymous_4)
FNDA:0,(anonymous_5)
FNDA:0,(anonymous_6)
FNDA:0,(anonymous_7)
DA:2,0
DA:5,0
DA:7,0
DA:9,0
DA:10,0
DA:13,0
DA:14,0
DA:15,0
DA:16,0
DA:19,0
DA:20,0
DA:22,0
DA:23,0
DA:24,0
DA:27,0
DA:39,0
DA:41,0
DA:42,0
DA:47,0
DA:48,0
DA:51,0
DA:52,0
DA:53,0
DA:54,0
DA:57,0
DA:59,0
DA:65,0
DA:67,0
DA:68,0
DA:73,0
DA:74,0
DA:77,0
DA:78,0
DA:79,0
DA:80,0
DA:83,0
DA:85,0
DA:87,0
DA:88,0
DA:89,0
DA:92,0
DA:94,0
DA:95,0
DA:100,0
DA:101,0
DA:104,0
DA:105,0
DA:106,0
DA:107,0
DA:110,0
DA:111,0
DA:113,0
DA:115,0
DA:117,0
DA:118,0
DA:123,0
DA:124,0
DA:127,0
DA:128,0
DA:129,0
DA:130,0
DA:133,0
DA:135,0
DA:137,0
DA:139,0
DA:140,0
DA:145,0
DA:146,0
DA:149,0
DA:150,0
DA:151,0
DA:152,0
DA:155,0
DA:156,0
DA:158,0
DA:159,0
DA:160,0
DA:163,0
DA:168,0
DA:170,0
DA:171,0
DA:176,0
DA:177,0
DA:180,0
DA:181,0
DA:182,0
DA:183,0
DA:186,0
DA:188,0
DA:190,0
DA:192,0
DA:193,0
DA:198,0
DA:199,0
DA:202,0
DA:203,0
DA:204,0
DA:205,0
DA:208,0
DA:210,0
DA:212,0
DA:213,0
LF:102
LH:0
BRDA:14,0,0,0
BRDA:22,1,0,0
BRDA:22,2,0,0
BRDA:22,2,1,0
BRDA:35,3,0,0
BRDA:35,3,1,0
BRDA:52,4,0,0
BRDA:78,5,0,0
BRDA:87,6,0,0
BRDA:105,7,0,0
BRDA:128,8,0,0
BRDA:150,9,0,0
BRDA:158,10,0,0
BRDA:181,11,0,0
BRDA:203,12,0,0
BRF:15
BRH:0
end_of_record
TN:
SF:src\controllers\inventory.controller.ts
FN:9,(anonymous_0)
FN:57,(anonymous_1)
FN:99,(anonymous_2)
FN:152,(anonymous_3)
FN:225,(anonymous_4)
FN:256,(anonymous_5)
FN:266,(anonymous_6)
FNF:7
FNH:0
FNDA:0,(anonymous_0)
FNDA:0,(anonymous_1)
FNDA:0,(anonymous_2)
FNDA:0,(anonymous_3)
FNDA:0,(anonymous_4)
FNDA:0,(anonymous_5)
FNDA:0,(anonymous_6)
DA:2,0
DA:5,0
DA:7,0
DA:10,0
DA:11,0
DA:13,0
DA:49,0
DA:51,0
DA:52,0
DA:58,0
DA:59,0
DA:61,0
DA:87,0
DA:88,0
DA:91,0
DA:93,0
DA:94,0
DA:100,0
DA:101,0
DA:103,0
DA:104,0
DA:108,0
DA:112,0
DA:113,0
DA:116,0
DA:141,0
DA:143,0
DA:144,0
DA:145,0
DA:147,0
DA:153,0
DA:154,0
DA:155,0
DA:157,0
DA:158,0
DA:161,0
DA:162,0
DA:166,0
DA:170,0
DA:171,0
DA:175,0
DA:176,0
DA:177,0
DA:178,0
DA:179,0
DA:180,0
DA:181,0
DA:183,0
DA:184,0
DA:188,0
DA:217,0
DA:219,0
DA:220,0
DA:226,0
DA:227,0
DA:256,0
DA:258,0
DA:260,0
DA:261,0
DA:267,0
DA:268,0
DA:270,0
DA:274,0
DA:276,0
DA:277,0
DA:278,0
DA:280,0
LF:67
LH:0
BRDA:14,0,0,0
BRDA:14,0,1,0
BRDA:87,1,0,0
BRDA:103,2,0,0
BRDA:112,3,0,0
BRDA:120,4,0,0
BRDA:120,4,1,0
BRDA:121,5,0,0
BRDA:121,5,1,0
BRDA:124,6,0,0
BRDA:124,6,1,0
BRDA:144,7,0,0
BRDA:157,8,0,0
BRDA:157,9,0,0
BRDA:157,9,1,0
BRDA:157,9,2,0
BRDA:161,10,0,0
BRDA:170,11,0,0
BRDA:176,12,0,0
BRDA:176,12,1,0
BRDA:178,13,0,0
BRDA:178,13,1,0
BRDA:180,14,0,0
BRDA:183,15,0,0
BRDA:212,16,0,0
BRDA:212,16,1,0
BRDA:277,17,0,0
BRF:27
BRH:0
end_of_record
TN:
SF:src\controllers\invoice.controller.ts
FN:10,(anonymous_0)
FN:75,(anonymous_1)
FN:107,(anonymous_2)
FN:149,(anonymous_3)
FN:202,(anonymous_4)
FN:246,(anonymous_5)
FN:309,(anonymous_6)
FN:372,(anonymous_7)
FN:425,(anonymous_8)
FN:457,(anonymous_9)
FNF:10
FNH:0
FNDA:0,(anonymous_0)
FNDA:0,(anonymous_1)
FNDA:0,(anonymous_2)
FNDA:0,(anonymous_3)
FNDA:0,(anonymous_4)
FNDA:0,(anonymous_5)
FNDA:0,(anonymous_6)
FNDA:0,(anonymous_7)
FNDA:0,(anonymous_8)
FNDA:0,(anonymous_9)
DA:2,0
DA:4,0
DA:5,0
DA:7,0
DA:10,0
DA:11,0
DA:12,0
DA:14,0
DA:16,0
DA:17,0
DA:24,0
DA:25,0
DA:28,0
DA:29,0
DA:32,0
DA:33,0
DA:36,0
DA:67,0
DA:69,0
DA:70,0
DA:75,0
DA:76,0
DA:77,0
DA:79,0
DA:95,0
DA:96,0
DA:99,0
DA:101,0
DA:102,0
DA:107,0
DA:108,0
DA:118,0
DA:121,0
DA:122,0
DA:128,0
DA:132,0
DA:133,0
DA:137,0
DA:141,0
DA:142,0
DA:146,0
DA:147,0
DA:149,0
DA:150,0
DA:151,0
DA:153,0
DA:154,0
DA:156,0
DA:163,0
DA:166,0
DA:197,0
DA:198,0
DA:199,0
DA:202,0
DA:203,0
DA:204,0
DA:208,0
DA:214,0
DA:216,0
DA:225,0
DA:226,0
DA:234,0
DA:238,0
DA:240,0
DA:241,0
DA:246,0
DA:247,0
DA:248,0
DA:259,0
DA:262,0
DA:267,0
DA:268,0
DA:272,0
DA:273,0
DA:277,0
DA:278,0
DA:283,0
DA:284,0
DA:288,0
DA:289,0
DA:293,0
DA:295,0
DA:296,0
DA:297,0
DA:298,0
DA:299,0
DA:300,0
DA:301,0
DA:302,0
DA:305,0
DA:306,0
DA:307,0
DA:309,0
DA:310,0
DA:311,0
DA:313,0
DA:314,0
DA:316,0
DA:323,0
DA:325,0
DA:326,0
DA:327,0
DA:330,0
DA:334,0
DA:339,0
DA:357,0
DA:359,0
DA:360,0
DA:362,0
DA:363,0
DA:365,0
DA:368,0
DA:369,0
DA:372,0
DA:373,0
DA:374,0
DA:379,0
DA:386,0
DA:387,0
DA:389,0
DA:390,0
DA:396,0
DA:397,0
DA:403,0
DA:404,0
DA:413,0
DA:417,0
DA:419,0
DA:420,0
DA:425,0
DA:426,0
DA:427,0
DA:429,0
DA:433,0
DA:434,0
DA:438,0
DA:439,0
DA:444,0
DA:449,0
DA:451,0
DA:452,0
DA:457,0
DA:458,0
DA:459,0
DA:460,0
DA:462,0
DA:473,0
DA:474,0
DA:475,0
DA:476,0
DA:479,0
DA:480,0
DA:482,0
DA:483,0
LF:154
LH:0
BRDA:16,0,0,0
BRDA:24,1,0,0
BRDA:28,2,0,0
BRDA:32,3,0,0
BRDA:95,4,0,0
BRDA:115,5,0,0
BRDA:117,6,0,0
BRDA:121,7,0,0
BRDA:121,8,0,0
BRDA:121,8,1,0
BRDA:121,8,2,0
BRDA:121,8,3,0
BRDA:132,9,0,0
BRDA:141,10,0,0
BRDA:158,11,0,0
BRDA:158,11,1,0
BRDA:172,12,0,0
BRDA:172,12,1,0
BRDA:197,13,0,0
BRDA:197,14,0,0
BRDA:197,14,1,0
BRDA:203,15,0,0
BRDA:225,16,0,0
BRDA:267,17,0,0
BRDA:272,18,0,0
BRDA:272,19,0,0
BRDA:272,19,1,0
BRDA:277,20,0,0
BRDA:283,21,0,0
BRDA:283,22,0,0
BRDA:283,22,1,0
BRDA:288,23,0,0
BRDA:295,24,0,0
BRDA:296,25,0,0
BRDA:297,26,0,0
BRDA:298,27,0,0
BRDA:298,28,0,0
BRDA:298,28,1,0
BRDA:299,29,0,0
BRDA:300,30,0,0
BRDA:301,31,0,0
BRDA:302,32,0,0
BRDA:305,33,0,0
BRDA:305,34,0,0
BRDA:305,34,1,0
BRDA:318,35,0,0
BRDA:318,35,1,0
BRDA:357,36,0,0
BRDA:357,36,1,0
BRDA:359,37,0,0
BRDA:359,38,0,0
BRDA:359,38,1,0
BRDA:360,39,0,0
BRDA:360,39,1,0
BRDA:362,40,0,0
BRDA:368,41,0,0
BRDA:373,42,0,0
BRDA:387,43,0,0
BRDA:389,44,0,0
BRDA:389,44,1,0
BRDA:396,45,0,0
BRDA:396,45,1,0
BRDA:403,46,0,0
BRDA:433,47,0,0
BRDA:438,48,0,0
BRDA:438,48,1,0
BRDA:474,49,0,0
BRF:67
BRH:0
end_of_record
TN:
SF:src\controllers\invoicePdf.controller.ts
FN:9,(anonymous_1)
FN:254,(anonymous_2)
FNF:2
FNH:0
FNDA:0,(anonymous_1)
FNDA:0,(anonymous_2)
DA:2,0
DA:3,0
DA:5,0
DA:7,0
DA:9,0
DA:10,0
DA:11,0
DA:13,0
DA:29,0
DA:30,0
DA:33,0
DA:45,0
DA:46,0
DA:47,0
DA:53,0
DA:59,0
DA:60,0
DA:63,0
DA:66,0
DA:67,0
DA:68,0
DA:69,0
DA:70,0
DA:71,0
DA:74,0
DA:75,0
DA:76,0
DA:79,0
DA:80,0
DA:84,0
DA:85,0
DA:87,0
DA:88,0
DA:89,0
DA:90,0
DA:92,0
DA:93,0
DA:94,0
DA:96,0
DA:97,0
DA:98,0
DA:99,0
DA:101,0
DA:106,0
DA:107,0
DA:111,0
DA:112,0
DA:119,0
DA:127,0
DA:129,0
DA:135,0
DA:144,0
DA:145,0
DA:147,0
DA:158,0
DA:162,0
DA:163,0
DA:166,0
DA:167,0
DA:168,0
DA:171,0
DA:172,0
DA:173,0
DA:176,0
DA:177,0
DA:178,0
DA:181,0
DA:182,0
DA:183,0
DA:187,0
DA:188,0
DA:194,0
DA:199,0
DA:202,0
DA:203,0
DA:208,0
DA:209,0
DA:215,0
DA:216,0
DA:223,0
DA:224,0
DA:225,0
DA:226,0
DA:227,0
DA:228,0
DA:229,0
DA:231,0
DA:242,0
DA:249,0
DA:250,0
DA:254,0
DA:256,0
DA:257,0
DA:258,0
DA:261,0
DA:264,0
DA:270,0
DA:271,0
DA:273,0
DA:275,0
DA:279,0
DA:280,0
DA:281,0
DA:284,0
DA:285,0
DA:289,0
DA:290,0
DA:292,0
DA:294,0
DA:298,0
DA:303,0
DA:306,0
DA:307,0
DA:311,0
DA:319,0
DA:323,0
DA:324,0
DA:329,0
DA:330,0
DA:335,0
DA:336,0
DA:339,0
DA:340,0
DA:346,0
DA:349,0
DA:351,0
DA:352,0
DA:356,0
DA:357,0
DA:358,0
DA:359,0
DA:361,0
DA:364,0
DA:365,0
DA:369,0
DA:373,0
DA:374,0
DA:375,0
DA:380,0
DA:381,0
DA:382,0
DA:383,0
DA:384,0
DA:386,0
DA:391,0
DA:392,0
DA:399,0
DA:400,0
DA:402,0
DA:408,0
DA:409,0
DA:413,0
DA:416,0
DA:417,0
DA:418,0
LF:155
LH:0
BRDA:29,0,0,0
BRDA:46,1,0,0
BRDA:66,2,0,0
BRDA:66,2,1,0
BRDA:67,3,0,0
BRDA:67,3,1,0
BRDA:68,4,0,0
BRDA:68,4,1,0
BRDA:69,5,0,0
BRDA:69,5,1,0
BRDA:70,6,0,0
BRDA:70,6,1,0
BRDA:71,7,0,0
BRDA:71,7,1,0
BRDA:75,8,0,0
BRDA:84,9,0,0
BRDA:84,10,0,0
BRDA:84,10,1,0
BRDA:92,11,0,0
BRDA:106,12,0,0
BRDA:106,12,1,0
BRDA:166,13,0,0
BRDA:171,14,0,0
BRDA:176,15,0,0
BRDA:176,16,0,0
BRDA:176,16,1,0
BRDA:181,17,0,0
BRDA:181,18,0,0
BRDA:181,18,1,0
BRDA:202,19,0,0
BRDA:215,20,0,0
BRDA:223,21,0,0
BRDA:223,21,1,0
BRDA:256,22,0,0
BRDA:273,23,0,0
BRDA:273,23,1,0
BRDA:284,24,0,0
BRDA:284,24,1,0
BRDA:336,25,0,0
BRDA:336,25,1,0
BRDA:351,26,0,0
BRDA:357,27,0,0
BRDA:357,27,1,0
BRDA:358,28,0,0
BRDA:358,28,1,0
BRDA:359,29,0,0
BRDA:359,29,1,0
BRDA:374,30,0,0
BRDA:380,31,0,0
BRDA:382,32,0,0
BRDA:400,33,0,0
BRDA:400,33,1,0
BRDA:408,34,0,0
BRDA:408,35,0,0
BRDA:408,35,1,0
BRDA:417,36,0,0
BRF:56
BRH:0
end_of_record
TN:
SF:src\controllers\invoiceTemplate.controller.ts
FN:8,(anonymous_0)
FN:24,(anonymous_1)
FN:44,(anonymous_2)
FN:86,(anonymous_3)
FN:159,(anonymous_4)
FN:244,(anonymous_5)
FN:276,(anonymous_6)
FNF:7
FNH:0
FNDA:0,(anonymous_0)
FNDA:0,(anonymous_1)
FNDA:0,(anonymous_2)
FNDA:0,(anonymous_3)
FNDA:0,(anonymous_4)
FNDA:0,(anonymous_5)
FNDA:0,(anonymous_6)
DA:2,0
DA:5,0
DA:8,0
DA:9,0
DA:10,0
DA:16,0
DA:18,0
DA:19,0
DA:24,0
DA:25,0
DA:26,0
DA:28,0
DA:32,0
DA:33,0
DA:36,0
DA:38,0
DA:39,0
DA:44,0
DA:45,0
DA:46,0
DA:50,0
DA:52,0
DA:75,0
DA:78,0
DA:80,0
DA:81,0
DA:86,0
DA:87,0
DA:111,0
DA:114,0
DA:115,0
DA:121,0
DA:148,0
DA:150,0
DA:151,0
DA:152,0
DA:154,0
DA:159,0
DA:160,0
DA:161,0
DA:187,0
DA:190,0
DA:191,0
DA:200,0
DA:230,0
DA:232,0
DA:233,0
DA:234,0
DA:236,0
DA:237,0
DA:239,0
DA:244,0
DA:245,0
DA:246,0
DA:249,0
DA:253,0
DA:254,0
DA:257,0
DA:258,0
DA:261,0
DA:265,0
DA:267,0
DA:268,0
DA:269,0
DA:271,0
DA:276,0
DA:277,0
DA:278,0
DA:281,0
DA:287,0
DA:292,0
DA:294,0
DA:295,0
DA:296,0
DA:298,0
LF:75
LH:0
BRDA:32,0,0,0
BRDA:50,1,0,0
BRDA:114,2,0,0
BRDA:124,3,0,0
BRDA:124,3,1,0
BRDA:125,4,0,0
BRDA:125,4,1,0
BRDA:126,5,0,0
BRDA:126,5,1,0
BRDA:127,6,0,0
BRDA:127,6,1,0
BRDA:128,7,0,0
BRDA:128,7,1,0
BRDA:129,8,0,0
BRDA:129,8,1,0
BRDA:130,9,0,0
BRDA:130,9,1,0
BRDA:131,10,0,0
BRDA:131,10,1,0
BRDA:132,11,0,0
BRDA:132,11,1,0
BRDA:133,12,0,0
BRDA:133,12,1,0
BRDA:134,13,0,0
BRDA:134,13,1,0
BRDA:135,14,0,0
BRDA:135,14,1,0
BRDA:138,15,0,0
BRDA:138,15,1,0
BRDA:142,16,0,0
BRDA:142,16,1,0
BRDA:143,17,0,0
BRDA:143,17,1,0
BRDA:144,18,0,0
BRDA:144,18,1,0
BRDA:151,19,0,0
BRDA:190,20,0,0
BRDA:233,21,0,0
BRDA:236,22,0,0
BRDA:253,23,0,0
BRDA:257,24,0,0
BRDA:268,25,0,0
BRDA:295,26,0,0
BRF:43
BRH:0
end_of_record
TN:
SF:src\controllers\location.controller.ts
FN:7,(anonymous_0)
FN:20,(anonymous_1)
FN:34,(anonymous_2)
FN:58,(anonymous_3)
FN:81,(anonymous_4)
FN:103,(anonymous_5)
FNF:6
FNH:0
FNDA:0,(anonymous_0)
FNDA:0,(anonymous_1)
FNDA:0,(anonymous_2)
FNDA:0,(anonymous_3)
FNDA:0,(anonymous_4)
FNDA:0,(anonymous_5)
DA:2,0
DA:5,0
DA:7,0
DA:8,0
DA:9,0
DA:13,0
DA:15,0
DA:16,0
DA:20,0
DA:21,0
DA:22,0
DA:27,0
DA:29,0
DA:30,0
DA:34,0
DA:35,0
DA:36,0
DA:38,0
DA:47,0
DA:48,0
DA:51,0
DA:53,0
DA:54,0
DA:58,0
DA:59,0
DA:60,0
DA:62,0
DA:63,0
DA:66,0
DA:74,0
DA:76,0
DA:77,0
DA:81,0
DA:82,0
DA:83,0
DA:84,0
DA:86,0
DA:96,0
DA:98,0
DA:99,0
DA:103,0
DA:104,0
DA:105,0
DA:108,0
DA:112,0
DA:113,0
DA:119,0
DA:121,0
DA:123,0
DA:124,0
LF:50
LH:0
BRDA:47,0,0,0
BRDA:62,1,0,0
BRDA:112,2,0,0
BRF:3
BRH:0
end_of_record
TN:
SF:src\controllers\media.controller.ts
FN:8,(anonymous_1)
FN:59,(anonymous_2)
FN:71,(anonymous_3)
FN:89,(anonymous_4)
FN:107,(anonymous_5)
FN:115,(anonymous_6)
FN:128,(anonymous_7)
FN:153,(anonymous_8)
FN:176,(anonymous_9)
FN:189,(anonymous_10)
FNF:10
FNH:0
FNDA:0,(anonymous_1)
FNDA:0,(anonymous_2)
FNDA:0,(anonymous_3)
FNDA:0,(anonymous_4)
FNDA:0,(anonymous_5)
FNDA:0,(anonymous_6)
FNDA:0,(anonymous_7)
FNDA:0,(anonymous_8)
FNDA:0,(anonymous_9)
FNDA:0,(anonymous_10)
DA:2,0
DA:3,0
DA:4,0
DA:5,0
DA:7,0
DA:9,0
DA:10,0
DA:11,0
DA:13,0
DA:14,0
DA:15,0
DA:18,0
DA:21,0
DA:22,0
DA:23,0
DA:24,0
DA:25,0
DA:26,0
DA:27,0
DA:28,0
DA:29,0
DA:30,0
DA:36,0
DA:37,0
DA:41,0
DA:42,0
DA:48,0
DA:51,0
DA:59,0
DA:64,0
DA:66,0
DA:67,0
DA:72,0
DA:73,0
DA:75,0
DA:82,0
DA:84,0
DA:85,0
DA:90,0
DA:91,0
DA:93,0
DA:95,0
DA:96,0
DA:97,0
DA:100,0
DA:102,0
DA:103,0
DA:108,0
DA:109,0
DA:110,0
DA:112,0
DA:113,0
DA:114,0
DA:115,0
DA:117,0
DA:119,0
DA:121,0
DA:123,0
DA:124,0
DA:129,0
DA:130,0
DA:132,0
DA:133,0
DA:134,0
DA:135,0
DA:139,0
DA:140,0
DA:141,0
DA:144,0
DA:146,0
DA:148,0
DA:149,0
DA:154,0
DA:155,0
DA:157,0
DA:158,0
DA:159,0
DA:160,0
DA:163,0
DA:164,0
DA:165,0
DA:166,0
DA:169,0
DA:171,0
DA:172,0
DA:177,0
DA:178,0
DA:180,0
DA:182,0
DA:184,0
DA:185,0
DA:190,0
DA:191,0
DA:192,0
DA:194,0
DA:195,0
LF:96
LH:0
BRDA:13,0,0,0
BRDA:22,1,0,0
BRDA:22,1,1,0
BRDA:24,2,0,0
BRDA:24,2,1,0
BRDA:26,3,0,0
BRDA:26,3,1,0
BRDA:28,4,0,0
BRDA:28,4,1,0
BRDA:30,5,0,0
BRDA:30,5,1,0
BRDA:31,6,0,0
BRDA:31,6,1,0
BRDA:31,6,2,0
BRDA:31,6,3,0
BRDA:37,7,0,0
BRDA:37,7,1,0
BRDA:38,8,0,0
BRDA:38,8,1,0
BRDA:42,9,0,0
BRDA:43,10,0,0
BRDA:43,10,1,0
BRDA:43,10,2,0
BRDA:43,10,3,0
BRDA:59,11,0,0
BRDA:59,11,1,0
BRDA:59,12,0,0
BRDA:59,12,1,0
BRDA:60,13,0,0
BRDA:60,13,1,0
BRDA:77,14,0,0
BRDA:77,14,1,0
BRDA:77,15,0,0
BRDA:77,15,1,0
BRDA:79,16,0,0
BRDA:79,16,1,0
BRDA:95,17,0,0
BRDA:113,18,0,0
BRDA:114,19,0,0
BRDA:115,20,0,0
BRDA:115,20,1,0
BRDA:117,21,0,0
BRDA:133,22,0,0
BRDA:140,23,0,0
BRDA:158,24,0,0
BRDA:164,25,0,0
BRF:46
BRH:0
end_of_record
TN:
SF:src\controllers\message.controller.ts
FN:8,(anonymous_0)
FN:65,(anonymous_1)
FN:143,(anonymous_2)
FN:200,(anonymous_3)
FN:230,(anonymous_4)
FN:276,(anonymous_5)
FN:326,(anonymous_6)
FN:359,(anonymous_7)
FN:379,(anonymous_8)
FNF:9
FNH:0
FNDA:0,(anonymous_0)
FNDA:0,(anonymous_1)
FNDA:0,(anonymous_2)
FNDA:0,(anonymous_3)
FNDA:0,(anonymous_4)
FNDA:0,(anonymous_5)
FNDA:0,(anonymous_6)
FNDA:0,(anonymous_7)
FNDA:0,(anonymous_8)
DA:3,0
DA:5,0
DA:8,0
DA:9,0
DA:10,0
DA:11,0
DA:13,0
DA:19,0
DA:20,0
DA:21,0
DA:22,0
DA:23,0
DA:26,0
DA:57,0
DA:59,0
DA:60,0
DA:65,0
DA:66,0
DA:67,0
DA:68,0
DA:70,0
DA:120,0
DA:121,0
DA:125,0
DA:126,0
DA:135,0
DA:137,0
DA:138,0
DA:143,0
DA:144,0
DA:145,0
DA:146,0
DA:148,0
DA:149,0
DA:153,0
DA:157,0
DA:158,0
DA:161,0
DA:191,0
DA:192,0
DA:194,0
DA:195,0
DA:200,0
DA:208,0
DA:209,0
DA:221,0
DA:222,0
DA:224,0
DA:225,0
DA:230,0
DA:231,0
DA:232,0
DA:233,0
DA:234,0
DA:236,0
DA:237,0
DA:240,0
DA:250,0
DA:251,0
DA:255,0
DA:256,0
DA:257,0
DA:259,0
DA:260,0
DA:263,0
DA:268,0
DA:270,0
DA:271,0
DA:276,0
DA:277,0
DA:278,0
DA:279,0
DA:281,0
DA:291,0
DA:292,0
DA:296,0
DA:297,0
DA:302,0
DA:303,0
DA:305,0
DA:307,0
DA:309,0
DA:312,0
DA:318,0
DA:320,0
DA:321,0
DA:326,0
DA:327,0
DA:328,0
DA:329,0
DA:330,0
DA:332,0
DA:339,0
DA:340,0
DA:343,0
DA:351,0
DA:353,0
DA:354,0
DA:359,0
DA:360,0
DA:361,0
DA:363,0
DA:371,0
DA:373,0
DA:374,0
DA:379,0
DA:380,0
DA:381,0
DA:401,0
DA:403,0
DA:404,0
DA:408,0
LF:112
LH:0
BRDA:11,0,0,0
BRDA:19,1,0,0
BRDA:120,2,0,0
BRDA:125,3,0,0
BRDA:125,4,0,0
BRDA:125,4,1,0
BRDA:146,5,0,0
BRDA:148,6,0,0
BRDA:148,7,0,0
BRDA:148,7,1,0
BRDA:148,7,2,0
BRDA:157,8,0,0
BRDA:204,9,0,0
BRDA:236,10,0,0
BRDA:250,11,0,0
BRDA:256,12,0,0
BRDA:259,13,0,0
BRDA:291,14,0,0
BRDA:296,15,0,0
BRDA:296,15,1,0
BRDA:296,16,0,0
BRDA:296,16,1,0
BRDA:303,17,0,0
BRDA:307,18,0,0
BRDA:339,19,0,0
BRDA:347,20,0,0
BRDA:347,20,1,0
BRF:27
BRH:0
end_of_record
TN:
SF:src\controllers\module.controller.ts
FN:5,(anonymous_0)
FN:15,(anonymous_1)
FN:26,(anonymous_2)
FN:39,(anonymous_3)
FN:49,(anonymous_4)
FN:59,(anonymous_5)
FN:70,(anonymous_6)
FN:85,(anonymous_7)
FN:99,(anonymous_8)
FN:109,(anonymous_9)
FN:119,(anonymous_10)
FNF:11
FNH:0
FNDA:0,(anonymous_0)
FNDA:0,(anonymous_1)
FNDA:0,(anonymous_2)
FNDA:0,(anonymous_3)
FNDA:0,(anonymous_4)
FNDA:0,(anonymous_5)
FNDA:0,(anonymous_6)
FNDA:0,(anonymous_7)
FNDA:0,(anonymous_8)
FNDA:0,(anonymous_9)
FNDA:0,(anonymous_10)
DA:3,0
DA:5,0
DA:6,0
DA:7,0
DA:8,0
DA:10,0
DA:11,0
DA:15,0
DA:16,0
DA:17,0
DA:18,0
DA:19,0
DA:21,0
DA:22,0
DA:26,0
DA:27,0
DA:28,0
DA:29,0
DA:30,0
DA:32,0
DA:34,0
DA:35,0
DA:39,0
DA:40,0
DA:41,0
DA:42,0
DA:44,0
DA:45,0
DA:49,0
DA:50,0
DA:51,0
DA:52,0
DA:54,0
DA:55,0
DA:59,0
DA:60,0
DA:61,0
DA:62,0
DA:63,0
DA:65,0
DA:66,0
DA:70,0
DA:71,0
DA:72,0
DA:73,0
DA:78,0
DA:80,0
DA:81,0
DA:85,0
DA:86,0
DA:87,0
DA:88,0
DA:92,0
DA:94,0
DA:95,0
DA:99,0
DA:100,0
DA:101,0
DA:102,0
DA:104,0
DA:105,0
DA:109,0
DA:110,0
DA:111,0
DA:112,0
DA:114,0
DA:115,0
DA:119,0
DA:120,0
DA:121,0
DA:122,0
DA:124,0
DA:125,0
LF:73
LH:0
BRDA:11,0,0,0
BRDA:11,0,1,0
BRDA:22,1,0,0
BRDA:22,1,1,0
BRDA:29,2,0,0
BRDA:35,3,0,0
BRDA:35,3,1,0
BRDA:45,4,0,0
BRDA:45,4,1,0
BRDA:55,5,0,0
BRDA:55,5,1,0
BRDA:61,6,0,0
BRDA:61,6,1,0
BRDA:66,7,0,0
BRDA:66,7,1,0
BRDA:81,8,0,0
BRDA:81,8,1,0
BRDA:95,9,0,0
BRDA:95,9,1,0
BRDA:105,10,0,0
BRDA:105,10,1,0
BRDA:115,11,0,0
BRDA:115,11,1,0
BRDA:125,12,0,0
BRDA:125,12,1,0
BRF:25
BRH:0
end_of_record
TN:
SF:src\controllers\order.controller.ts
FN:9,(anonymous_0)
FN:137,(anonymous_1)
FN:206,(anonymous_2)
FN:246,(anonymous_3)
FN:367,(anonymous_4)
FN:426,(anonymous_5)
FN:522,(anonymous_6)
FN:569,(anonymous_7)
FN:641,(anonymous_8)
FN:716,(anonymous_9)
FN:774,(anonymous_10)
FN:805,(anonymous_11)
FN:829,(anonymous_12)
FN:849,(anonymous_13)
FN:852,(anonymous_14)
FN:879,(anonymous_15)
FN:922,(anonymous_16)
FN:947,(anonymous_17)
FNF:18
FNH:0
FNDA:0,(anonymous_0)
FNDA:0,(anonymous_1)
FNDA:0,(anonymous_2)
FNDA:0,(anonymous_3)
FNDA:0,(anonymous_4)
FNDA:0,(anonymous_5)
FNDA:0,(anonymous_6)
FNDA:0,(anonymous_7)
FNDA:0,(anonymous_8)
FNDA:0,(anonymous_9)
FNDA:0,(anonymous_10)
FNDA:0,(anonymous_11)
FNDA:0,(anonymous_12)
FNDA:0,(anonymous_13)
FNDA:0,(anonymous_14)
FNDA:0,(anonymous_15)
FNDA:0,(anonymous_16)
FNDA:0,(anonymous_17)
DA:2,0
DA:4,0
DA:6,0
DA:9,0
DA:10,0
DA:11,0
DA:13,0
DA:15,0
DA:16,0
DA:24,0
DA:25,0
DA:28,0
DA:29,0
DA:32,0
DA:33,0
DA:36,0
DA:37,0
DA:40,0
DA:41,0
DA:44,0
DA:45,0
DA:46,0
DA:47,0
DA:49,0
DA:50,0
DA:54,0
DA:129,0
DA:131,0
DA:132,0
DA:137,0
DA:138,0
DA:139,0
DA:141,0
DA:194,0
DA:195,0
DA:198,0
DA:200,0
DA:201,0
DA:206,0
DA:207,0
DA:223,0
DA:225,0
DA:226,0
DA:229,0
DA:230,0
DA:234,0
DA:238,0
DA:243,0
DA:244,0
DA:246,0
DA:247,0
DA:248,0
DA:249,0
DA:251,0
DA:252,0
DA:253,0
DA:254,0
DA:256,0
DA:271,0
DA:272,0
DA:275,0
DA:278,0
DA:281,0
DA:306,0
DA:307,0
DA:310,0
DA:311,0
DA:314,0
DA:315,0
DA:318,0
DA:343,0
DA:344,0
DA:356,0
DA:359,0
DA:361,0
DA:362,0
DA:367,0
DA:368,0
DA:369,0
DA:387,0
DA:389,0
DA:394,0
DA:395,0
DA:399,0
DA:400,0
DA:403,0
DA:422,0
DA:423,0
DA:424,0
DA:426,0
DA:427,0
DA:428,0
DA:429,0
DA:430,0
DA:432,0
DA:448,0
DA:451,0
DA:455,0
DA:456,0
DA:457,0
DA:458,0
DA:463,0
DA:514,0
DA:516,0
DA:517,0
DA:522,0
DA:523,0
DA:524,0
DA:526,0
DA:530,0
DA:531,0
DA:534,0
DA:535,0
DA:538,0
DA:561,0
DA:563,0
DA:564,0
DA:569,0
DA:570,0
DA:571,0
DA:573,0
DA:577,0
DA:578,0
DA:581,0
DA:582,0
DA:585,0
DA:618,0
DA:619,0
DA:630,0
DA:633,0
DA:635,0
DA:636,0
DA:641,0
DA:642,0
DA:643,0
DA:644,0
DA:646,0
DA:650,0
DA:651,0
DA:654,0
DA:655,0
DA:658,0
DA:692,0
DA:693,0
DA:705,0
DA:708,0
DA:710,0
DA:711,0
DA:716,0
DA:717,0
DA:718,0
DA:720,0
DA:724,0
DA:725,0
DA:728,0
DA:729,0
DA:732,0
DA:752,0
DA:753,0
DA:763,0
DA:766,0
DA:768,0
DA:769,0
DA:774,0
DA:775,0
DA:776,0
DA:777,0
DA:779,0
DA:784,0
DA:785,0
DA:788,0
DA:789,0
DA:792,0
DA:793,0
DA:797,0
DA:805,0
DA:827,0
DA:828,0
DA:829,0
DA:830,0
DA:831,0
DA:842,0
DA:847,0
DA:848,0
DA:849,0
DA:852,0
DA:854,0
DA:860,0
DA:861,0
DA:871,0
DA:873,0
DA:874,0
DA:879,0
DA:880,0
DA:881,0
DA:883,0
DA:887,0
DA:888,0
DA:891,0
DA:892,0
DA:895,0
DA:914,0
DA:916,0
DA:917,0
DA:922,0
DA:923,0
DA:924,0
DA:926,0
DA:930,0
DA:931,0
DA:934,0
DA:939,0
DA:941,0
DA:942,0
DA:947,0
DA:948,0
DA:949,0
DA:951,0
DA:955,0
DA:956,0
DA:957,0
DA:958,0
DA:960,0
DA:961,0
DA:974,0
DA:988,0
DA:1001,0
DA:1002,0
LF:228
LH:0
BRDA:15,0,0,0
BRDA:24,1,0,0
BRDA:28,2,0,0
BRDA:32,3,0,0
BRDA:36,4,0,0
BRDA:40,5,0,0
BRDA:44,6,0,0
BRDA:44,7,0,0
BRDA:44,7,1,0
BRDA:46,8,0,0
BRDA:49,9,0,0
BRDA:194,10,0,0
BRDA:225,11,0,0
BRDA:229,12,0,0
BRDA:229,13,0,0
BRDA:229,13,1,0
BRDA:238,14,0,0
BRDA:238,14,1,0
BRDA:247,15,0,0
BRDA:247,15,1,0
BRDA:248,16,0,0
BRDA:248,16,1,0
BRDA:249,17,0,0
BRDA:249,17,1,0
BRDA:258,18,0,0
BRDA:258,18,1,0
BRDA:260,19,0,0
BRDA:260,19,1,0
BRDA:262,20,0,0
BRDA:262,20,1,0
BRDA:267,21,0,0
BRDA:267,21,1,0
BRDA:271,22,0,0
BRDA:283,23,0,0
BRDA:283,23,1,0
BRDA:284,24,0,0
BRDA:284,24,1,0
BRDA:286,25,0,0
BRDA:286,25,1,0
BRDA:288,26,0,0
BRDA:288,26,1,0
BRDA:289,27,0,0
BRDA:289,27,1,0
BRDA:290,28,0,0
BRDA:290,28,1,0
BRDA:294,29,0,0
BRDA:294,29,1,0
BRDA:295,30,0,0
BRDA:295,30,1,0
BRDA:296,31,0,0
BRDA:296,31,1,0
BRDA:306,32,0,0
BRDA:310,33,0,0
BRDA:314,34,0,0
BRDA:394,35,0,0
BRDA:399,36,0,0
BRDA:399,37,0,0
BRDA:399,37,1,0
BRDA:404,38,0,0
BRDA:404,38,1,0
BRDA:405,39,0,0
BRDA:405,39,1,0
BRDA:406,40,0,0
BRDA:406,40,1,0
BRDA:407,41,0,0
BRDA:407,41,1,0
BRDA:408,42,0,0
BRDA:408,42,1,0
BRDA:409,43,0,0
BRDA:409,43,1,0
BRDA:410,44,0,0
BRDA:410,44,1,0
BRDA:411,45,0,0
BRDA:411,45,1,0
BRDA:412,46,0,0
BRDA:412,46,1,0
BRDA:413,47,0,0
BRDA:413,47,1,0
BRDA:414,48,0,0
BRDA:414,48,1,0
BRDA:415,49,0,0
BRDA:415,49,1,0
BRDA:416,50,0,0
BRDA:416,50,1,0
BRDA:417,51,0,0
BRDA:417,51,1,0
BRDA:418,52,0,0
BRDA:418,52,1,0
BRDA:422,53,0,0
BRDA:434,54,0,0
BRDA:434,54,1,0
BRDA:435,55,0,0
BRDA:435,55,1,0
BRDA:437,56,0,0
BRDA:437,56,1,0
BRDA:439,57,0,0
BRDA:439,57,1,0
BRDA:440,58,0,0
BRDA:440,58,1,0
BRDA:442,59,0,0
BRDA:442,59,1,0
BRDA:444,60,0,0
BRDA:444,60,1,0
BRDA:530,61,0,0
BRDA:534,62,0,0
BRDA:577,63,0,0
BRDA:581,64,0,0
BRDA:650,65,0,0
BRDA:654,66,0,0
BRDA:664,67,0,0
BRDA:664,67,1,0
BRDA:724,68,0,0
BRDA:728,69,0,0
BRDA:784,70,0,0
BRDA:788,71,0,0
BRDA:788,72,0,0
BRDA:788,72,1,0
BRDA:792,73,0,0
BRDA:792,74,0,0
BRDA:792,74,1,0
BRDA:800,75,0,0
BRDA:800,75,1,0
BRDA:801,76,0,0
BRDA:801,76,1,0
BRDA:802,77,0,0
BRDA:802,77,1,0
BRDA:806,78,0,0
BRDA:806,78,1,0
BRDA:809,79,0,0
BRDA:809,79,1,0
BRDA:810,80,0,0
BRDA:810,80,1,0
BRDA:828,81,0,0
BRDA:830,82,0,0
BRDA:847,83,0,0
BRDA:854,84,0,0
BRDA:854,84,1,0
BRDA:856,85,0,0
BRDA:856,85,1,0
BRDA:860,86,0,0
BRDA:865,87,0,0
BRDA:865,87,1,0
BRDA:887,88,0,0
BRDA:891,89,0,0
BRDA:891,90,0,0
BRDA:891,90,1,0
BRDA:930,91,0,0
BRDA:955,92,0,0
BRDA:955,93,0,0
BRDA:955,93,1,0
BRDA:957,94,0,0
BRDA:960,95,0,0
BRDA:998,96,0,0
BRDA:998,96,1,0
BRF:154
BRH:0
end_of_record
TN:
SF:src\controllers\payroll.controller.ts
FN:8,(anonymous_0)
FN:32,(anonymous_1)
FN:89,(anonymous_2)
FN:147,(anonymous_3)
FN:192,(anonymous_4)
FN:208,(anonymous_5)
FN:246,(anonymous_6)
FN:304,(anonymous_7)
FN:318,(anonymous_8)
FN:432,(anonymous_9)
FN:463,(anonymous_10)
FN:483,(anonymous_11)
FN:534,(anonymous_12)
FNF:13
FNH:0
FNDA:0,(anonymous_0)
FNDA:0,(anonymous_1)
FNDA:0,(anonymous_2)
FNDA:0,(anonymous_3)
FNDA:0,(anonymous_4)
FNDA:0,(anonymous_5)
FNDA:0,(anonymous_6)
FNDA:0,(anonymous_7)
FNDA:0,(anonymous_8)
FNDA:0,(anonymous_9)
FNDA:0,(anonymous_10)
FNDA:0,(anonymous_11)
FNDA:0,(anonymous_12)
DA:2,0
DA:5,0
DA:8,0
DA:9,0
DA:10,0
DA:12,0
DA:24,0
DA:26,0
DA:27,0
DA:32,0
DA:33,0
DA:34,0
DA:36,0
DA:37,0
DA:38,0
DA:40,0
DA:81,0
DA:83,0
DA:84,0
DA:89,0
DA:90,0
DA:91,0
DA:93,0
DA:135,0
DA:136,0
DA:139,0
DA:141,0
DA:142,0
DA:147,0
DA:148,0
DA:149,0
DA:150,0
DA:152,0
DA:153,0
DA:154,0
DA:155,0
DA:156,0
DA:157,0
DA:158,0
DA:159,0
DA:160,0
DA:163,0
DA:165,0
DA:184,0
DA:186,0
DA:187,0
DA:192,0
DA:193,0
DA:194,0
DA:196,0
DA:200,0
DA:202,0
DA:203,0
DA:208,0
DA:209,0
DA:210,0
DA:212,0
DA:238,0
DA:240,0
DA:241,0
DA:246,0
DA:247,0
DA:248,0
DA:251,0
DA:255,0
DA:256,0
DA:260,0
DA:289,0
DA:292,0
DA:293,0
DA:295,0
DA:298,0
DA:299,0
DA:300,0
DA:301,0
DA:302,0
DA:304,0
DA:305,0
DA:307,0
DA:308,0
DA:314,0
DA:315,0
DA:316,0
DA:318,0
DA:319,0
DA:320,0
DA:321,0
DA:322,0
DA:324,0
DA:328,0
DA:329,0
DA:330,0
DA:331,0
DA:332,0
DA:334,0
DA:337,0
DA:338,0
DA:339,0
DA:340,0
DA:341,0
DA:343,0
DA:344,0
DA:347,0
DA:415,0
DA:419,0
DA:424,0
DA:426,0
DA:427,0
DA:432,0
DA:433,0
DA:434,0
DA:437,0
DA:442,0
DA:443,0
DA:446,0
DA:455,0
DA:457,0
DA:458,0
DA:463,0
DA:464,0
DA:465,0
DA:467,0
DA:471,0
DA:472,0
DA:475,0
DA:477,0
DA:478,0
DA:483,0
DA:484,0
DA:485,0
DA:487,0
DA:526,0
DA:528,0
DA:529,0
DA:534,0
DA:535,0
DA:536,0
DA:538,0
DA:584,0
DA:586,0
DA:587,0
LF:141
LH:0
BRDA:19,0,0,0
BRDA:19,0,1,0
BRDA:37,1,0,0
BRDA:38,2,0,0
BRDA:135,3,0,0
BRDA:153,4,0,0
BRDA:154,5,0,0
BRDA:156,6,0,0
BRDA:156,6,1,0
BRDA:158,7,0,0
BRDA:158,7,1,0
BRDA:159,8,0,0
BRDA:160,9,0,0
BRDA:160,9,1,0
BRDA:163,10,0,0
BRDA:255,11,0,0
BRDA:293,12,0,0
BRDA:305,13,0,0
BRDA:319,14,0,0
BRDA:319,14,1,0
BRDA:321,15,0,0
BRDA:329,16,0,0
BRDA:329,16,1,0
BRDA:330,17,0,0
BRDA:330,17,1,0
BRDA:331,18,0,0
BRDA:331,18,1,0
BRDA:332,19,0,0
BRDA:332,19,1,0
BRDA:439,20,0,0
BRDA:439,20,1,0
BRDA:442,21,0,0
BRDA:471,22,0,0
BRF:33
BRH:0
end_of_record
TN:
SF:src\controllers\project.controller.ts
FN:7,(anonymous_0)
FN:35,(anonymous_1)
FN:46,(anonymous_2)
FN:55,(anonymous_3)
FN:76,(anonymous_4)
FN:100,(anonymous_5)
FN:113,(anonymous_6)
FN:143,(anonymous_7)
FNF:8
FNH:0
FNDA:0,(anonymous_0)
FNDA:0,(anonymous_1)
FNDA:0,(anonymous_2)
FNDA:0,(anonymous_3)
FNDA:0,(anonymous_4)
FNDA:0,(anonymous_5)
FNDA:0,(anonymous_6)
FNDA:0,(anonymous_7)
DA:2,0
DA:5,0
DA:7,0
DA:8,0
DA:9,0
DA:28,0
DA:30,0
DA:31,0
DA:35,0
DA:36,0
DA:37,0
DA:39,0
DA:46,0
DA:48,0
DA:50,0
DA:51,0
DA:55,0
DA:56,0
DA:57,0
DA:59,0
DA:69,0
DA:71,0
DA:72,0
DA:76,0
DA:77,0
DA:78,0
DA:79,0
DA:81,0
DA:93,0
DA:95,0
DA:96,0
DA:100,0
DA:101,0
DA:102,0
DA:104,0
DA:106,0
DA:108,0
DA:109,0
DA:113,0
DA:114,0
DA:115,0
DA:116,0
DA:118,0
DA:136,0
DA:138,0
DA:139,0
DA:143,0
DA:144,0
DA:145,0
DA:147,0
DA:154,0
DA:156,0
DA:157,0
LF:53
LH:0
BRDA:63,0,0,0
BRDA:63,0,1,0
BRDA:64,1,0,0
BRDA:64,1,1,0
BRDA:65,2,0,0
BRDA:65,2,1,0
BRDA:87,3,0,0
BRDA:87,3,1,0
BRDA:88,4,0,0
BRDA:88,4,1,0
BRDA:89,5,0,0
BRDA:89,5,1,0
BRF:12
BRH:0
end_of_record
TN:
SF:src\controllers\projectBudget.controller.ts
FN:15,(anonymous_0)
FN:82,(anonymous_1)
FN:130,(anonymous_2)
FN:172,(anonymous_3)
FN:242,(anonymous_4)
FN:310,(anonymous_5)
FN:328,(anonymous_6)
FN:329,(anonymous_7)
FN:374,(anonymous_8)
FN:403,(anonymous_9)
FN:464,(anonymous_10)
FN:555,(anonymous_11)
FN:580,(anonymous_12)
FN:625,(anonymous_13)
FN:635,(anonymous_14)
FNF:15
FNH:0
FNDA:0,(anonymous_0)
FNDA:0,(anonymous_1)
FNDA:0,(anonymous_2)
FNDA:0,(anonymous_3)
FNDA:0,(anonymous_4)
FNDA:0,(anonymous_5)
FNDA:0,(anonymous_6)
FNDA:0,(anonymous_7)
FNDA:0,(anonymous_8)
FNDA:0,(anonymous_9)
FNDA:0,(anonymous_10)
FNDA:0,(anonymous_11)
FNDA:0,(anonymous_12)
FNDA:0,(anonymous_13)
FNDA:0,(anonymous_14)
DA:2,0
DA:4,0
DA:15,0
DA:16,0
DA:17,0
DA:74,0
DA:76,0
DA:77,0
DA:82,0
DA:83,0
DA:84,0
DA:86,0
DA:118,0
DA:119,0
DA:122,0
DA:124,0
DA:125,0
DA:130,0
DA:131,0
DA:132,0
DA:134,0
DA:160,0
DA:161,0
DA:164,0
DA:166,0
DA:167,0
DA:172,0
DA:173,0
DA:183,0
DA:185,0
DA:186,0
DA:190,0
DA:194,0
DA:195,0
DA:199,0
DA:203,0
DA:204,0
DA:207,0
DA:234,0
DA:236,0
DA:237,0
DA:242,0
DA:243,0
DA:244,0
DA:255,0
DA:257,0
DA:261,0
DA:262,0
DA:265,0
DA:302,0
DA:304,0
DA:305,0
DA:310,0
DA:311,0
DA:312,0
DA:314,0
DA:323,0
DA:324,0
DA:328,0
DA:329,0
DA:330,0
DA:331,0
DA:334,0
DA:335,0
DA:336,0
DA:337,0
DA:338,0
DA:341,0
DA:366,0
DA:368,0
DA:369,0
DA:374,0
DA:375,0
DA:376,0
DA:378,0
DA:382,0
DA:383,0
DA:386,0
DA:391,0
DA:393,0
DA:394,0
DA:403,0
DA:404,0
DA:405,0
DA:417,0
DA:419,0
DA:423,0
DA:424,0
DA:427,0
DA:431,0
DA:456,0
DA:458,0
DA:459,0
DA:464,0
DA:465,0
DA:466,0
DA:482,0
DA:484,0
DA:488,0
DA:489,0
DA:493,0
DA:494,0
DA:496,0
DA:497,0
DA:498,0
DA:500,0
DA:501,0
DA:504,0
DA:505,0
DA:507,0
DA:508,0
DA:512,0
DA:513,0
DA:515,0
DA:547,0
DA:549,0
DA:550,0
DA:555,0
DA:556,0
DA:557,0
DA:559,0
DA:563,0
DA:564,0
DA:567,0
DA:572,0
DA:574,0
DA:575,0
DA:580,0
DA:581,0
DA:582,0
DA:584,0
DA:591,0
DA:592,0
DA:596,0
DA:625,0
DA:626,0
DA:629,0
DA:635,0
DA:637,0
DA:642,0
DA:643,0
LF:141
LH:0
BRDA:118,0,0,0
BRDA:160,1,0,0
BRDA:185,2,0,0
BRDA:194,3,0,0
BRDA:203,4,0,0
BRDA:261,5,0,0
BRDA:268,6,0,0
BRDA:268,6,1,0
BRDA:269,7,0,0
BRDA:269,7,1,0
BRDA:270,8,0,0
BRDA:270,8,1,0
BRDA:271,9,0,0
BRDA:271,9,1,0
BRDA:272,10,0,0
BRDA:272,10,1,0
BRDA:273,11,0,0
BRDA:273,11,1,0
BRDA:274,12,0,0
BRDA:274,12,1,0
BRDA:275,13,0,0
BRDA:275,13,1,0
BRDA:276,14,0,0
BRDA:276,14,1,0
BRDA:323,15,0,0
BRDA:331,16,0,0
BRDA:331,16,1,0
BRDA:335,17,0,0
BRDA:335,17,1,0
BRDA:337,18,0,0
BRDA:382,19,0,0
BRDA:423,20,0,0
BRDA:427,21,0,0
BRDA:427,21,1,0
BRDA:428,22,0,0
BRDA:428,22,1,0
BRDA:428,23,0,0
BRDA:428,23,1,0
BRDA:429,24,0,0
BRDA:429,24,1,0
BRDA:429,25,0,0
BRDA:429,25,1,0
BRDA:439,26,0,0
BRDA:439,26,1,0
BRDA:440,27,0,0
BRDA:440,27,1,0
BRDA:442,28,0,0
BRDA:442,28,1,0
BRDA:443,29,0,0
BRDA:443,29,1,0
BRDA:488,30,0,0
BRDA:496,31,0,0
BRDA:496,31,1,0
BRDA:497,32,0,0
BRDA:497,33,0,0
BRDA:497,33,1,0
BRDA:500,34,0,0
BRDA:500,35,0,0
BRDA:500,35,1,0
BRDA:504,36,0,0
BRDA:504,37,0,0
BRDA:504,37,1,0
BRDA:507,38,0,0
BRDA:507,39,0,0
BRDA:507,39,1,0
BRDA:513,40,0,0
BRDA:513,40,1,0
BRDA:518,41,0,0
BRDA:518,41,1,0
BRDA:519,42,0,0
BRDA:519,42,1,0
BRDA:520,43,0,0
BRDA:520,43,1,0
BRDA:521,44,0,0
BRDA:521,44,1,0
BRDA:522,45,0,0
BRDA:522,45,1,0
BRDA:523,46,0,0
BRDA:523,46,1,0
BRDA:524,47,0,0
BRDA:524,47,1,0
BRDA:525,48,0,0
BRDA:525,48,1,0
BRDA:526,49,0,0
BRDA:526,49,1,0
BRDA:527,50,0,0
BRDA:527,50,1,0
BRDA:528,51,0,0
BRDA:528,51,1,0
BRDA:529,52,0,0
BRDA:529,52,1,0
BRDA:530,53,0,0
BRDA:530,53,1,0
BRDA:531,54,0,0
BRDA:531,54,1,0
BRDA:563,55,0,0
BRDA:591,56,0,0
BRDA:626,57,0,0
BRDA:626,57,1,0
BRDA:627,58,0,0
BRDA:627,58,1,0
BRF:101
BRH:0
end_of_record
TN:
SF:src\controllers\projectReports.controller.ts
FN:17,(anonymous_0)
FN:76,(anonymous_1)
FN:145,(anonymous_2)
FN:149,(anonymous_3)
FN:182,(anonymous_4)
FN:184,(anonymous_5)
FN:185,(anonymous_6)
FN:202,(anonymous_7)
FN:203,(anonymous_8)
FN:204,(anonymous_9)
FN:205,(anonymous_10)
FN:225,(anonymous_11)
FN:357,(anonymous_12)
FN:385,(anonymous_13)
FN:386,(anonymous_14)
FNF:15
FNH:0
FNDA:0,(anonymous_0)
FNDA:0,(anonymous_1)
FNDA:0,(anonymous_2)
FNDA:0,(anonymous_3)
FNDA:0,(anonymous_4)
FNDA:0,(anonymous_5)
FNDA:0,(anonymous_6)
FNDA:0,(anonymous_7)
FNDA:0,(anonymous_8)
FNDA:0,(anonymous_9)
FNDA:0,(anonymous_10)
FNDA:0,(anonymous_11)
FNDA:0,(anonymous_12)
FNDA:0,(anonymous_13)
FNDA:0,(anonymous_14)
DA:2,0
DA:5,0
DA:17,0
DA:18,0
DA:19,0
DA:22,0
DA:24,0
DA:25,0
DA:26,0
DA:27,0
DA:30,0
DA:31,0
DA:35,0
DA:75,0
DA:78,0
DA:83,0
DA:84,0
DA:90,0
DA:91,0
DA:97,0
DA:108,0
DA:109,0
DA:111,0
DA:112,0
DA:113,0
DA:114,0
DA:115,0
DA:116,0
DA:117,0
DA:119,0
DA:121,0
DA:122,0
DA:124,0
DA:129,0
DA:130,0
DA:132,0
DA:149,0
DA:150,0
DA:151,0
DA:154,0
DA:158,0
DA:182,0
DA:185,0
DA:186,0
DA:198,0
DA:202,0
DA:203,0
DA:204,0
DA:205,0
DA:209,0
DA:210,0
DA:225,0
DA:226,0
DA:227,0
DA:229,0
DA:230,0
DA:234,0
DA:253,0
DA:254,0
DA:258,0
DA:263,0
DA:264,0
DA:267,0
DA:268,0
DA:273,0
DA:274,0
DA:279,0
DA:297,0
DA:298,0
DA:299,0
DA:301,0
DA:302,0
DA:304,0
DA:305,0
DA:306,0
DA:307,0
DA:308,0
DA:312,0
DA:313,0
DA:314,0
DA:316,0
DA:318,0
DA:319,0
DA:323,0
DA:325,0
DA:326,0
DA:328,0
DA:329,0
DA:330,0
DA:331,0
DA:333,0
DA:334,0
DA:337,0
DA:338,0
DA:341,0
DA:342,0
DA:352,0
DA:353,0
DA:354,0
DA:357,0
DA:363,0
DA:385,0
DA:386,0
DA:405,0
DA:406,0
LF:105
LH:0
BRDA:24,0,0,0
BRDA:24,0,1,0
BRDA:26,1,0,0
BRDA:30,2,0,0
BRDA:83,3,0,0
BRDA:90,4,0,0
BRDA:112,5,0,0
BRDA:115,6,0,0
BRDA:115,6,1,0
BRDA:121,7,0,0
BRDA:129,8,0,0
BRDA:129,8,1,0
BRDA:130,9,0,0
BRDA:130,9,1,0
BRDA:138,10,0,0
BRDA:138,10,1,0
BRDA:144,11,0,0
BRDA:144,11,1,0
BRDA:149,12,0,0
BRDA:149,12,1,0
BRDA:150,13,0,0
BRDA:150,13,1,0
BRDA:154,14,0,0
BRDA:154,14,1,0
BRDA:167,15,0,0
BRDA:167,15,1,0
BRDA:188,16,0,0
BRDA:188,16,1,0
BRDA:203,17,0,0
BRDA:203,17,1,0
BRDA:204,18,0,0
BRDA:204,18,1,0
BRDA:227,19,0,0
BRDA:229,20,0,0
BRDA:253,21,0,0
BRDA:263,22,0,0
BRDA:267,23,0,0
BRDA:273,24,0,0
BRDA:302,25,0,0
BRDA:306,26,0,0
BRDA:306,26,1,0
BRDA:313,27,0,0
BRDA:313,28,0,0
BRDA:313,28,1,0
BRDA:314,29,0,0
BRDA:314,29,1,0
BRDA:323,30,0,0
BRDA:323,30,1,0
BRDA:323,30,2,0
BRDA:323,30,3,0
BRDA:323,30,4,0
BRDA:341,31,0,0
BRDA:347,32,0,0
BRDA:347,32,1,0
BRDA:348,33,0,0
BRDA:348,33,1,0
BRDA:368,34,0,0
BRDA:368,34,1,0
BRDA:381,35,0,0
BRDA:381,35,1,0
BRDA:382,36,0,0
BRDA:382,36,1,0
BRDA:392,37,0,0
BRDA:392,37,1,0
BRDA:396,38,0,0
BRDA:396,38,1,0
BRF:66
BRH:0
end_of_record
TN:
SF:src\controllers\projectTimeAllocation.controller.ts
FN:8,(anonymous_0)
FN:47,(anonymous_1)
FN:88,(anonymous_2)
FN:107,(anonymous_3)
FN:115,(anonymous_4)
FN:147,(anonymous_5)
FN:184,(anonymous_6)
FN:235,(anonymous_7)
FNF:8
FNH:0
FNDA:0,(anonymous_0)
FNDA:0,(anonymous_1)
FNDA:0,(anonymous_2)
FNDA:0,(anonymous_3)
FNDA:0,(anonymous_4)
FNDA:0,(anonymous_5)
FNDA:0,(anonymous_6)
FNDA:0,(anonymous_7)
DA:2,0
DA:5,0
DA:8,0
DA:9,0
DA:10,0
DA:11,0
DA:14,0
DA:21,0
DA:22,0
DA:25,0
DA:39,0
DA:41,0
DA:42,0
DA:47,0
DA:48,0
DA:49,0
DA:50,0
DA:51,0
DA:54,0
DA:67,0
DA:68,0
DA:71,0
DA:72,0
DA:76,0
DA:77,0
DA:78,0
DA:79,0
DA:80,0
DA:81,0
DA:84,0
DA:85,0
DA:88,0
DA:91,0
DA:92,0
DA:100,0
DA:101,0
DA:102,0
DA:107,0
DA:109,0
DA:114,0
DA:115,0
DA:125,0
DA:139,0
DA:141,0
DA:142,0
DA:147,0
DA:148,0
DA:149,0
DA:150,0
DA:153,0
DA:164,0
DA:165,0
DA:168,0
DA:169,0
DA:172,0
DA:176,0
DA:178,0
DA:179,0
DA:184,0
DA:185,0
DA:186,0
DA:187,0
DA:189,0
DA:191,0
DA:192,0
DA:195,0
DA:196,0
DA:199,0
DA:200,0
DA:209,0
DA:235,0
DA:236,0
DA:237,0
DA:238,0
DA:245,0
DA:246,0
DA:253,0
DA:256,0
DA:258,0
DA:259,0
LF:80
LH:0
BRDA:17,0,0,0
BRDA:17,0,1,0
BRDA:21,1,0,0
BRDA:57,2,0,0
BRDA:57,2,1,0
BRDA:67,3,0,0
BRDA:71,4,0,0
BRDA:79,5,0,0
BRDA:79,5,1,0
BRDA:84,6,0,0
BRDA:84,7,0,0
BRDA:84,7,1,0
BRDA:88,8,0,0
BRDA:88,8,1,0
BRDA:91,9,0,0
BRDA:101,10,0,0
BRDA:101,11,0,0
BRDA:101,11,1,0
BRDA:101,11,2,0
BRDA:119,12,0,0
BRDA:119,12,1,0
BRDA:164,13,0,0
BRDA:168,14,0,0
BRDA:168,15,0,0
BRDA:168,15,1,0
BRDA:187,16,0,0
BRDA:187,16,1,0
BRDA:191,17,0,0
BRDA:195,18,0,0
BRDA:199,19,0,0
BRDA:199,20,0,0
BRDA:199,20,1,0
BRDA:237,21,0,0
BRF:33
BRH:0
end_of_record
TN:
SF:src\controllers\reminder.controller.ts
FN:7,(anonymous_0)
FN:43,(anonymous_1)
FN:71,(anonymous_2)
FN:90,(anonymous_3)
FN:170,(anonymous_4)
FN:233,(anonymous_5)
FN:249,(anonymous_6)
FN:286,(anonymous_7)
FN:317,(anonymous_8)
FN:348,(anonymous_9)
FN:392,(anonymous_10)
FN:411,(anonymous_11)
FN:428,(anonymous_12)
FNF:13
FNH:0
FNDA:0,(anonymous_0)
FNDA:0,(anonymous_1)
FNDA:0,(anonymous_2)
FNDA:0,(anonymous_3)
FNDA:0,(anonymous_4)
FNDA:0,(anonymous_5)
FNDA:0,(anonymous_6)
FNDA:0,(anonymous_7)
FNDA:0,(anonymous_8)
FNDA:0,(anonymous_9)
FNDA:0,(anonymous_10)
FNDA:0,(anonymous_11)
FNDA:0,(anonymous_12)
DA:2,0
DA:4,0
DA:7,0
DA:8,0
DA:9,0
DA:11,0
DA:13,0
DA:14,0
DA:15,0
DA:16,0
DA:21,0
DA:35,0
DA:37,0
DA:38,0
DA:43,0
DA:44,0
DA:45,0
DA:47,0
DA:59,0
DA:60,0
DA:63,0
DA:65,0
DA:66,0
DA:71,0
DA:72,0
DA:73,0
DA:75,0
DA:82,0
DA:84,0
DA:85,0
DA:90,0
DA:91,0
DA:102,0
DA:105,0
DA:109,0
DA:110,0
DA:114,0
DA:115,0
DA:126,0
DA:127,0
DA:128,0
DA:129,0
DA:132,0
DA:135,0
DA:136,0
DA:138,0
DA:162,0
DA:164,0
DA:165,0
DA:170,0
DA:171,0
DA:172,0
DA:184,0
DA:186,0
DA:188,0
DA:189,0
DA:190,0
DA:191,0
DA:192,0
DA:193,0
DA:194,0
DA:195,0
DA:196,0
DA:197,0
DA:200,0
DA:201,0
DA:205,0
DA:206,0
DA:213,0
DA:225,0
DA:227,0
DA:228,0
DA:233,0
DA:234,0
DA:235,0
DA:237,0
DA:241,0
DA:243,0
DA:244,0
DA:249,0
DA:250,0
DA:251,0
DA:252,0
DA:254,0
DA:271,0
DA:278,0
DA:280,0
DA:281,0
DA:286,0
DA:287,0
DA:288,0
DA:290,0
DA:302,0
DA:309,0
DA:311,0
DA:312,0
DA:317,0
DA:318,0
DA:319,0
DA:321,0
DA:322,0
DA:325,0
DA:326,0
DA:328,0
DA:348,0
DA:349,0
DA:350,0
DA:351,0
DA:353,0
DA:354,0
DA:355,0
DA:357,0
DA:358,0
DA:359,0
DA:360,0
DA:361,0
DA:362,0
DA:363,0
DA:364,0
DA:366,0
DA:367,0
DA:368,0
DA:371,0
DA:373,0
DA:384,0
DA:386,0
DA:387,0
DA:392,0
DA:393,0
DA:394,0
DA:396,0
DA:398,0
DA:403,0
DA:405,0
DA:406,0
DA:411,0
DA:412,0
DA:413,0
DA:415,0
DA:420,0
DA:422,0
DA:423,0
DA:428,0
DA:429,0
DA:430,0
DA:432,0
DA:437,0
DA:442,0
DA:449,0
DA:457,0
DA:458,0
LF:151
LH:0
BRDA:13,0,0,0
BRDA:14,1,0,0
BRDA:15,2,0,0
BRDA:59,3,0,0
BRDA:109,4,0,0
BRDA:127,5,0,0
BRDA:136,6,0,0
BRDA:136,6,1,0
BRDA:136,7,0,0
BRDA:136,7,1,0
BRDA:142,8,0,0
BRDA:142,8,1,0
BRDA:145,9,0,0
BRDA:145,9,1,0
BRDA:146,10,0,0
BRDA:146,10,1,0
BRDA:148,11,0,0
BRDA:148,11,1,0
BRDA:188,12,0,0
BRDA:189,13,0,0
BRDA:190,14,0,0
BRDA:191,15,0,0
BRDA:192,16,0,0
BRDA:193,17,0,0
BRDA:194,18,0,0
BRDA:195,19,0,0
BRDA:196,20,0,0
BRDA:197,21,0,0
BRDA:200,22,0,0
BRDA:200,23,0,0
BRDA:200,23,1,0
BRDA:205,24,0,0
BRDA:208,25,0,0
BRDA:208,25,1,0
BRDA:209,26,0,0
BRDA:209,26,1,0
BRDA:321,27,0,0
BRDA:357,28,0,0
BRDA:357,28,1,0
BRDA:361,29,0,0
BRDA:361,29,1,0
BRDA:396,30,0,0
BRDA:453,31,0,0
BRDA:453,31,1,0
BRDA:454,32,0,0
BRDA:454,32,1,0
BRF:46
BRH:0
end_of_record
TN:
SF:src\controllers\reminderPdf.controller.ts
FN:7,(anonymous_1)
FNF:1
FNH:0
FNDA:0,(anonymous_1)
DA:2,0
DA:3,0
DA:5,0
DA:7,0
DA:8,0
DA:9,0
DA:11,0
DA:24,0
DA:25,0
DA:28,0
DA:29,0
DA:30,0
DA:34,0
DA:44,0
DA:45,0
DA:50,0
DA:53,0
DA:68,0
DA:69,0
DA:70,0
DA:71,0
DA:72,0
DA:73,0
DA:74,0
DA:75,0
DA:78,0
DA:79,0
DA:80,0
DA:81,0
DA:82,0
DA:83,0
DA:84,0
DA:85,0
DA:86,0
DA:90,0
DA:91,0
DA:93,0
DA:94,0
DA:96,0
DA:97,0
DA:99,0
DA:100,0
DA:103,0
DA:104,0
DA:105,0
DA:106,0
DA:109,0
DA:110,0
DA:111,0
DA:112,0
DA:114,0
DA:115,0
DA:117,0
DA:118,0
DA:120,0
DA:121,0
DA:123,0
DA:124,0
DA:126,0
DA:127,0
DA:128,0
DA:129,0
DA:132,0
DA:133,0
DA:135,0
DA:136,0
DA:138,0
DA:139,0
DA:141,0
DA:142,0
DA:145,0
DA:146,0
DA:152,0
DA:153,0
DA:154,0
DA:155,0
DA:156,0
DA:158,0
DA:159,0
DA:162,0
DA:163,0
DA:164,0
DA:165,0
DA:168,0
DA:169,0
DA:170,0
DA:171,0
DA:175,0
DA:176,0
DA:177,0
DA:178,0
DA:182,0
DA:183,0
DA:184,0
DA:187,0
DA:188,0
DA:189,0
DA:190,0
DA:191,0
DA:194,0
DA:195,0
DA:196,0
DA:197,0
DA:198,0
DA:199,0
DA:200,0
DA:202,0
DA:203,0
DA:204,0
DA:205,0
DA:207,0
DA:208,0
DA:209,0
DA:210,0
DA:213,0
DA:214,0
DA:218,0
DA:219,0
DA:220,0
DA:227,0
DA:228,0
DA:236,0
DA:238,0
DA:239,0
LF:124
LH:0
BRDA:24,0,0,0
BRDA:29,1,0,0
BRDA:39,2,0,0
BRDA:39,2,1,0
BRDA:54,3,0,0
BRDA:54,3,1,0
BRDA:55,4,0,0
BRDA:55,4,1,0
BRDA:56,5,0,0
BRDA:56,5,1,0
BRDA:57,6,0,0
BRDA:57,6,1,0
BRDA:58,7,0,0
BRDA:58,7,1,0
BRDA:59,8,0,0
BRDA:59,8,1,0
BRDA:60,9,0,0
BRDA:60,9,1,0
BRDA:61,10,0,0
BRDA:61,10,1,0
BRDA:62,11,0,0
BRDA:62,11,1,0
BRDA:63,12,0,0
BRDA:63,12,1,0
BRDA:64,13,0,0
BRDA:64,13,1,0
BRDA:72,14,0,0
BRDA:74,15,0,0
BRDA:75,16,0,0
BRDA:83,17,0,0
BRDA:84,18,0,0
BRDA:84,18,1,0
BRDA:84,19,0,0
BRDA:84,19,1,0
BRDA:85,20,0,0
BRDA:85,21,0,0
BRDA:85,21,1,0
BRDA:91,22,0,0
BRDA:91,22,1,0
BRDA:91,22,2,0
BRDA:133,23,0,0
BRDA:133,23,1,0
BRDA:133,23,2,0
BRDA:146,24,0,0
BRDA:146,24,1,0
BRDA:168,25,0,0
BRDA:175,26,0,0
BRDA:194,27,0,0
BRDA:207,28,0,0
BRDA:221,29,0,0
BRDA:221,29,1,0
BRDA:227,30,0,0
BRF:52
BRH:0
end_of_record
TN:
SF:src\controllers\report.controller.ts
FN:8,(anonymous_0)
FN:13,(anonymous_1)
FN:34,(anonymous_2)
FN:39,(anonymous_3)
FN:64,(anonymous_4)
FN:79,(anonymous_5)
FN:114,(anonymous_6)
FN:119,(anonymous_7)
FN:144,(anonymous_8)
FN:160,(anonymous_9)
FN:175,(anonymous_10)
FN:187,(anonymous_11)
FN:207,(anonymous_12)
FN:243,(anonymous_13)
FN:248,(anonymous_14)
FN:272,(anonymous_15)
FN:287,(anonymous_16)
FN:302,(anonymous_17)
FN:307,(anonymous_18)
FN:322,(anonymous_19)
FN:331,(anonymous_20)
FN:351,(anonymous_21)
FN:365,(anonymous_22)
FN:384,(anonymous_23)
FN:400,(anonymous_24)
FN:415,(anonymous_25)
FN:434,(anonymous_26)
FN:443,(anonymous_27)
FN:466,(anonymous_28)
FN:485,(anonymous_29)
FN:494,(anonymous_30)
FN:505,(anonymous_31)
FN:507,(anonymous_32)
FN:515,(anonymous_33)
FN:547,(anonymous_34)
FN:584,(anonymous_35)
FN:648,(anonymous_36)
FN:674,(anonymous_37)
FN:679,(anonymous_38)
FN:693,(anonymous_39)
FN:713,(anonymous_40)
FN:718,(anonymous_41)
FN:731,(anonymous_42)
FN:784,(anonymous_43)
FN:835,(anonymous_44)
FN:839,(anonymous_45)
FN:851,(anonymous_46)
FN:887,(anonymous_47)
FNF:48
FNH:0
FNDA:0,(anonymous_0)
FNDA:0,(anonymous_1)
FNDA:0,(anonymous_2)
FNDA:0,(anonymous_3)
FNDA:0,(anonymous_4)
FNDA:0,(anonymous_5)
FNDA:0,(anonymous_6)
FNDA:0,(anonymous_7)
FNDA:0,(anonymous_8)
FNDA:0,(anonymous_9)
FNDA:0,(anonymous_10)
FNDA:0,(anonymous_11)
FNDA:0,(anonymous_12)
FNDA:0,(anonymous_13)
FNDA:0,(anonymous_14)
FNDA:0,(anonymous_15)
FNDA:0,(anonymous_16)
FNDA:0,(anonymous_17)
FNDA:0,(anonymous_18)
FNDA:0,(anonymous_19)
FNDA:0,(anonymous_20)
FNDA:0,(anonymous_21)
FNDA:0,(anonymous_22)
FNDA:0,(anonymous_23)
FNDA:0,(anonymous_24)
FNDA:0,(anonymous_25)
FNDA:0,(anonymous_26)
FNDA:0,(anonymous_27)
FNDA:0,(anonymous_28)
FNDA:0,(anonymous_29)
FNDA:0,(anonymous_30)
FNDA:0,(anonymous_31)
FNDA:0,(anonymous_32)
FNDA:0,(anonymous_33)
FNDA:0,(anonymous_34)
FNDA:0,(anonymous_35)
FNDA:0,(anonymous_36)
FNDA:0,(anonymous_37)
FNDA:0,(anonymous_38)
FNDA:0,(anonymous_39)
FNDA:0,(anonymous_40)
FNDA:0,(anonymous_41)
FNDA:0,(anonymous_42)
FNDA:0,(anonymous_43)
FNDA:0,(anonymous_44)
FNDA:0,(anonymous_45)
FNDA:0,(anonymous_46)
FNDA:0,(anonymous_47)
DA:2,0
DA:4,0
DA:6,0
DA:8,0
DA:9,0
DA:10,0
DA:13,0
DA:14,0
DA:15,0
DA:16,0
DA:18,0
DA:20,0
DA:21,0
DA:27,0
DA:34,0
DA:35,0
DA:38,0
DA:39,0
DA:40,0
DA:41,0
DA:42,0
DA:47,0
DA:51,0
DA:64,0
DA:66,0
DA:74,0
DA:75,0
DA:79,0
DA:80,0
DA:81,0
DA:82,0
DA:84,0
DA:94,0
DA:95,0
DA:98,0
DA:100,0
DA:101,0
DA:107,0
DA:114,0
DA:115,0
DA:118,0
DA:119,0
DA:120,0
DA:121,0
DA:122,0
DA:127,0
DA:131,0
DA:144,0
DA:146,0
DA:155,0
DA:156,0
DA:160,0
DA:161,0
DA:162,0
DA:164,0
DA:174,0
DA:176,0
DA:178,0
DA:179,0
DA:185,0
DA:187,0
DA:188,0
DA:191,0
DA:200,0
DA:202,0
DA:203,0
DA:207,0
DA:208,0
DA:209,0
DA:210,0
DA:212,0
DA:216,0
DA:217,0
DA:220,0
DA:222,0
DA:223,0
DA:229,0
DA:243,0
DA:244,0
DA:247,0
DA:248,0
DA:249,0
DA:250,0
DA:255,0
DA:258,0
DA:266,0
DA:267,0
DA:272,0
DA:273,0
DA:274,0
DA:276,0
DA:286,0
DA:288,0
DA:293,0
DA:294,0
DA:300,0
DA:302,0
DA:303,0
DA:304,0
DA:307,0
DA:309,0
DA:322,0
DA:324,0
DA:326,0
DA:327,0
DA:331,0
DA:332,0
DA:333,0
DA:335,0
DA:337,0
DA:338,0
DA:339,0
DA:341,0
DA:351,0
DA:352,0
DA:355,0
DA:365,0
DA:367,0
DA:377,0
DA:379,0
DA:380,0
DA:384,0
DA:385,0
DA:386,0
DA:387,0
DA:389,0
DA:399,0
DA:401,0
DA:406,0
DA:407,0
DA:413,0
DA:415,0
DA:416,0
DA:419,0
DA:420,0
DA:421,0
DA:423,0
DA:434,0
DA:436,0
DA:438,0
DA:439,0
DA:443,0
DA:444,0
DA:445,0
DA:447,0
DA:457,0
DA:465,0
DA:467,0
DA:469,0
DA:470,0
DA:476,0
DA:477,0
DA:483,0
DA:485,0
DA:486,0
DA:489,0
DA:490,0
DA:494,0
DA:496,0
DA:505,0
DA:507,0
DA:509,0
DA:510,0
DA:515,0
DA:516,0
DA:517,0
DA:518,0
DA:520,0
DA:521,0
DA:524,0
DA:525,0
DA:526,0
DA:528,0
DA:530,0
DA:535,0
DA:537,0
DA:538,0
DA:539,0
DA:540,0
DA:542,0
DA:543,0
DA:547,0
DA:548,0
DA:549,0
DA:550,0
DA:552,0
DA:553,0
DA:556,0
DA:557,0
DA:558,0
DA:560,0
DA:565,0
DA:566,0
DA:569,0
DA:571,0
DA:573,0
DA:574,0
DA:575,0
DA:576,0
DA:578,0
DA:579,0
DA:584,0
DA:585,0
DA:586,0
DA:588,0
DA:592,0
DA:593,0
DA:599,0
DA:600,0
DA:603,0
DA:604,0
DA:607,0
DA:648,0
DA:649,0
DA:650,0
DA:651,0
DA:653,0
DA:674,0
DA:675,0
DA:678,0
DA:679,0
DA:680,0
DA:681,0
DA:687,0
DA:688,0
DA:692,0
DA:693,0
DA:694,0
DA:695,0
DA:696,0
DA:702,0
DA:703,0
DA:707,0
DA:713,0
DA:718,0
DA:726,0
DA:727,0
DA:731,0
DA:732,0
DA:733,0
DA:734,0
DA:736,0
DA:747,0
DA:748,0
DA:751,0
DA:756,0
DA:757,0
DA:763,0
DA:780,0
DA:781,0
DA:782,0
DA:784,0
DA:785,0
DA:786,0
DA:787,0
DA:788,0
DA:791,0
DA:792,0
DA:793,0
DA:799,0
DA:800,0
DA:811,0
DA:812,0
DA:813,0
DA:819,0
DA:820,0
DA:824,0
DA:835,0
DA:839,0
DA:845,0
DA:846,0
DA:851,0
DA:852,0
DA:853,0
DA:855,0
DA:856,0
DA:859,0
DA:860,0
DA:865,0
DA:866,0
DA:869,0
DA:870,0
DA:873,0
DA:875,0
DA:877,0
DA:878,0
DA:879,0
DA:880,0
DA:882,0
DA:883,0
DA:887,0
DA:888,0
DA:889,0
DA:890,0
DA:892,0
DA:893,0
DA:896,0
DA:901,0
DA:902,0
DA:905,0
DA:906,0
DA:908,0
DA:910,0
DA:912,0
DA:913,0
DA:914,0
DA:915,0
DA:917,0
DA:918,0
LF:309
LH:0
BRDA:9,0,0,0
BRDA:20,1,0,0
BRDA:20,2,0,0
BRDA:20,2,1,0
BRDA:40,3,0,0
BRDA:41,4,0,0
BRDA:55,5,0,0
BRDA:55,5,1,0
BRDA:55,6,0,0
BRDA:55,6,1,0
BRDA:94,7,0,0
BRDA:100,8,0,0
BRDA:100,9,0,0
BRDA:100,9,1,0
BRDA:120,10,0,0
BRDA:121,11,0,0
BRDA:135,12,0,0
BRDA:135,12,1,0
BRDA:135,13,0,0
BRDA:135,13,1,0
BRDA:178,14,0,0
BRDA:178,15,0,0
BRDA:178,15,1,0
BRDA:216,16,0,0
BRDA:222,17,0,0
BRDA:222,18,0,0
BRDA:222,18,1,0
BRDA:249,19,0,0
BRDA:293,20,0,0
BRDA:293,21,0,0
BRDA:293,21,1,0
BRDA:303,22,0,0
BRDA:303,22,1,0
BRDA:312,23,0,0
BRDA:312,23,1,0
BRDA:313,24,0,0
BRDA:313,24,1,0
BRDA:314,25,0,0
BRDA:314,25,1,0
BRDA:315,26,0,0
BRDA:315,26,1,0
BRDA:316,27,0,0
BRDA:316,27,1,0
BRDA:333,28,0,0
BRDA:333,28,1,0
BRDA:406,29,0,0
BRDA:406,30,0,0
BRDA:406,30,1,0
BRDA:476,31,0,0
BRDA:476,32,0,0
BRDA:476,32,1,0
BRDA:489,33,0,0
BRDA:520,34,0,0
BRDA:520,35,0,0
BRDA:520,35,1,0
BRDA:552,36,0,0
BRDA:552,37,0,0
BRDA:552,37,1,0
BRDA:565,38,0,0
BRDA:592,39,0,0
BRDA:592,40,0,0
BRDA:592,40,1,0
BRDA:599,41,0,0
BRDA:603,42,0,0
BRDA:650,43,0,0
BRDA:650,43,1,0
BRDA:680,44,0,0
BRDA:694,45,0,0
BRDA:695,46,0,0
BRDA:747,47,0,0
BRDA:756,48,0,0
BRDA:756,49,0,0
BRDA:756,49,1,0
BRDA:786,50,0,0
BRDA:786,50,1,0
BRDA:792,51,0,0
BRDA:811,52,0,0
BRDA:812,53,0,0
BRDA:855,54,0,0
BRDA:855,55,0,0
BRDA:855,55,1,0
BRDA:865,56,0,0
BRDA:866,57,0,0
BRDA:866,57,1,0
BRDA:869,58,0,0
BRDA:870,59,0,0
BRDA:870,59,1,0
BRDA:892,60,0,0
BRDA:892,61,0,0
BRDA:892,61,1,0
BRDA:901,62,0,0
BRF:91
BRH:0
end_of_record
TN:
SF:src\controllers\supplier.controller.ts
FN:7,(anonymous_0)
FN:38,(anonymous_1)
FN:57,(anonymous_2)
FN:100,(anonymous_3)
FN:141,(anonymous_4)
FNF:5
FNH:0
FNDA:0,(anonymous_0)
FNDA:0,(anonymous_1)
FNDA:0,(anonymous_2)
FNDA:0,(anonymous_3)
FNDA:0,(anonymous_4)
DA:2,0
DA:5,0
DA:7,0
DA:8,0
DA:9,0
DA:11,0
DA:13,0
[...]
DA:79,0
DA:80,0
DA:83,0
DA:101,0
DA:116,0
DA:117,0
DA:120,0
DA:121,0
DA:123,0
DA:124,0
DA:126,0
DA:127,0
DA:128,0
DA:130,0
DA:133,0
DA:134,0
DA:135,0
DA:137,0
DA:142,0
DA:143,0
DA:144,0
DA:145,0
DA:146,0
DA:148,0
DA:149,0
DA:150,0
DA:154,0
DA:162,0
DA:163,0
DA:164,0
DA:167,0
DA:168,0
DA:169,0
DA:170,0
DA:171,0
DA:173,0
DA:174,0
DA:176,0
DA:179,0
DA:185,0
DA:193,0
DA:195,0
DA:220,0
DA:223,0
DA:224,0
DA:225,0
DA:235,0
DA:236,0
DA:237,0
DA:238,0
DA:241,0
DA:242,0
DA:243,0
DA:247,0
DA:250,0
DA:251,0
DA:252,0
DA:254,0
DA:262,0
DA:263,0
DA:264,0
DA:265,0
DA:268,0
DA:271,0
DA:272,0
DA:273,0
DA:275,0
DA:282,0
DA:283,0
DA:284,0
DA:285,0
DA:286,0
DA:289,0
DA:292,0
DA:293,0
DA:294,0
DA:295,0
DA:297,0
DA:298,0
DA:300,0
DA:301,0
DA:302,0
DA:303,0
DA:306,0
DA:310,0
DA:311,0
DA:312,0
DA:313,0
DA:315,0
DA:316,0
DA:318,0
DA:319,0
DA:320,0
DA:321,0
DA:324,0
DA:328,0
DA:329,0
DA:330,0
DA:331,0
DA:332,0
DA:334,0
DA:336,0
DA:337,0
DA:338,0
DA:340,0
DA:341,0
DA:342,0
DA:344,0
DA:345,0
DA:350,0
DA:351,0
DA:354,0
DA:355,0
DA:356,0
DA:357,0
DA:360,0
DA:361,0
DA:362,0
DA:363,0
DA:364,0
DA:365,0
DA:367,0
DA:368,0
DA:370,0
DA:371,0
DA:372,0
DA:373,0
DA:374,0
DA:376,0
DA:377,0
DA:383,0
DA:384,0
DA:385,0
DA:386,0
DA:387,0
DA:390,0
DA:391,0
DA:392,0
DA:393,0
DA:394,0
DA:396,0
DA:397,0
DA:399,0
DA:400,0
DA:401,0
DA:404,0
DA:405,0
DA:406,0
DA:407,0
DA:410,0
DA:411,0
DA:412,0
DA:415,0
DA:418,0
DA:419,0
DA:420,0
DA:426,0
DA:427,0
DA:428,0
DA:429,0
DA:430,0
DA:433,0
DA:434,0
DA:435,0
DA:436,0
DA:437,0
DA:438,0
DA:440,0
DA:441,0
DA:443,0
DA:444,0
DA:445,0
DA:446,0
DA:447,0
DA:449,0
DA:456,0
DA:457,0
DA:458,0
DA:460,0
DA:461,0
DA:462,0
DA:468,0
DA:469,0
DA:470,0
DA:471,0
DA:472,0
DA:475,0
DA:476,0
DA:477,0
DA:478,0
DA:479,0
DA:480,0
DA:481,0
DA:482,0
DA:483,0
DA:485,0
DA:486,0
DA:488,0
DA:489,0
DA:490,0
DA:491,0
DA:493,0
DA:494,0
DA:495,0
DA:496,0
DA:497,0
DA:498,0
DA:499,0
DA:500,0
DA:502,0
DA:503,0
DA:504,0
DA:510,0
DA:517,0
DA:522,0
DA:528,0
DA:536,0
DA:537,0
DA:540,0
DA:541,0
DA:544,0
DA:565,0
DA:566,0
DA:569,0
DA:570,0
DA:572,0
DA:573,0
DA:576,0
DA:577,0
DA:579,0
DA:580,0
DA:583,0
DA:584,0
DA:585,0
DA:587,0
DA:588,0
DA:592,0
DA:593,0
DA:604,0
DA:605,0
DA:606,0
DA:607,0
DA:610,0
DA:611,0
DA:612,0
DA:616,0
DA:619,0
DA:620,0
DA:621,0
DA:623,0
DA:631,0
DA:632,0
DA:633,0
DA:634,0
DA:635,0
DA:638,0
DA:641,0
DA:642,0
DA:643,0
DA:646,0
DA:647,0
DA:648,0
DA:649,0
DA:650,0
DA:651,0
DA:652,0
DA:653,0
DA:654,0
DA:656,0
DA:657,0
DA:659,0
DA:660,0
DA:661,0
DA:662,0
DA:663,0
DA:664,0
DA:665,0
DA:667,0
DA:668,0
DA:669,0
DA:674,0
DA:675,0
DA:676,0
DA:677,0
DA:680,0
DA:681,0
DA:682,0
DA:683,0
DA:684,0
DA:685,0
DA:686,0
DA:687,0
DA:689,0
DA:690,0
DA:692,0
DA:693,0
DA:694,0
DA:695,0
DA:696,0
DA:698,0
DA:699,0
DA:700,0
DA:705,0
DA:706,0
DA:707,0
DA:708,0
DA:711,0
DA:712,0
DA:713,0
DA:714,0
DA:715,0
DA:716,0
DA:717,0
DA:718,0
DA:719,0
DA:720,0
DA:721,0
DA:722,0
DA:723,0
DA:725,0
DA:726,0
DA:727,0
DA:728,0
DA:730,0
DA:731,0
DA:732,0
DA:733,0
DA:734,0
DA:735,0
DA:736,0
DA:737,0
DA:738,0
DA:740,0
DA:741,0
DA:742,0
DA:747,0
DA:754,0
LF:355
LH:0
BRDA:40,0,0,0
BRDA:42,1,0,0
BRDA:42,1,1,0
BRDA:72,2,0,0
BRDA:79,3,0,0
BRDA:117,4,0,0
BRDA:117,4,1,0
BRDA:124,5,0,0
BRDA:124,5,1,0
BRDA:126,6,0,0
BRDA:127,7,0,0
BRDA:133,8,0,0
BRDA:134,9,0,0
BRDA:145,10,0,0
BRDA:148,11,0,0
BRDA:148,11,1,0
BRDA:149,12,0,0
BRDA:162,13,0,0
BRDA:173,14,0,0
BRDA:176,15,0,0
BRDA:176,15,1,0
BRDA:182,16,0,0
BRDA:182,16,1,0
BRDA:201,17,0,0
BRDA:201,17,1,0
BRDA:202,18,0,0
BRDA:202,18,1,0
BRDA:203,19,0,0
BRDA:203,19,1,0
BRDA:204,20,0,0
BRDA:204,20,1,0
BRDA:257,21,0,0
BRDA:257,21,1,0
BRDA:258,22,0,0
BRDA:258,22,1,0
BRDA:259,23,0,0
BRDA:259,23,1,0
BRDA:292,24,0,0
BRDA:310,25,0,0
BRDA:328,26,0,0
BRDA:334,27,0,0
BRDA:334,27,1,0
BRDA:346,28,0,0
BRDA:346,28,1,0
BRDA:354,29,0,0
BRDA:374,30,0,0
BRDA:374,30,1,0
BRDA:375,31,0,0
BRDA:375,31,1,0
BRDA:383,32,0,0
BRDA:418,33,0,0
BRDA:426,34,0,0
BRDA:456,35,0,0
BRDA:456,35,1,0
BRDA:460,36,0,0
BRDA:468,37,0,0
BRDA:468,38,0,0
BRDA:468,38,1,0
BRDA:491,39,0,0
BRDA:491,39,1,0
BRDA:495,40,0,0
BRDA:495,40,1,0
BRDA:496,41,0,0
BRDA:496,41,1,0
BRDA:498,42,0,0
BRDA:498,42,1,0
BRDA:499,43,0,0
BRDA:499,43,1,0
BRDA:502,44,0,0
BRDA:536,45,0,0
BRDA:536,46,0,0
BRDA:536,46,1,0
BRDA:540,47,0,0
BRDA:540,48,0,0
BRDA:540,48,1,0
BRDA:566,49,0,0
BRDA:566,49,1,0
BRDA:573,50,0,0
BRDA:573,50,1,0
BRDA:576,51,0,0
BRDA:583,52,0,0
BRDA:584,53,0,0
BRDA:667,54,0,0
BRDA:698,55,0,0
BRDA:727,56,0,0
BRDA:727,56,1,0
BRDA:733,57,0,0
BRDA:733,57,1,0
BRDA:734,58,0,0
BRDA:734,58,1,0
BRDA:736,59,0,0
BRDA:736,59,1,0
BRDA:737,60,0,0
BRDA:737,60,1,0
BRDA:740,61,0,0
BRF:95
BRH:0
end_of_record
TN:
SF:src\services\systemSettings.service.ts
FN:54,(anonymous_0)
FN:68,(anonymous_1)
FN:81,(anonymous_2)
FN:121,(anonymous_3)
FN:134,(anonymous_4)
FNF:5
FNH:0
FNDA:0,(anonymous_0)
FNDA:0,(anonymous_1)
FNDA:0,(anonymous_2)
FNDA:0,(anonymous_3)
FNDA:0,(anonymous_4)
DA:1,0
DA:3,0
DA:55,0
DA:57,0
DA:59,0
DA:64,0
DA:69,0
DA:71,0
DA:91,0
DA:93,0
DA:103,0
DA:104,0
DA:107,0
DA:114,0
DA:116,0
DA:122,0
DA:124,0
DA:135,0
DA:137,0
DA:151,0
LF:20
LH:0
BRDA:57,0,0,0
BRF:1
BRH:0
end_of_record
TN:
SF:src\services\userGroup.service.ts
FN:19,(anonymous_0)
FN:39,(anonymous_1)
FN:70,(anonymous_2)
FN:92,(anonymous_3)
FN:113,(anonymous_4)
FN:120,(anonymous_5)
FN:141,(anonymous_6)
FN:150,(anonymous_7)
FN:172,(anonymous_8)
FN:175,(anonymous_9)
FN:183,(anonymous_10)
FN:186,(anonymous_11)
FN:195,(anonymous_12)
FNF:13
FNH:0
FNDA:0,(anonymous_0)
FNDA:0,(anonymous_1)
FNDA:0,(anonymous_2)
FNDA:0,(anonymous_3)
FNDA:0,(anonymous_4)
FNDA:0,(anonymous_5)
FNDA:0,(anonymous_6)
FNDA:0,(anonymous_7)
FNDA:0,(anonymous_8)
FNDA:0,(anonymous_9)
FNDA:0,(anonymous_10)
FNDA:0,(anonymous_11)
FNDA:0,(anonymous_12)
DA:1,0
DA:3,0
DA:18,0
DA:20,0
DA:40,0
DA:42,0
DA:71,0
DA:93,0
DA:115,0
DA:122,0
DA:131,0
DA:132,0
DA:142,0
DA:151,0
DA:172,0
DA:176,0
DA:183,0
DA:188,0
DA:193,0
DA:194,0
DA:195,0
LF:21
LH:0
BRDA:39,0,0,0
BRDA:40,1,0,0
BRDA:40,1,1,0
BRDA:131,2,0,0
BRDA:193,3,0,0
BRF:5
BRH:0
end_of_record
TN:
SF:src\services\workflow.service.ts
FN:25,mapNodeTypeToStepType
FN:41,(anonymous_1)
FN:74,(anonymous_2)
FN:90,(anonymous_3)
FN:106,(anonymous_4)
FN:122,(anonymous_5)
FN:146,(anonymous_6)
FN:215,(anonymous_7)
FN:231,(anonymous_8)
FN:240,(anonymous_9)
FN:247,(anonymous_10)
FN:254,(anonymous_11)
FN:268,(anonymous_12)
FN:283,(anonymous_13)
FN:300,(anonymous_14)
FN:407,(anonymous_15)
FN:428,(anonymous_16)
FN:441,(anonymous_17)
FN:446,(anonymous_18)
FN:450,(anonymous_19)
FN:473,(anonymous_20)
FN:480,(anonymous_21)
FN:564,(anonymous_22)
FN:622,(anonymous_23)
FN:660,(anonymous_24)
FN:719,(anonymous_25)
FN:741,(anonymous_26)
FN:769,(anonymous_27)
FN:799,(anonymous_28)
FN:822,(anonymous_29)
FN:828,(anonymous_30)
FN:831,(anonymous_31)
FN:835,(anonymous_32)
FN:842,(anonymous_33)
FN:887,(anonymous_34)
FN:889,(anonymous_35)
FN:891,(anonymous_36)
FN:896,(anonymous_37)
FN:929,(anonymous_38)
FN:952,(anonymous_39)
FN:961,(anonymous_40)
FN:964,(anonymous_41)
FN:976,(anonymous_42)
FN:1019,(anonymous_43)
FN:1026,(anonymous_44)
FN:1055,(anonymous_45)
FN:1117,(anonymous_46)
FN:1146,(anonymous_47)
FN:1197,(anonymous_48)
FN:1229,(anonymous_49)
FN:1280,(anonymous_50)
FN:1353,(anonymous_51)
FNF:52
FNH:0
FNDA:0,mapNodeTypeToStepType
FNDA:0,(anonymous_1)
FNDA:0,(anonymous_2)
FNDA:0,(anonymous_3)
FNDA:0,(anonymous_4)
FNDA:0,(anonymous_5)
FNDA:0,(anonymous_6)
FNDA:0,(anonymous_7)
FNDA:0,(anonymous_8)
FNDA:0,(anonymous_9)
FNDA:0,(anonymous_10)
FNDA:0,(anonymous_11)
FNDA:0,(anonymous_12)
FNDA:0,(anonymous_13)
FNDA:0,(anonymous_14)
FNDA:0,(anonymous_15)
FNDA:0,(anonymous_16)
FNDA:0,(anonymous_17)
FNDA:0,(anonymous_18)
FNDA:0,(anonymous_19)
FNDA:0,(anonymous_20)
FNDA:0,(anonymous_21)
FNDA:0,(anonymous_22)
FNDA:0,(anonymous_23)
FNDA:0,(anonymous_24)
FNDA:0,(anonymous_25)
FNDA:0,(anonymous_26)
FNDA:0,(anonymous_27)
FNDA:0,(anonymous_28)
FNDA:0,(anonymous_29)
FNDA:0,(anonymous_30)
FNDA:0,(anonymous_31)
FNDA:0,(anonymous_32)
FNDA:0,(anonymous_33)
FNDA:0,(anonymous_34)
FNDA:0,(anonymous_35)
FNDA:0,(anonymous_36)
FNDA:0,(anonymous_37)
FNDA:0,(anonymous_38)
FNDA:0,(anonymous_39)
FNDA:0,(anonymous_40)
FNDA:0,(anonymous_41)
FNDA:0,(anonymous_42)
FNDA:0,(anonymous_43)
FNDA:0,(anonymous_44)
FNDA:0,(anonymous_45)
FNDA:0,(anonymous_46)
FNDA:0,(anonymous_47)
FNDA:0,(anonymous_48)
FNDA:0,(anonymous_49)
FNDA:0,(anonymous_50)
FNDA:0,(anonymous_51)
DA:1,0
DA:2,0
DA:3,0
DA:5,0
DA:26,0
DA:36,0
DA:39,0
DA:42,0
DA:44,0
DA:52,0
DA:53,0
DA:54,0
DA:64,0
DA:75,0
DA:91,0
DA:107,0
DA:109,0
DA:115,0
DA:117,0
DA:122,0
DA:124,0
DA:125,0
DA:134,0
DA:135,0
DA:136,0
DA:139,0
DA:145,0
DA:146,0
DA:148,0
DA:150,0
DA:151,0
DA:165,0
DA:166,0
DA:176,0
DA:188,0
DA:189,0
DA:194,0
DA:195,0
DA:205,0
DA:217,0
DA:221,0
DA:222,0
DA:225,0
DA:232,0
DA:241,0
DA:248,0
DA:255,0
DA:269,0
DA:276,0
DA:277,0
DA:284,0
DA:305,0
DA:314,0
DA:315,0
DA:319,0
DA:320,0
DA:323,0
DA:325,0
DA:326,0
DA:327,0
DA:339,0
DA:340,0
DA:342,0
DA:343,0
DA:354,0
DA:355,0
DA:360,0
DA:361,0
DA:365,0
DA:366,0
DA:369,0
DA:370,0
DA:374,0
DA:386,0
DA:387,0
DA:389,0
DA:392,0
DA:393,0
DA:394,0
DA:395,0
DA:396,0
DA:397,0
DA:400,0
DA:405,0
DA:406,0
DA:407,0
DA:408,0
DA:410,0
DA:411,0
DA:412,0
DA:413,0
DA:414,0
DA:418,0
DA:421,0
DA:423,0
DA:424,0
DA:425,0
DA:426,0
DA:428,0
DA:429,0
DA:430,0
DA:431,0
DA:437,0
DA:438,0
DA:441,0
DA:442,0
DA:444,0
DA:446,0
DA:447,0
DA:449,0
DA:450,0
DA:451,0
DA:453,0
DA:454,0
DA:455,0
DA:456,0
DA:457,0
DA:458,0
DA:459,0
DA:462,0
DA:468,0
DA:471,0
DA:472,0
DA:473,0
DA:474,0
DA:477,0
DA:479,0
DA:480,0
DA:481,0
DA:482,0
DA:483,0
DA:484,0
DA:485,0
DA:486,0
DA:487,0
DA:495,0
DA:496,0
DA:498,0
DA:500,0
DA:501,0
DA:503,0
DA:506,0
DA:516,0
DA:517,0
DA:518,0
DA:519,0
DA:522,0
DA:533,0
DA:534,0
DA:535,0
DA:538,0
DA:551,0
DA:552,0
DA:560,0
DA:565,0
DA:566,0
DA:567,0
DA:572,0
DA:573,0
DA:574,0
DA:575,0
DA:576,0
DA:577,0
DA:578,0
DA:579,0
DA:581,0
DA:582,0
DA:585,0
DA:588,0
DA:592,0
DA:595,0
DA:599,0
DA:602,0
DA:607,0
DA:610,0
DA:612,0
DA:613,0
DA:616,0
DA:617,0
DA:623,0
DA:624,0
DA:625,0
DA:627,0
DA:628,0
DA:629,0
DA:633,0
DA:635,0
DA:636,0
DA:637,0
DA:640,0
DA:643,0
DA:650,0
DA:651,0
DA:657,0
DA:660,0
DA:661,0
DA:669,0
DA:670,0
DA:673,0
DA:674,0
DA:676,0
DA:678,0
DA:681,0
DA:685,0
DA:686,0
DA:691,0
DA:692,0
DA:693,0
DA:696,0
DA:699,0
DA:711,0
DA:712,0
DA:714,0
DA:715,0
DA:720,0
DA:742,0
DA:770,0
DA:798,0
DA:799,0
DA:802,0
DA:803,0
DA:812,0
DA:817,0
DA:818,0
DA:819,0
DA:822,0
DA:823,0
DA:826,0
DA:828,0
DA:830,0
DA:831,0
DA:832,0
DA:835,0
DA:836,0
DA:838,0
DA:841,0
DA:842,0
DA:844,0
DA:847,0
DA:850,0
DA:851,0
DA:862,0
DA:863,0
DA:876,0
DA:877,0
DA:879,0
DA:887,0
DA:888,0
DA:889,0
DA:890,0
DA:891,0
DA:892,0
DA:894,0
DA:895,0
DA:896,0
DA:898,0
DA:899,0
DA:905,0
DA:911,0
DA:913,0
DA:919,0
DA:926,0
DA:930,0
DA:941,0
DA:949,0
DA:953,0
DA:957,0
DA:958,0
DA:961,0
DA:965,0
DA:972,0
DA:977,0
DA:1019,0
DA:1020,0
DA:1021,0
DA:1025,0
DA:1027,0
DA:1028,0
DA:1039,0
DA:1047,0
DA:1051,0
DA:1056,0
DA:1057,0
DA:1066,0
DA:1067,0
DA:1071,0
DA:1084,0
DA:1085,0
DA:1089,0
DA:1090,0
DA:1099,0
DA:1101,0
DA:1105,0
DA:1110,0
DA:1111,0
DA:1116,0
DA:1117,0
DA:1118,0
DA:1126,0
DA:1127,0
DA:1128,0
DA:1138,0
DA:1139,0
DA:1144,0
DA:1145,0
DA:1146,0
DA:1148,0
DA:1149,0
DA:1150,0
DA:1151,0
DA:1153,0
DA:1170,0
DA:1174,0
DA:1176,0
DA:1182,0
DA:1185,0
DA:1197,0
DA:1206,0
DA:1218,0
DA:1219,0
DA:1237,0
DA:1238,0
DA:1239,0
DA:1241,0
DA:1243,0
DA:1244,0
DA:1247,0
DA:1249,0
DA:1250,0
DA:1254,0
DA:1256,0
DA:1257,0
DA:1261,0
DA:1264,0
DA:1273,0
DA:1275,0
DA:1281,0
DA:1282,0
DA:1283,0
DA:1284,0
DA:1286,0
DA:1287,0
DA:1288,0
DA:1292,0
DA:1297,0
DA:1298,0
DA:1299,0
DA:1302,0
DA:1305,0
DA:1306,0
DA:1310,0
DA:1317,0
DA:1318,0
DA:1322,0
DA:1328,0
DA:1329,0
DA:1333,0
DA:1340,0
DA:1353,0
DA:1354,0
DA:1355,0
DA:1359,0
DA:1360,0
DA:1361,0
DA:1367,0
DA:1377,0
DA:1378,0
DA:1380,0
DA:1381,0
LF:369
LH:0
BRDA:36,0,0,0
BRDA:36,0,1,0
BRDA:52,1,0,0
BRDA:52,2,0,0
BRDA:52,2,1,0
BRDA:115,3,0,0
BRDA:115,4,0,0
BRDA:115,4,1,0
BRDA:124,5,0,0
BRDA:134,6,0,0
BRDA:148,7,0,0
BRDA:148,7,1,0
BRDA:221,8,0,0
BRDA:276,9,0,0
BRDA:303,10,0,0
BRDA:314,11,0,0
BRDA:319,12,0,0
BRDA:319,12,1,0
BRDA:320,13,0,0
BRDA:320,14,0,0
BRDA:326,15,0,0
BRDA:326,15,1,0
BRDA:339,16,0,0
BRDA:342,17,0,0
BRDA:342,17,1,0
BRDA:354,18,0,0
BRDA:365,19,0,0
BRDA:365,20,0,0
BRDA:365,20,1,0
BRDA:379,21,0,0
BRDA:379,21,1,0
BRDA:381,22,0,0
BRDA:381,22,1,0
BRDA:394,23,0,0
BRDA:394,23,1,0
BRDA:395,24,0,0
BRDA:405,25,0,0
BRDA:407,26,0,0
BRDA:407,26,1,0
BRDA:410,27,0,0
BRDA:410,27,1,0
BRDA:424,28,0,0
BRDA:429,29,0,0
BRDA:444,30,0,0
BRDA:453,31,0,0
BRDA:455,32,0,0
BRDA:455,32,1,0
BRDA:458,33,0,0
BRDA:458,34,0,0
BRDA:458,34,1,0
BRDA:472,35,0,0
BRDA:472,35,1,0
BRDA:474,36,0,0
BRDA:474,36,1,0
BRDA:481,37,0,0
BRDA:483,38,0,0
BRDA:486,39,0,0
BRDA:486,40,0,0
BRDA:486,40,1,0
BRDA:498,41,0,0
BRDA:498,41,1,0
BRDA:501,42,0,0
BRDA:517,43,0,0
BRDA:517,44,0,0
BRDA:517,44,1,0
BRDA:528,45,0,0
BRDA:528,45,1,0
BRDA:533,46,0,0
BRDA:533,47,0,0
BRDA:533,47,1,0
BRDA:544,48,0,0
BRDA:544,48,1,0
BRDA:551,49,0,0
BRDA:566,50,0,0
BRDA:566,50,1,0
BRDA:572,51,0,0
BRDA:572,51,1,0
BRDA:572,52,0,0
BRDA:572,52,1,0
BRDA:573,53,0,0
BRDA:573,53,1,0
BRDA:573,53,2,0
BRDA:574,54,0,0
BRDA:574,54,1,0
BRDA:574,55,0,0
BRDA:574,55,1,0
BRDA:575,56,0,0
BRDA:575,56,1,0
BRDA:576,57,0,0
BRDA:576,57,1,0
BRDA:577,58,0,0
BRDA:577,58,1,0
BRDA:578,59,0,0
BRDA:578,59,1,0
BRDA:579,60,0,0
BRDA:579,60,1,0
BRDA:588,61,0,0
BRDA:588,61,1,0
BRDA:588,61,2,0
BRDA:588,61,3,0
BRDA:588,61,4,0
BRDA:588,61,5,0
BRDA:588,61,6,0
BRDA:588,61,7,0
BRDA:588,61,8,0
BRDA:588,61,9,0
BRDA:588,61,10,0
BRDA:588,61,11,0
BRDA:588,61,12,0
BRDA:588,61,13,0
BRDA:588,61,14,0
BRDA:588,61,15,0
BRDA:588,61,16,0
BRDA:624,62,0,0
BRDA:624,62,1,0
BRDA:627,63,0,0
BRDA:627,64,0,0
BRDA:627,64,1,0
BRDA:635,65,0,0
BRDA:645,66,0,0
BRDA:645,66,1,0
BRDA:646,67,0,0
BRDA:646,67,1,0
BRDA:650,68,0,0
BRDA:662,69,0,0
BRDA:662,69,1,0
BRDA:663,70,0,0
BRDA:663,70,1,0
BRDA:664,71,0,0
BRDA:664,71,1,0
BRDA:665,72,0,0
BRDA:665,72,1,0
BRDA:666,73,0,0
BRDA:666,73,1,0
BRDA:669,74,0,0
BRDA:669,74,1,0
BRDA:670,75,0,0
BRDA:670,75,1,0
BRDA:676,76,0,0
BRDA:676,76,1,0
BRDA:685,77,0,0
BRDA:691,78,0,0
BRDA:700,79,0,0
BRDA:700,79,1,0
BRDA:707,80,0,0
BRDA:707,80,1,0
BRDA:799,81,0,0
BRDA:799,81,1,0
BRDA:799,81,2,0
BRDA:802,82,0,0
BRDA:802,82,1,0
BRDA:817,83,0,0
BRDA:818,84,0,0
BRDA:818,84,1,0
BRDA:819,85,0,0
BRDA:819,86,0,0
BRDA:826,87,0,0
BRDA:832,88,0,0
BRDA:838,89,0,0
BRDA:844,90,0,0
BRDA:847,91,0,0
BRDA:847,91,1,0
BRDA:850,92,0,0
BRDA:850,92,1,0
BRDA:850,93,0,0
BRDA:850,93,1,0
BRDA:862,94,0,0
BRDA:876,95,0,0
BRDA:882,96,0,0
BRDA:882,96,1,0
BRDA:890,97,0,0
BRDA:894,98,0,0
BRDA:898,99,0,0
BRDA:898,100,0,0
BRDA:898,100,1,0
BRDA:911,101,0,0
BRDA:957,102,0,0
BRDA:1020,103,0,0
BRDA:1020,103,1,0
BRDA:1027,104,0,0
BRDA:1066,105,0,0
BRDA:1084,106,0,0
BRDA:1110,107,0,0
BRDA:1116,108,0,0
BRDA:1126,109,0,0
BRDA:1144,110,0,0
BRDA:1144,110,1,0
BRDA:1145,111,0,0
BRDA:1146,112,0,0
BRDA:1146,112,1,0
BRDA:1151,113,0,0
BRDA:1151,113,1,0
BRDA:1156,114,0,0
BRDA:1156,114,1,0
BRDA:1156,114,2,0
BRDA:1159,115,0,0
BRDA:1159,115,1,0
BRDA:1161,116,0,0
BRDA:1161,116,1,0
BRDA:1197,117,0,0
BRDA:1197,117,1,0
BRDA:1201,118,0,0
BRDA:1201,118,1,0
BRDA:1241,119,0,0
BRDA:1241,119,1,0
BRDA:1241,119,2,0
BRDA:1253,120,0,0
BRDA:1253,120,1,0
BRDA:1260,121,0,0
BRDA:1260,121,1,0
BRDA:1282,122,0,0
BRDA:1282,122,1,0
BRDA:1283,123,0,0
BRDA:1283,123,1,0
BRDA:1284,124,0,0
BRDA:1284,124,1,0
BRDA:1286,125,0,0
BRDA:1297,126,0,0
BRDA:1297,126,1,0
BRDA:1298,127,0,0
BRDA:1298,127,1,0
BRDA:1299,128,0,0
BRDA:1299,128,1,0
BRDA:1299,128,2,0
BRDA:1305,129,0,0
BRDA:1311,130,0,0
BRDA:1311,130,1,0
BRDA:1312,131,0,0
BRDA:1312,131,1,0
BRDA:1317,132,0,0
BRDA:1317,132,1,0
BRDA:1317,133,0,0
BRDA:1317,133,1,0
BRDA:1323,134,0,0
BRDA:1323,134,1,0
BRDA:1324,135,0,0
BRDA:1324,135,1,0
BRDA:1325,136,0,0
BRDA:1325,136,1,0
BRDA:1326,137,0,0
BRDA:1326,137,1,0
BRDA:1328,138,0,0
BRDA:1328,139,0,0
BRDA:1328,139,1,0
BRDA:1328,139,2,0
BRDA:1334,140,0,0
BRDA:1334,140,1,0
BRDA:1335,141,0,0
BRDA:1335,141,1,0
BRDA:1344,142,0,0
BRDA:1344,142,1,0
BRDA:1345,143,0,0
BRDA:1345,143,1,0
BRDA:1346,144,0,0
BRDA:1346,144,1,0
BRDA:1347,145,0,0
BRDA:1347,145,1,0
BRDA:1348,146,0,0
BRDA:1348,146,1,0
BRDA:1349,147,0,0
BRDA:1349,147,1,0
BRDA:1360,148,0,0
BRDA:1360,148,1,0
BRF:263
BRH:0
end_of_record
TN:
SF:src\services\zeitmodell.service.ts
FN:33,(anonymous_0)
FN:52,(anonymous_1)
FN:88,(anonymous_2)
FN:114,(anonymous_3)
FN:136,(anonymous_4)
FN:174,(anonymous_5)
FN:193,(anonymous_6)
FN:224,(anonymous_7)
FN:249,(anonymous_8)
FN:313,(anonymous_9)
FN:327,(anonymous_10)
FN:397,(anonymous_12)
FN:404,(anonymous_13)
FN:419,(anonymous_14)
FN:424,(anonymous_15)
FN:436,(anonymous_16)
FN:449,(anonymous_17)
FN:494,(anonymous_18)
FN:495,(anonymous_19)
FN:506,(anonymous_20)
FN:518,(anonymous_21)
FN:528,(anonymous_22)
FN:566,(anonymous_23)
FN:571,(anonymous_24)
FN:608,(anonymous_25)
FN:629,(anonymous_26)
FN:649,(anonymous_27)
FNF:27
FNH:0
FNDA:0,(anonymous_0)
FNDA:0,(anonymous_1)
FNDA:0,(anonymous_2)
FNDA:0,(anonymous_3)
FNDA:0,(anonymous_4)
FNDA:0,(anonymous_5)
FNDA:0,(anonymous_6)
FNDA:0,(anonymous_7)
FNDA:0,(anonymous_8)
FNDA:0,(anonymous_9)
FNDA:0,(anonymous_10)
FNDA:0,(anonymous_12)
FNDA:0,(anonymous_13)
FNDA:0,(anonymous_14)
FNDA:0,(anonymous_15)
FNDA:0,(anonymous_16)
FNDA:0,(anonymous_17)
FNDA:0,(anonymous_18)
FNDA:0,(anonymous_19)
FNDA:0,(anonymous_20)
FNDA:0,(anonymous_21)
FNDA:0,(anonymous_22)
FNDA:0,(anonymous_23)
FNDA:0,(anonymous_24)
FNDA:0,(anonymous_25)
FNDA:0,(anonymous_26)
FNDA:0,(anonymous_27)
DA:1,1
DA:3,1
DA:29,1
DA:34,0
DA:53,0
DA:105,0
DA:106,0
DA:108,0
DA:110,0
DA:114,0
DA:131,0
DA:133,0
DA:154,0
DA:155,0
DA:156,0
DA:160,0
DA:161,0
DA:167,0
DA:168,0
DA:171,0
DA:174,0
DA:176,0
DA:185,0
DA:187,0
DA:192,0
DA:193,0
DA:206,0
DA:214,0
DA:215,0
DA:219,0
DA:221,0
DA:225,0
DA:226,0
DA:227,0
DA:231,0
DA:235,0
DA:236,0
DA:240,0
DA:242,0
DA:256,0
DA:259,0
DA:260,0
DA:264,0
DA:267,0
DA:268,0
DA:272,0
DA:288,0
DA:289,0
DA:292,0
DA:314,0
DA:328,0
DA:347,0
DA:367,0
DA:368,0
DA:372,0
DA:375,0
DA:378,0
DA:385,0
DA:386,0
DA:389,0
DA:404,0
DA:406,0
DA:407,0
DA:410,0
DA:411,0
DA:415,0
DA:419,0
DA:421,0
DA:425,0
DA:426,0
DA:427,0
DA:429,0
DA:430,0
DA:431,0
DA:433,0
DA:438,0
DA:444,0
DA:454,0
DA:457,0
DA:459,0
DA:460,0
DA:461,0
DA:463,0
DA:465,0
DA:467,0
DA:474,0
DA:475,0
DA:477,0
DA:486,0
DA:490,0
DA:491,0
DA:494,0
DA:495,0
DA:497,0
DA:511,0
DA:512,0
DA:515,0
DA:519,0
DA:520,0
DA:523,0
DA:524,0
DA:529,0
DA:530,0
DA:533,0
DA:535,0
DA:536,0
DA:538,0
DA:539,0
DA:543,0
DA:544,0
DA:548,0
DA:549,0
DA:550,0
DA:551,0
DA:557,0
DA:558,0
DA:563,0
DA:567,0
DA:568,0
DA:573,0
DA:575,0
DA:576,0
DA:580,0
DA:581,0
DA:582,0
DA:583,0
DA:585,0
DA:590,0
DA:591,0
DA:592,0
DA:593,0
DA:599,0
DA:614,0
DA:615,0
DA:616,0
DA:617,0
DA:619,0
DA:620,0
DA:621,0
DA:622,0
DA:624,0
DA:636,0
DA:650,0
DA:651,0
DA:661,0
DA:662,0
DA:667,0
DA:676,1
LF:148
LH:4
BRDA:118,0,0,0
BRDA:118,0,1,0
BRDA:119,1,0,0
BRDA:119,1,1,0
BRDA:120,2,0,0
BRDA:120,2,1,0
BRDA:121,3,0,0
BRDA:121,3,1,0
BRDA:155,4,0,0
BRDA:160,5,0,0
BRDA:160,6,0,0
BRDA:160,6,1,0
BRDA:162,7,0,0
BRDA:162,7,1,0
BRDA:163,8,0,0
BRDA:163,8,1,0
BRDA:167,9,0,0
BRDA:185,10,0,0
BRDA:198,11,0,0
BRDA:198,11,1,0
BRDA:199,12,0,0
BRDA:199,12,1,0
BRDA:200,13,0,0
BRDA:200,13,1,0
BRDA:201,14,0,0
BRDA:201,14,1,0
BRDA:214,15,0,0
BRDA:226,16,0,0
BRDA:235,17,0,0
BRDA:259,18,0,0
BRDA:267,19,0,0
BRDA:277,20,0,0
BRDA:277,20,1,0
BRDA:281,21,0,0
BRDA:281,21,1,0
BRDA:288,22,0,0
BRDA:367,23,0,0
BRDA:385,24,0,0
BRDA:406,25,0,0
BRDA:406,26,0,0
BRDA:406,26,1,0
BRDA:407,27,0,0
BRDA:407,28,0,0
BRDA:407,28,1,0
BRDA:410,29,0,0
BRDA:410,30,0,0
BRDA:410,30,1,0
BRDA:421,31,0,0
BRDA:421,31,1,0
BRDA:433,32,0,0
BRDA:433,32,1,0
BRDA:463,33,0,0
BRDA:463,33,1,0
BRDA:511,34,0,0
BRDA:511,35,0,0
BRDA:511,35,1,0
BRDA:519,36,0,0
BRDA:523,37,0,0
BRDA:523,38,0,0
BRDA:523,38,1,0
BRDA:529,39,0,0
BRDA:529,40,0,0
BRDA:529,40,1,0
BRDA:535,41,0,0
BRDA:538,42,0,0
BRDA:543,43,0,0
BRDA:543,44,0,0
BRDA:543,44,1,0
BRDA:548,45,0,0
BRDA:550,46,0,0
BRDA:550,47,0,0
BRDA:550,47,1,0
BRDA:557,48,0,0
BRDA:576,49,0,0
BRDA:576,49,1,0
BRDA:576,50,0,0
BRDA:576,50,1,0
BRDA:582,51,0,0
BRDA:593,52,0,0
BRDA:624,53,0,0
BRDA:624,53,1,0
BRDA:640,54,0,0
BRDA:640,54,1,0
BRF:83
BRH:0
end_of_record
