TN:
SF:src\__tests__\helpers.ts
FN:19,(anonymous_1)
FN:28,(anonymous_2)
FN:58,(anonymous_3)
FNF:3
FNH:2
FNDA:33,(anonymous_1)
FNDA:48,(anonymous_2)
FNDA:0,(anonymous_3)
DA:1,6
DA:19,6
DA:20,33
DA:28,6
DA:29,48
DA:31,48
DA:32,0
DA:35,48
DA:37,48
DA:39,48
DA:41,48
DA:42,0
DA:45,48
DA:51,48
DA:53,0
DA:58,6
DA:59,0
DA:60,0
DA:62,0
LF:19
LH:13
BRDA:19,0,0,9
BRDA:19,1,0,30
BRDA:22,2,0,33
BRDA:22,2,1,0
BRDA:31,3,0,0
BRDA:41,4,0,0
BRDA:59,5,0,0
BRF:7
BRH:3
end_of_record
TN:
SF:src\controllers\absence.controller.ts
FN:7,(anonymous_0)
FN:40,(anonymous_1)
FN:56,(anonymous_2)
FN:87,(anonymous_3)
FN:130,(anonymous_4)
FN:161,(anonymous_5)
FNF:6
FNH:2
FNDA:1,(anonymous_0)
FNDA:1,(anonymous_1)
FNDA:0,(anonymous_2)
FNDA:0,(anonymous_3)
FNDA:0,(anonymous_4)
FNDA:0,(anonymous_5)
DA:2,1
DA:5,1
DA:7,1
DA:8,1
DA:9,1
DA:10,1
DA:12,1
DA:33,1
DA:35,0
DA:36,0
DA:40,1
DA:41,1
DA:42,1
DA:44,1
DA:49,1
DA:51,0
DA:52,0
DA:56,1
DA:57,0
DA:58,0
DA:60,0
DA:61,0
DA:62,0
DA:65,0
DA:80,0
DA:82,0
DA:83,0
DA:87,1
DA:88,0
DA:89,0
DA:90,0
DA:92,0
DA:112,0
DA:113,0
DA:123,0
DA:125,0
DA:126,0
DA:130,1
DA:131,0
DA:132,0
DA:133,0
DA:135,0
DA:154,0
DA:156,0
DA:157,0
DA:161,1
DA:162,0
DA:163,0
DA:165,0
DA:167,0
DA:169,0
DA:170,0
LF:52
LH:17
BRDA:61,0,0,0
BRDA:112,1,0,0
BRF:2
BRH:0
end_of_record
TN:
SF:src\controllers\article.controller.ts
FN:7,(anonymous_0)
FN:44,(anonymous_1)
FN:66,(anonymous_2)
FN:108,(anonymous_3)
FN:148,(anonymous_4)
FNF:5
FNH:5
FNDA:1,(anonymous_0)
FNDA:2,(anonymous_1)
FNDA:1,(anonymous_2)
FNDA:1,(anonymous_3)
FNDA:1,(anonymous_4)
DA:2,1
DA:5,1
DA:7,1
DA:8,1
DA:9,1
DA:11,1
DA:13,1
DA:14,0
DA:21,1
DA:22,0
DA:25,1
DA:26,0
DA:29,1
DA:37,1
DA:39,0
DA:40,0
DA:44,1
DA:45,2
DA:46,2
DA:48,2
DA:55,2
DA:56,1
DA:59,1
DA:61,0
DA:62,0
DA:66,1
DA:67,1
DA:78,1
DA:80,1
DA:81,1
DA:84,0
DA:101,0
DA:103,0
DA:104,0
DA:108,1
DA:109,1
DA:110,1
DA:121,1
DA:123,1
DA:141,1
DA:143,0
DA:144,0
DA:148,1
DA:149,1
DA:150,1
DA:152,1
DA:156,1
DA:157,0
DA:160,1
DA:164,1
DA:166,0
DA:167,0
LF:52
LH:36
BRDA:13,0,0,0
BRDA:21,1,0,0
BRDA:25,2,0,0
BRDA:55,3,0,1
BRDA:80,4,0,1
BRDA:80,5,0,1
BRDA:80,5,1,0
BRDA:90,6,0,0
BRDA:90,6,1,0
BRDA:91,7,0,0
BRDA:91,7,1,0
BRDA:92,8,0,0
BRDA:92,8,1,0
BRDA:94,9,0,0
BRDA:94,9,1,0
BRDA:156,10,0,0
BRF:16
BRH:3
end_of_record
TN:
SF:src\controllers\articleGroup.controller.ts
FN:7,(anonymous_0)
FN:35,(anonymous_1)
FN:57,(anonymous_2)
FN:80,(anonymous_3)
FN:97,(anonymous_4)
FNF:5
FNH:0
FNDA:0,(anonymous_0)
FNDA:0,(anonymous_1)
FNDA:0,(anonymous_2)
FNDA:0,(anonymous_3)
FNDA:0,(anonymous_4)
DA:2,0
DA:5,0
DA:7,0
DA:8,0
DA:9,0
DA:11,0
DA:13,0
DA:14,0
DA:17,0
DA:28,0
DA:30,0
DA:31,0
DA:35,0
DA:36,0
DA:37,0
DA:39,0
DA:46,0
DA:47,0
DA:50,0
DA:52,0
DA:53,0
DA:57,0
DA:58,0
DA:59,0
DA:61,0
DA:62,0
DA:65,0
DA:73,0
DA:75,0
DA:76,0
DA:80,0
DA:81,0
DA:82,0
DA:83,0
DA:85,0
DA:90,0
DA:92,0
DA:93,0
DA:97,0
DA:98,0
DA:99,0
DA:101,0
DA:106,0
DA:107,0
DA:110,0
DA:111,0
DA:116,0
DA:120,0
DA:122,0
DA:123,0
LF:50
LH:0
BRDA:13,0,0,0
BRDA:46,1,0,0
BRDA:61,2,0,0
BRDA:69,3,0,0
BRDA:69,3,1,0
BRDA:106,4,0,0
BRDA:110,5,0,0
BRF:7
BRH:0
end_of_record
TN:
SF:src\controllers\auth.controller.ts
FN:10,(anonymous_1)
FN:80,(anonymous_2)
FNF:2
FNH:2
FNDA:3,(anonymous_1)
FNDA:3,(anonymous_2)
DA:2,1
DA:3,1
DA:4,1
DA:5,1
DA:8,1
DA:10,1
DA:11,3
DA:12,3
DA:13,3
DA:14,0
DA:17,3
DA:19,3
DA:20,3
DA:21,2
DA:24,1
DA:27,1
DA:38,1
DA:39,0
DA:41,1
DA:42,0
DA:44,1
DA:45,0
DA:48,1
DA:52,1
DA:56,1
DA:62,1
DA:75,0
DA:76,0
DA:80,1
DA:81,3
DA:82,3
DA:83,3
DA:84,0
DA:87,3
DA:89,3
DA:90,3
DA:91,1
DA:94,2
DA:95,1
DA:98,1
DA:99,1
DA:100,0
DA:103,1
DA:107,1
DA:113,1
DA:124,0
DA:125,0
LF:47
LH:37
BRDA:13,0,0,0
BRDA:20,1,0,2
BRDA:32,2,0,1
BRDA:32,2,1,1
BRDA:33,3,0,0
BRDA:33,3,1,1
BRDA:34,4,0,0
BRDA:34,4,1,1
BRDA:38,5,0,0
BRDA:41,6,0,0
BRDA:44,7,0,0
BRDA:83,8,0,0
BRDA:90,9,0,1
BRDA:94,10,0,1
BRDA:99,11,0,0
BRF:15
BRH:7
end_of_record
TN:
SF:src\controllers\backup.controller.ts
FN:18,(anonymous_1)
FN:72,(anonymous_2)
FN:75,(anonymous_3)
FN:76,(anonymous_4)
FN:86,(anonymous_5)
FN:95,(anonymous_6)
FN:117,(anonymous_7)
FN:141,(anonymous_8)
FN:204,(anonymous_9)
FN:230,(anonymous_10)
FNF:10
FNH:0
FNDA:0,(anonymous_1)
FNDA:0,(anonymous_2)
FNDA:0,(anonymous_3)
FNDA:0,(anonymous_4)
FNDA:0,(anonymous_5)
FNDA:0,(anonymous_6)
FNDA:0,(anonymous_7)
FNDA:0,(anonymous_8)
FNDA:0,(anonymous_9)
FNDA:0,(anonymous_10)
DA:2,0
DA:3,0
DA:4,0
DA:5,0
DA:6,0
DA:8,0
DA:9,0
DA:11,0
DA:14,0
DA:15,0
DA:18,0
DA:19,0
DA:20,0
DA:21,0
DA:22,0
DA:25,0
DA:40,0
DA:41,0
DA:42,0
DA:43,0
DA:45,0
DA:58,0
DA:60,0
DA:67,0
DA:68,0
DA:72,0
DA:73,0
DA:74,0
DA:75,0
DA:77,0
DA:78,0
DA:79,0
DA:86,0
DA:88,0
DA:90,0
DA:91,0
DA:95,0
DA:96,0
DA:97,0
DA:100,0
DA:101,0
DA:104,0
DA:106,0
DA:107,0
DA:110,0
DA:112,0
DA:113,0
DA:117,0
DA:118,0
DA:119,0
DA:122,0
DA:123,0
DA:126,0
DA:128,0
DA:129,0
DA:132,0
DA:134,0
DA:136,0
DA:137,0
DA:141,0
DA:142,0
DA:143,0
DA:146,0
DA:147,0
DA:150,0
DA:152,0
DA:153,0
DA:157,0
DA:160,0
DA:161,0
DA:162,0
DA:163,0
DA:164,0
DA:167,0
DA:168,0
DA:169,0
DA:173,0
DA:174,0
DA:175,0
DA:179,0
DA:180,0
DA:181,0
DA:185,0
DA:186,0
DA:187,0
DA:191,0
DA:192,0
DA:193,0
DA:197,0
DA:199,0
DA:200,0
DA:204,0
DA:205,0
DA:206,0
DA:207,0
DA:210,0
DA:211,0
DA:212,0
DA:213,0
DA:216,0
DA:218,0
DA:225,0
DA:226,0
DA:230,0
DA:231,0
DA:233,0
DA:247,0
DA:248,0
DA:249,0
DA:250,0
DA:252,0
DA:261,0
DA:262,0
DA:263,0
DA:265,0
DA:266,0
LF:116
LH:0
BRDA:11,0,0,0
BRDA:11,0,1,0
BRDA:14,1,0,0
BRDA:75,2,0,0
BRDA:75,2,1,0
BRDA:100,3,0,0
BRDA:100,4,0,0
BRDA:100,4,1,0
BRDA:100,4,2,0
BRDA:106,5,0,0
BRDA:122,6,0,0
BRDA:122,7,0,0
BRDA:122,7,1,0
BRDA:122,7,2,0
BRDA:128,8,0,0
BRDA:146,9,0,0
BRDA:146,10,0,0
BRDA:146,10,1,0
BRDA:146,10,2,0
BRDA:152,11,0,0
BRDA:167,12,0,0
BRDA:173,13,0,0
BRDA:179,14,0,0
BRDA:185,15,0,0
BRDA:191,16,0,0
BRDA:206,17,0,0
BRDA:211,18,0,0
BRDA:211,18,1,0
BRF:28
BRH:0
end_of_record
TN:
SF:src\controllers\compliance.controller.ts
FN:8,(anonymous_0)
FN:46,(anonymous_1)
FN:68,(anonymous_2)
FN:69,(anonymous_3)
FN:80,(anonymous_4)
FN:82,(anonymous_5)
FN:138,getAdditionalCantonalHolidays
FN:143,(anonymous_7)
FN:154,(anonymous_8)
FN:195,(anonymous_9)
FN:208,getFirstWeekdayOfMonth
FN:216,getGenevaBettag
FN:225,getBettagsMontag
FN:237,(anonymous_13)
FN:287,(anonymous_14)
FN:314,(anonymous_15)
FN:373,(anonymous_16)
FN:403,(anonymous_17)
FN:424,(anonymous_18)
FN:458,(anonymous_19)
FN:480,(anonymous_20)
FN:521,(anonymous_21)
FN:569,(anonymous_22)
FN:575,(anonymous_23)
FN:576,(anonymous_24)
FN:584,(anonymous_25)
FNF:26
FNH:0
FNDA:0,(anonymous_0)
FNDA:0,(anonymous_1)
FNDA:0,(anonymous_2)
FNDA:0,(anonymous_3)
FNDA:0,(anonymous_4)
FNDA:0,(anonymous_5)
FNDA:0,getAdditionalCantonalHolidays
FNDA:0,(anonymous_7)
FNDA:0,(anonymous_8)
FNDA:0,(anonymous_9)
FNDA:0,getFirstWeekdayOfMonth
FNDA:0,getGenevaBettag
FNDA:0,getBettagsMontag
FNDA:0,(anonymous_13)
FNDA:0,(anonymous_14)
FNDA:0,(anonymous_15)
FNDA:0,(anonymous_16)
FNDA:0,(anonymous_17)
FNDA:0,(anonymous_18)
FNDA:0,(anonymous_19)
FNDA:0,(anonymous_20)
FNDA:0,(anonymous_21)
FNDA:0,(anonymous_22)
FNDA:0,(anonymous_23)
FNDA:0,(anonymous_24)
FNDA:0,(anonymous_25)
DA:3,0
DA:5,0
DA:8,0
DA:9,0
DA:10,0
DA:12,0
DA:13,0
DA:16,0
DA:17,0
DA:19,0
DA:27,0
DA:28,0
DA:33,0
DA:38,0
DA:40,0
DA:41,0
DA:46,0
DA:47,0
DA:48,0
DA:50,0
DA:51,0
DA:54,0
DA:57,0
DA:59,0
DA:60,0
DA:63,0
DA:64,0
DA:67,0
DA:68,0
DA:69,0
DA:76,0
DA:79,0
DA:80,0
DA:81,0
DA:82,0
DA:83,0
DA:93,0
DA:96,0
DA:97,0
DA:99,0
DA:102,0
DA:111,0
DA:114,0
DA:119,0
DA:121,0
DA:132,0
DA:133,0
DA:139,0
DA:142,0
DA:143,0
DA:144,0
DA:153,0
DA:154,0
DA:155,0
DA:164,0
DA:165,0
DA:177,0
DA:185,0
DA:186,0
DA:194,0
DA:195,0
DA:196,0
DA:204,0
DA:209,0
DA:210,0
DA:211,0
DA:213,0
DA:218,0
DA:220,0
DA:221,0
DA:222,0
DA:227,0
DA:228,0
DA:229,0
DA:231,0
DA:232,0
DA:233,0
DA:237,0
DA:238,0
DA:239,0
DA:241,0
DA:243,0
DA:244,0
DA:245,0
DA:247,0
DA:250,0
DA:251,0
DA:254,0
DA:255,0
DA:258,0
DA:259,0
DA:260,0
DA:261,0
DA:264,0
DA:279,0
DA:281,0
DA:282,0
DA:287,0
DA:288,0
DA:289,0
DA:290,0
DA:292,0
DA:293,0
DA:296,0
DA:306,0
DA:308,0
DA:309,0
DA:314,0
DA:315,0
DA:316,0
DA:318,0
DA:322,0
DA:324,0
DA:345,0
DA:346,0
DA:365,0
DA:367,0
DA:368,0
DA:373,0
DA:374,0
DA:375,0
DA:376,0
DA:379,0
DA:381,0
DA:382,0
DA:385,0
DA:394,0
DA:395,0
DA:397,0
DA:398,0
DA:403,0
DA:404,0
DA:405,0
DA:406,0
DA:409,0
DA:411,0
DA:415,0
DA:416,0
DA:418,0
DA:419,0
DA:424,0
DA:425,0
DA:454,0
DA:458,0
DA:459,0
DA:460,0
DA:461,0
DA:464,0
DA:466,0
DA:467,0
DA:472,0
DA:474,0
DA:475,0
DA:480,0
DA:481,0
DA:482,0
DA:483,0
DA:486,0
DA:488,0
DA:490,0
DA:491,0
DA:501,0
DA:513,0
DA:515,0
DA:516,0
DA:521,0
DA:522,0
DA:523,0
DA:524,0
DA:527,0
DA:528,0
DA:531,0
DA:536,0
DA:544,0
DA:551,0
DA:560,0
DA:569,0
DA:570,0
DA:575,0
DA:576,0
DA:580,0
DA:584,0
DA:591,0
DA:592,0
LF:184
LH:0
BRDA:12,0,0,0
BRDA:27,1,0,0
BRDA:50,2,0,0
BRDA:59,3,0,0
BRDA:71,4,0,0
BRDA:71,4,1,0
BRDA:81,5,0,0
BRDA:81,6,0,0
BRDA:81,6,1,0
BRDA:81,6,2,0
BRDA:85,7,0,0
BRDA:85,7,1,0
BRDA:243,8,0,0
BRDA:243,8,1,0
BRDA:243,9,0,0
BRDA:243,9,1,0
BRDA:245,10,0,0
BRDA:250,11,0,0
BRDA:254,12,0,0
BRDA:258,13,0,0
BRDA:258,14,0,0
BRDA:258,14,1,0
BRDA:260,15,0,0
BRDA:261,16,0,0
BRDA:292,17,0,0
BRDA:302,18,0,0
BRDA:302,18,1,0
BRDA:318,19,0,0
BRDA:318,19,1,0
BRDA:318,20,0,0
BRDA:318,20,1,0
BRDA:322,21,0,0
BRDA:322,21,1,0
BRDA:345,22,0,0
BRDA:375,23,0,0
BRDA:381,24,0,0
BRDA:381,25,0,0
BRDA:381,25,1,0
BRDA:381,25,2,0
BRDA:390,26,0,0
BRDA:390,26,1,0
BRDA:405,27,0,0
BRDA:460,28,0,0
BRDA:466,29,0,0
BRDA:482,30,0,0
BRDA:490,31,0,0
BRDA:490,31,1,0
BRDA:523,32,0,0
BRF:48
BRH:0
end_of_record
TN:
SF:src\controllers\customer.controller.ts
FN:7,(anonymous_0)
FN:47,(anonymous_1)
FN:84,(anonymous_2)
FN:127,(anonymous_3)
FN:168,(anonymous_4)
FNF:5
FNH:5
FNDA:1,(anonymous_0)
FNDA:2,(anonymous_1)
FNDA:1,(anonymous_2)
FNDA:1,(anonymous_3)
FNDA:1,(anonymous_4)
DA:2,1
DA:5,1
DA:7,1
DA:8,1
DA:9,1
DA:11,1
DA:13,1
DA:14,0
DA:22,1
DA:23,0
DA:26,1
DA:40,1
DA:42,0
DA:43,0
DA:47,1
DA:48,2
DA:49,2
DA:51,2
DA:73,2
DA:74,1
DA:77,1
DA:79,0
DA:80,0
DA:84,1
DA:85,1
DA:98,1
DA:100,1
DA:101,0
DA:104,1
DA:120,1
DA:122,0
DA:123,0
DA:127,1
DA:128,1
DA:129,1
DA:142,1
DA:144,1
DA:161,1
DA:163,0
DA:164,0
DA:168,1
DA:169,1
DA:170,1
DA:173,1
DA:180,1
DA:181,0
DA:184,1
DA:186,0
DA:190,0
DA:194,0
DA:198,0
DA:200,1
DA:201,1
LF:53
LH:37
BRDA:13,0,0,0
BRDA:22,1,0,0
BRDA:73,2,0,1
BRDA:100,3,0,0
BRDA:116,4,0,0
BRDA:116,4,1,1
BRDA:180,5,0,0
BRDA:184,6,0,0
BRF:8
BRH:2
end_of_record
TN:
SF:src\controllers\invoice.controller.ts
FN:8,(anonymous_0)
FN:73,(anonymous_1)
FN:105,(anonymous_2)
FN:147,(anonymous_3)
FN:202,(anonymous_4)
FN:265,(anonymous_5)
FN:319,(anonymous_6)
FN:351,(anonymous_7)
FNF:8
FNH:5
FNDA:1,(anonymous_0)
FNDA:2,(anonymous_1)
FNDA:2,(anonymous_2)
FNDA:0,(anonymous_3)
FNDA:1,(anonymous_4)
FNDA:0,(anonymous_5)
FNDA:1,(anonymous_6)
FNDA:0,(anonymous_7)
DA:2,1
DA:5,1
DA:8,1
DA:9,1
DA:10,1
DA:12,1
DA:14,1
DA:15,0
DA:22,1
DA:23,0
DA:26,1
DA:27,0
DA:30,1
DA:31,0
DA:34,1
DA:65,1
DA:67,0
DA:68,0
DA:73,1
DA:74,2
DA:75,2
DA:77,2
DA:93,2
DA:94,1
DA:97,1
DA:99,0
DA:100,0
DA:105,1
DA:106,2
DA:116,2
DA:119,0
DA:120,0
DA:126,0
DA:130,0
DA:131,0
DA:135,0
DA:139,0
DA:140,0
DA:144,0
DA:145,0
DA:147,0
DA:148,0
DA:149,0
DA:151,0
DA:152,0
DA:154,0
DA:161,0
DA:164,0
DA:194,0
DA:196,2
DA:197,2
DA:202,1
DA:203,1
DA:204,1
DA:215,1
DA:218,1
DA:223,1
DA:224,0
DA:228,1
DA:229,0
DA:233,0
DA:234,0
DA:239,1
DA:240,0
DA:244,0
DA:245,0
DA:249,1
DA:251,1
DA:252,1
DA:253,1
DA:254,1
DA:255,1
DA:256,1
DA:257,1
DA:258,1
DA:261,1
DA:262,0
DA:263,0
DA:265,0
DA:266,0
DA:267,0
DA:269,0
DA:270,0
DA:272,0
DA:279,0
DA:281,0
DA:282,0
DA:283,0
DA:286,0
DA:290,0
DA:295,1
DA:311,1
DA:313,0
DA:314,0
DA:319,1
DA:320,1
DA:321,1
DA:323,1
DA:327,1
DA:328,0
DA:332,1
DA:333,0
DA:338,0
DA:343,0
DA:345,1
DA:346,1
DA:351,1
DA:352,0
DA:353,0
DA:354,0
DA:356,0
DA:367,0
DA:368,0
DA:369,0
DA:370,0
DA:373,0
DA:374,0
DA:376,0
DA:377,0
LF:119
LH:53
BRDA:14,0,0,0
BRDA:22,1,0,0
BRDA:26,2,0,0
BRDA:30,3,0,0
BRDA:93,4,0,1
BRDA:113,5,0,2
BRDA:115,6,0,0
BRDA:119,7,0,0
BRDA:119,8,0,0
BRDA:119,8,1,0
BRDA:119,8,2,0
BRDA:119,8,3,0
BRDA:130,9,0,0
BRDA:139,10,0,0
BRDA:156,11,0,0
BRDA:156,11,1,0
BRDA:170,12,0,0
BRDA:170,12,1,0
BRDA:223,13,0,0
BRDA:228,14,0,0
BRDA:228,15,0,1
BRDA:228,15,1,0
BRDA:233,16,0,0
BRDA:239,17,0,0
BRDA:239,18,0,1
BRDA:239,18,1,0
BRDA:244,19,0,0
BRDA:251,20,0,0
BRDA:252,21,0,0
BRDA:253,22,0,0
BRDA:254,23,0,0
BRDA:254,24,0,0
BRDA:254,24,1,0
BRDA:255,25,0,0
BRDA:256,26,0,1
BRDA:257,27,0,0
BRDA:258,28,0,0
BRDA:261,29,0,0
BRDA:261,30,0,1
BRDA:261,30,1,0
BRDA:274,31,0,0
BRDA:274,31,1,0
BRDA:327,32,0,0
BRDA:332,33,0,0
BRDA:332,33,1,0
BRDA:368,34,0,0
BRF:46
BRH:6
end_of_record
TN:
SF:src\controllers\invoicePdf.controller.ts
FN:8,(anonymous_1)
FN:166,(anonymous_2)
FNF:2
FNH:0
FNDA:0,(anonymous_1)
FNDA:0,(anonymous_2)
DA:2,0
DA:3,0
DA:6,0
DA:8,0
DA:9,0
DA:10,0
DA:12,0
DA:28,0
DA:29,0
DA:33,0
DA:34,0
DA:35,0
DA:41,0
DA:47,0
DA:48,0
DA:51,0
DA:54,0
DA:55,0
DA:56,0
DA:57,0
DA:58,0
DA:61,0
DA:62,0
DA:63,0
DA:65,0
DA:70,0
DA:72,0
DA:77,0
DA:85,0
DA:86,0
DA:90,0
DA:91,0
DA:93,0
DA:94,0
DA:95,0
DA:98,0
DA:99,0
DA:100,0
DA:103,0
DA:104,0
DA:105,0
DA:108,0
DA:109,0
DA:110,0
DA:114,0
DA:115,0
DA:120,0
DA:124,0
DA:127,0
DA:128,0
DA:133,0
DA:134,0
DA:139,0
DA:140,0
DA:141,0
DA:142,0
DA:143,0
DA:144,0
DA:145,0
DA:147,0
DA:157,0
DA:162,0
DA:163,0
DA:166,0
DA:168,0
DA:169,0
DA:170,0
DA:173,0
DA:176,0
DA:178,0
DA:183,0
DA:187,0
DA:188,0
DA:193,0
DA:194,0
DA:199,0
DA:200,0
DA:203,0
DA:204,0
DA:210,0
DA:212,0
DA:213,0
DA:217,0
DA:218,0
DA:219,0
DA:220,0
DA:222,0
DA:225,0
DA:226,0
DA:230,0
DA:234,0
DA:235,0
DA:239,0
DA:240,0
DA:241,0
DA:246,0
DA:247,0
DA:248,0
DA:249,0
DA:250,0
DA:252,0
DA:256,0
DA:257,0
DA:263,0
DA:264,0
DA:266,0
DA:271,0
DA:274,0
DA:275,0
DA:276,0
LF:110
LH:0
BRDA:28,0,0,0
BRDA:34,1,0,0
BRDA:54,2,0,0
BRDA:54,2,1,0
BRDA:55,3,0,0
BRDA:55,3,1,0
BRDA:56,4,0,0
BRDA:56,4,1,0
BRDA:57,5,0,0
BRDA:57,5,1,0
BRDA:58,6,0,0
BRDA:58,6,1,0
BRDA:62,7,0,0
BRDA:62,8,0,0
BRDA:62,8,1,0
BRDA:93,9,0,0
BRDA:98,10,0,0
BRDA:103,11,0,0
BRDA:103,12,0,0
BRDA:103,12,1,0
BRDA:108,13,0,0
BRDA:108,14,0,0
BRDA:108,14,1,0
BRDA:127,15,0,0
BRDA:168,16,0,0
BRDA:200,17,0,0
BRDA:200,17,1,0
BRDA:212,18,0,0
BRDA:218,19,0,0
BRDA:218,19,1,0
BRDA:219,20,0,0
BRDA:219,20,1,0
BRDA:220,21,0,0
BRDA:220,21,1,0
BRDA:234,22,0,0
BRDA:234,23,0,0
BRDA:234,23,1,0
BRDA:240,24,0,0
BRDA:246,25,0,0
BRDA:248,26,0,0
BRDA:264,27,0,0
BRDA:264,27,1,0
BRDA:275,28,0,0
BRF:43
BRH:0
end_of_record
TN:
SF:src\controllers\invoiceTemplate.controller.ts
FN:8,(anonymous_0)
FN:24,(anonymous_1)
FN:44,(anonymous_2)
FN:86,(anonymous_3)
FN:159,(anonymous_4)
FN:240,(anonymous_5)
FN:272,(anonymous_6)
FNF:7
FNH:0
FNDA:0,(anonymous_0)
FNDA:0,(anonymous_1)
FNDA:0,(anonymous_2)
FNDA:0,(anonymous_3)
FNDA:0,(anonymous_4)
FNDA:0,(anonymous_5)
FNDA:0,(anonymous_6)
DA:2,0
DA:5,0
DA:8,0
DA:9,0
DA:10,0
DA:16,0
DA:18,0
DA:19,0
DA:24,0
DA:25,0
DA:26,0
DA:28,0
DA:32,0
DA:33,0
DA:36,0
DA:38,0
DA:39,0
DA:44,0
DA:45,0
DA:46,0
DA:50,0
DA:52,0
DA:75,0
DA:78,0
DA:80,0
DA:81,0
DA:86,0
DA:87,0
DA:111,0
DA:114,0
DA:115,0
DA:121,0
DA:148,0
DA:150,0
DA:151,0
DA:152,0
DA:154,0
DA:159,0
DA:160,0
DA:161,0
DA:185,0
DA:188,0
DA:189,0
DA:198,0
DA:226,0
DA:228,0
DA:229,0
DA:230,0
DA:232,0
DA:233,0
DA:235,0
DA:240,0
DA:241,0
DA:242,0
DA:245,0
DA:249,0
DA:250,0
DA:253,0
DA:254,0
DA:257,0
DA:261,0
DA:263,0
DA:264,0
DA:265,0
DA:267,0
DA:272,0
DA:273,0
DA:274,0
DA:277,0
DA:283,0
DA:288,0
DA:290,0
DA:291,0
DA:292,0
DA:294,0
LF:75
LH:0
BRDA:32,0,0,0
BRDA:50,1,0,0
BRDA:114,2,0,0
BRDA:124,3,0,0
BRDA:124,3,1,0
BRDA:125,4,0,0
BRDA:125,4,1,0
BRDA:126,5,0,0
BRDA:126,5,1,0
BRDA:127,6,0,0
BRDA:127,6,1,0
BRDA:128,7,0,0
BRDA:128,7,1,0
BRDA:129,8,0,0
BRDA:129,8,1,0
BRDA:130,9,0,0
BRDA:130,9,1,0
BRDA:131,10,0,0
BRDA:131,10,1,0
BRDA:132,11,0,0
BRDA:132,11,1,0
BRDA:133,12,0,0
BRDA:133,12,1,0
BRDA:134,13,0,0
BRDA:134,13,1,0
BRDA:135,14,0,0
BRDA:135,14,1,0
BRDA:138,15,0,0
BRDA:138,15,1,0
BRDA:142,16,0,0
BRDA:142,16,1,0
BRDA:143,17,0,0
BRDA:143,17,1,0
BRDA:144,18,0,0
BRDA:144,18,1,0
BRDA:151,19,0,0
BRDA:188,20,0,0
BRDA:229,21,0,0
BRDA:232,22,0,0
BRDA:249,23,0,0
BRDA:253,24,0,0
BRDA:264,25,0,0
BRDA:291,26,0,0
BRF:43
BRH:0
end_of_record
TN:
SF:src\controllers\location.controller.ts
FN:7,(anonymous_0)
FN:20,(anonymous_1)
FN:34,(anonymous_2)
FN:58,(anonymous_3)
FN:81,(anonymous_4)
FN:103,(anonymous_5)
FNF:6
FNH:1
FNDA:0,(anonymous_0)
FNDA:1,(anonymous_1)
FNDA:0,(anonymous_2)
FNDA:0,(anonymous_3)
FNDA:0,(anonymous_4)
FNDA:0,(anonymous_5)
DA:2,1
DA:5,1
DA:7,1
DA:8,0
DA:9,0
DA:13,0
DA:15,0
DA:16,0
DA:20,1
DA:21,1
DA:22,1
DA:27,1
DA:29,0
DA:30,0
DA:34,1
DA:35,0
DA:36,0
DA:38,0
DA:47,0
DA:48,0
DA:51,0
DA:53,0
DA:54,0
DA:58,1
DA:59,0
DA:60,0
DA:62,0
DA:63,0
DA:66,0
DA:74,0
DA:76,0
DA:77,0
DA:81,1
DA:82,0
DA:83,0
DA:84,0
DA:86,0
DA:96,0
DA:98,0
DA:99,0
DA:103,1
DA:104,0
DA:105,0
DA:108,0
DA:112,0
DA:113,0
DA:119,0
DA:121,0
DA:123,0
DA:124,0
LF:50
LH:11
BRDA:47,0,0,0
BRDA:62,1,0,0
BRDA:112,2,0,0
BRF:3
BRH:0
end_of_record
TN:
SF:src\controllers\project.controller.ts
FN:7,(anonymous_0)
FN:35,(anonymous_1)
FN:46,(anonymous_2)
FN:55,(anonymous_3)
FN:73,(anonymous_4)
FN:94,(anonymous_5)
FN:107,(anonymous_6)
FN:137,(anonymous_7)
FNF:8
FNH:1
FNDA:1,(anonymous_0)
FNDA:0,(anonymous_1)
FNDA:0,(anonymous_2)
FNDA:0,(anonymous_3)
FNDA:0,(anonymous_4)
FNDA:0,(anonymous_5)
FNDA:0,(anonymous_6)
FNDA:0,(anonymous_7)
DA:2,1
DA:5,1
DA:7,1
DA:8,1
DA:9,1
DA:28,1
DA:30,0
DA:31,0
DA:35,1
DA:36,0
DA:37,0
DA:39,0
DA:46,0
DA:48,0
DA:50,0
DA:51,0
DA:55,1
DA:56,0
DA:57,0
DA:59,0
DA:66,0
DA:68,0
DA:69,0
DA:73,1
DA:74,0
DA:75,0
DA:76,0
DA:78,0
DA:87,0
DA:89,0
DA:90,0
DA:94,1
DA:95,0
DA:96,0
DA:98,0
DA:100,0
DA:102,0
DA:103,0
DA:107,1
DA:108,0
DA:109,0
DA:110,0
DA:112,0
DA:130,0
DA:132,0
DA:133,0
DA:137,1
DA:138,0
DA:139,0
DA:141,0
DA:148,0
DA:150,0
DA:151,0
LF:53
LH:12
BRF:0
BRH:0
end_of_record
TN:
SF:src\controllers\report.controller.ts
FN:8,(anonymous_0)
FN:13,(anonymous_1)
FN:34,(anonymous_2)
FN:39,(anonymous_3)
FN:64,(anonymous_4)
FN:79,(anonymous_5)
FN:114,(anonymous_6)
FN:119,(anonymous_7)
FN:144,(anonymous_8)
FN:160,(anonymous_9)
FN:175,(anonymous_10)
FN:187,(anonymous_11)
FN:207,(anonymous_12)
FN:243,(anonymous_13)
FN:248,(anonymous_14)
FN:272,(anonymous_15)
FN:287,(anonymous_16)
FN:302,(anonymous_17)
FN:307,(anonymous_18)
FN:322,(anonymous_19)
FN:331,(anonymous_20)
FN:351,(anonymous_21)
FN:365,(anonymous_22)
FN:384,(anonymous_23)
FN:400,(anonymous_24)
FN:415,(anonymous_25)
FN:434,(anonymous_26)
FN:443,(anonymous_27)
FN:466,(anonymous_28)
FN:485,(anonymous_29)
FN:494,(anonymous_30)
FN:505,(anonymous_31)
FN:507,(anonymous_32)
FN:515,(anonymous_33)
FN:547,(anonymous_34)
FNF:35
FNH:0
FNDA:0,(anonymous_0)
FNDA:0,(anonymous_1)
FNDA:0,(anonymous_2)
FNDA:0,(anonymous_3)
FNDA:0,(anonymous_4)
FNDA:0,(anonymous_5)
FNDA:0,(anonymous_6)
FNDA:0,(anonymous_7)
FNDA:0,(anonymous_8)
FNDA:0,(anonymous_9)
FNDA:0,(anonymous_10)
FNDA:0,(anonymous_11)
FNDA:0,(anonymous_12)
FNDA:0,(anonymous_13)
FNDA:0,(anonymous_14)
FNDA:0,(anonymous_15)
FNDA:0,(anonymous_16)
FNDA:0,(anonymous_17)
FNDA:0,(anonymous_18)
FNDA:0,(anonymous_19)
FNDA:0,(anonymous_20)
FNDA:0,(anonymous_21)
FNDA:0,(anonymous_22)
FNDA:0,(anonymous_23)
FNDA:0,(anonymous_24)
FNDA:0,(anonymous_25)
FNDA:0,(anonymous_26)
FNDA:0,(anonymous_27)
FNDA:0,(anonymous_28)
FNDA:0,(anonymous_29)
FNDA:0,(anonymous_30)
FNDA:0,(anonymous_31)
FNDA:0,(anonymous_32)
FNDA:0,(anonymous_33)
FNDA:0,(anonymous_34)
DA:2,0
DA:4,0
DA:6,0
DA:8,0
DA:9,0
DA:10,0
DA:13,0
DA:14,0
DA:15,0
DA:16,0
DA:18,0
DA:20,0
DA:21,0
DA:27,0
DA:34,0
DA:35,0
DA:38,0
DA:39,0
DA:40,0
DA:41,0
DA:42,0
DA:47,0
DA:51,0
DA:64,0
DA:66,0
DA:74,0
DA:75,0
DA:79,0
DA:80,0
DA:81,0
DA:82,0
DA:84,0
DA:94,0
DA:95,0
DA:98,0
DA:100,0
DA:101,0
DA:107,0
DA:114,0
DA:115,0
DA:118,0
DA:119,0
DA:120,0
DA:121,0
DA:122,0
DA:127,0
DA:131,0
DA:144,0
DA:146,0
DA:155,0
DA:156,0
DA:160,0
DA:161,0
DA:162,0
DA:164,0
DA:174,0
DA:176,0
DA:178,0
DA:179,0
DA:185,0
DA:187,0
DA:188,0
DA:191,0
DA:200,0
DA:202,0
DA:203,0
DA:207,0
DA:208,0
DA:209,0
DA:210,0
DA:212,0
DA:216,0
DA:217,0
DA:220,0
DA:222,0
DA:223,0
DA:229,0
DA:243,0
DA:244,0
DA:247,0
DA:248,0
DA:249,0
DA:250,0
DA:255,0
DA:258,0
DA:266,0
DA:267,0
DA:272,0
DA:273,0
DA:274,0
DA:276,0
DA:286,0
DA:288,0
DA:293,0
DA:294,0
DA:300,0
DA:302,0
DA:303,0
DA:304,0
DA:307,0
DA:309,0
DA:322,0
DA:324,0
DA:326,0
DA:327,0
DA:331,0
DA:332,0
DA:333,0
DA:335,0
DA:337,0
DA:338,0
DA:339,0
DA:341,0
DA:351,0
DA:352,0
DA:355,0
DA:365,0
DA:367,0
DA:377,0
DA:379,0
DA:380,0
DA:384,0
DA:385,0
DA:386,0
DA:387,0
DA:389,0
DA:399,0
DA:401,0
DA:406,0
DA:407,0
DA:413,0
DA:415,0
DA:416,0
DA:419,0
DA:420,0
DA:421,0
DA:423,0
DA:434,0
DA:436,0
DA:438,0
DA:439,0
DA:443,0
DA:444,0
DA:445,0
DA:447,0
DA:457,0
DA:465,0
DA:467,0
DA:469,0
DA:470,0
DA:476,0
DA:477,0
DA:483,0
DA:485,0
DA:486,0
DA:489,0
DA:490,0
DA:494,0
DA:496,0
DA:505,0
DA:507,0
DA:509,0
DA:510,0
DA:515,0
DA:516,0
DA:517,0
DA:518,0
DA:520,0
DA:521,0
DA:524,0
DA:525,0
DA:526,0
DA:528,0
DA:530,0
DA:535,0
DA:537,0
DA:538,0
DA:539,0
DA:540,0
DA:542,0
DA:543,0
DA:547,0
DA:548,0
DA:549,0
DA:550,0
DA:552,0
DA:553,0
DA:556,0
DA:557,0
DA:558,0
DA:560,0
DA:565,0
DA:566,0
DA:569,0
DA:571,0
DA:573,0
DA:574,0
DA:575,0
DA:576,0
DA:578,0
DA:579,0
LF:201
LH:0
BRDA:9,0,0,0
BRDA:20,1,0,0
BRDA:20,2,0,0
BRDA:20,2,1,0
BRDA:40,3,0,0
BRDA:41,4,0,0
BRDA:55,5,0,0
BRDA:55,5,1,0
BRDA:55,6,0,0
BRDA:55,6,1,0
BRDA:94,7,0,0
BRDA:100,8,0,0
BRDA:100,9,0,0
BRDA:100,9,1,0
BRDA:120,10,0,0
BRDA:121,11,0,0
BRDA:135,12,0,0
BRDA:135,12,1,0
BRDA:135,13,0,0
BRDA:135,13,1,0
BRDA:178,14,0,0
BRDA:178,15,0,0
BRDA:178,15,1,0
BRDA:216,16,0,0
BRDA:222,17,0,0
BRDA:222,18,0,0
BRDA:222,18,1,0
BRDA:249,19,0,0
BRDA:293,20,0,0
BRDA:293,21,0,0
BRDA:293,21,1,0
BRDA:303,22,0,0
BRDA:303,22,1,0
BRDA:312,23,0,0
BRDA:312,23,1,0
BRDA:313,24,0,0
BRDA:313,24,1,0
BRDA:314,25,0,0
BRDA:314,25,1,0
BRDA:315,26,0,0
BRDA:315,26,1,0
BRDA:316,27,0,0
BRDA:316,27,1,0
BRDA:333,28,0,0
BRDA:333,28,1,0
BRDA:406,29,0,0
BRDA:406,30,0,0
BRDA:406,30,1,0
BRDA:476,31,0,0
BRDA:476,32,0,0
BRDA:476,32,1,0
BRDA:489,33,0,0
BRDA:520,34,0,0
BRDA:520,35,0,0
BRDA:520,35,1,0
BRDA:552,36,0,0
BRDA:552,37,0,0
BRDA:552,37,1,0
BRDA:565,38,0,0
BRF:59
BRH:0
end_of_record
TN:
SF:src\controllers\supplier.controller.ts
FN:7,(anonymous_0)
FN:38,(anonymous_1)
FN:57,(anonymous_2)
FN:100,(anonymous_3)
FN:141,(anonymous_4)
FNF:5
FNH:0
FNDA:0,(anonymous_0)
FNDA:0,(anonymous_1)
FNDA:0,(anonymous_2)
FNDA:0,(anonymous_3)
FNDA:0,(anonymous_4)
DA:2,0
DA:5,0
DA:7,0
DA:8,0
DA:9,0
DA:11,0
DA:13,0
DA:14,0
DA:22,0
DA:23,0
DA:26,0
DA:31,0
DA:33,0
DA:34,0
DA:38,0
DA:39,0
DA:40,0
DA:42,0
DA:46,0
DA:47,0
DA:50,0
DA:52,0
DA:53,0
DA:57,0
DA:58,0
DA:71,0
DA:73,0
DA:74,0
DA:77,0
DA:93,0
DA:95,0
DA:96,0
DA:100,0
DA:101,0
DA:102,0
DA:115,0
DA:117,0
DA:134,0
DA:136,0
DA:137,0
DA:141,0
DA:142,0
DA:143,0
DA:145,0
DA:149,0
DA:150,0
DA:153,0
DA:157,0
DA:159,0
DA:160,0
LF:50
LH:0
BRDA:13,0,0,0
BRDA:22,1,0,0
BRDA:46,2,0,0
BRDA:73,3,0,0
BRDA:89,4,0,0
BRDA:89,4,1,0
BRDA:149,5,0,0
BRF:7
BRH:0
end_of_record
TN:
SF:src\controllers\time.controller.ts
FN:14,(anonymous_0)
FN:59,(anonymous_1)
FN:105,(anonymous_2)
FN:127,(anonymous_3)
FN:157,(anonymous_4)
FN:194,(anonymous_5)
FN:235,(anonymous_6)
FN:263,(anonymous_7)
FN:313,(anonymous_8)
FN:326,(anonymous_9)
FN:360,(anonymous_10)
FNF:11
FNH:5
FNDA:2,(anonymous_0)
FNDA:2,(anonymous_1)
FNDA:0,(anonymous_2)
FNDA:1,(anonymous_3)
FNDA:0,(anonymous_4)
FNDA:3,(anonymous_5)
FNDA:1,(anonymous_6)
FNDA:0,(anonymous_7)
FNDA:0,(anonymous_8)
FNDA:0,(anonymous_9)
FNDA:0,(anonymous_10)
DA:2,1
DA:4,1
DA:12,1
DA:14,1
DA:15,2
DA:16,2
DA:17,2
DA:20,2
DA:27,2
DA:28,1
DA:31,1
DA:34,1
DA:35,1
DA:37,1
DA:52,1
DA:54,0
DA:55,0
DA:59,1
DA:60,2
DA:61,2
DA:62,2
DA:64,2
DA:71,2
DA:72,1
DA:75,1
DA:77,1
DA:91,1
DA:92,1
DA:93,1
DA:94,1
DA:95,1
DA:96,1
DA:98,1
DA:100,0
DA:101,0
DA:105,1
DA:106,0
DA:107,0
DA:109,0
DA:120,0
DA:122,0
DA:123,0
DA:127,1
DA:128,1
DA:129,1
DA:130,1
DA:132,1
DA:134,1
DA:135,0
DA:141,1
DA:150,1
DA:152,0
DA:153,0
DA:157,1
DA:158,0
DA:159,0
DA:160,0
DA:162,0
DA:164,0
DA:165,0
DA:171,0
DA:187,0
DA:189,0
DA:190,0
DA:194,1
DA:195,3
DA:196,3
DA:197,3
DA:198,3
DA:201,3
DA:205,3
DA:206,1
DA:210,2
DA:211,1
DA:214,1
DA:228,1
DA:230,0
DA:231,0
DA:235,1
DA:236,1
DA:237,1
DA:238,1
DA:241,1
DA:245,1
DA:246,0
DA:250,1
DA:251,0
DA:254,1
DA:256,1
DA:258,0
DA:259,0
DA:263,1
DA:264,0
DA:265,0
DA:266,0
DA:268,0
DA:291,0
DA:292,0
DA:293,0
DA:294,0
DA:296,0
DA:298,0
DA:299,0
DA:300,0
DA:301,0
DA:303,0
DA:306,0
DA:308,0
DA:309,0
DA:313,1
DA:314,0
DA:315,0
DA:317,0
DA:319,0
DA:321,0
DA:322,0
DA:326,1
DA:327,0
DA:328,0
DA:330,0
DA:337,0
DA:338,0
DA:341,0
DA:353,0
DA:355,0
DA:356,0
DA:360,1
DA:361,0
DA:362,0
DA:364,0
DA:371,0
DA:372,0
DA:375,0
DA:376,0
DA:380,0
DA:393,0
DA:395,0
DA:396,0
LF:138
LH:66
BRDA:27,0,0,1
BRDA:71,1,0,1
BRDA:82,2,0,1
BRDA:82,2,1,1
BRDA:91,3,0,1
BRDA:91,3,1,1
BRDA:120,4,0,0
BRDA:120,4,1,0
BRDA:134,5,0,0
BRDA:134,6,0,1
BRDA:134,6,1,0
BRDA:164,7,0,0
BRDA:164,8,0,0
BRDA:164,8,1,0
BRDA:205,9,0,1
BRDA:210,10,0,1
BRDA:217,11,0,0
BRDA:217,11,1,1
BRDA:218,12,0,0
BRDA:218,12,1,1
BRDA:219,13,0,0
BRDA:219,13,1,1
BRDA:245,14,0,0
BRDA:250,15,0,0
BRDA:271,16,0,0
BRDA:271,16,1,0
BRDA:272,17,0,0
BRDA:272,17,1,0
BRDA:275,18,0,0
BRDA:275,18,1,0
BRDA:291,19,0,0
BRDA:291,20,0,0
BRDA:291,20,1,0
BRDA:337,21,0,0
BRDA:371,22,0,0
BRDA:371,23,0,0
BRDA:371,23,1,0
BRDA:385,24,0,0
BRDA:385,24,1,0
BRF:39
BRH:12
end_of_record
TN:
SF:src\controllers\user.controller.ts
FN:8,(anonymous_1)
FN:58,(anonymous_2)
FN:104,(anonymous_3)
FN:137,(anonymous_4)
FN:203,(anonymous_5)
FNF:5
FNH:0
FNDA:0,(anonymous_1)
FNDA:0,(anonymous_2)
FNDA:0,(anonymous_3)
FNDA:0,(anonymous_4)
FNDA:0,(anonymous_5)
DA:2,1
DA:4,1
DA:6,1
DA:8,1
DA:9,0
DA:10,0
DA:47,0
DA:48,0
DA:51,0
DA:53,0
DA:54,0
DA:58,1
DA:59,0
DA:60,0
DA:97,0
DA:99,0
DA:100,0
DA:104,1
DA:105,0
DA:106,0
DA:108,0
DA:126,0
DA:127,0
DA:130,0
DA:132,0
DA:133,0
DA:137,1
DA:138,0
DA:139,0
DA:140,0
DA:143,0
DA:144,0
DA:148,0
DA:149,0
DA:151,0
DA:152,0
DA:154,0
DA:155,0
DA:158,0
DA:196,0
DA:198,0
DA:199,0
DA:203,1
DA:204,0
DA:205,0
DA:207,0
DA:209,0
DA:211,0
DA:212,0
LF:49
LH:8
BRDA:47,0,0,0
BRDA:126,1,0,0
BRDA:143,2,0,0
BRDA:148,3,0,0
BRDA:151,4,0,0
BRDA:154,5,0,0
BRF:6
BRH:0
end_of_record
TN:
SF:src\middleware\auth.ts
FN:8,(anonymous_1)
FN:29,(anonymous_2)
FN:30,(anonymous_3)
FN:43,(anonymous_4)
FNF:4
FNH:3
FNDA:29,(anonymous_1)
FNDA:21,(anonymous_2)
FNDA:13,(anonymous_3)
FNDA:0,(anonymous_4)
DA:2,3
DA:3,3
DA:8,3
DA:9,29
DA:10,29
DA:12,29
DA:13,0
DA:16,29
DA:22,29
DA:23,29
DA:25,0
DA:29,3
DA:30,21
DA:31,13
DA:32,0
DA:35,13
DA:36,13
DA:39,0
DA:43,3
DA:44,0
DA:45,0
DA:48,0
DA:49,0
DA:52,0
LF:24
LH:15
BRDA:12,0,0,0
BRDA:31,1,0,0
BRDA:35,2,0,13
BRDA:44,3,0,0
BRDA:48,4,0,0
BRF:5
BRH:1
end_of_record
TN:
SF:src\middleware\errorHandler.ts
FN:3,(anonymous_0)
FNF:1
FNH:0
FNDA:0,(anonymous_0)
DA:3,0
DA:9,0
DA:11,0
DA:12,0
DA:15,0
DA:16,0
DA:19,0
LF:7
LH:0
BRDA:11,0,0,0
BRDA:15,1,0,0
BRF:2
BRH:0
end_of_record
TN:
SF:src\routes\absence.routes.ts
FNF:0
FNH:0
DA:1,1
DA:2,1
DA:3,1
DA:5,1
DA:7,1
DA:10,1
DA:11,1
DA:14,1
DA:15,1
DA:16,1
DA:17,1
DA:19,1
LF:12
LH:12
BRF:0
BRH:0
end_of_record
TN:
SF:src\routes\article.routes.ts
FNF:0
FNH:0
DA:1,0
DA:2,0
DA:3,0
DA:5,0
DA:7,0
DA:9,0
DA:10,0
DA:12,0
DA:13,0
DA:14,0
DA:16,0
LF:11
LH:0
BRF:0
BRH:0
end_of_record
TN:
SF:src\routes\articleGroup.routes.ts
FNF:0
FNH:0
DA:1,0
DA:2,0
DA:3,0
DA:5,0
DA:7,0
DA:9,0
DA:10,0
DA:12,0
DA:13,0
DA:14,0
DA:16,0
LF:11
LH:0
BRF:0
BRH:0
end_of_record
TN:
SF:src\routes\auth.routes.ts
FNF:0
FNH:0
DA:1,0
DA:2,0
DA:3,0
DA:5,0
DA:7,0
DA:18,0
DA:27,0
LF:7
LH:0
BRF:0
BRH:0
end_of_record
TN:
SF:src\routes\backup.routes.ts
FN:23,(anonymous_1)
FNF:1
FNH:0
FNDA:0,(anonymous_1)
DA:1,0
DA:2,0
DA:3,0
DA:4,0
DA:13,0
DA:15,0
DA:18,0
DA:24,0
DA:28,0
DA:30,0
DA:36,0
DA:37,0
DA:40,0
DA:43,0
DA:46,0
DA:49,0
DA:52,0
DA:55,0
DA:58,0
DA:60,0
LF:20
LH:0
BRDA:24,0,0,0
BRDA:24,0,1,0
BRDA:24,1,0,0
BRDA:24,1,1,0
BRDA:24,1,2,0
BRDA:24,1,3,0
BRF:6
BRH:0
end_of_record
TN:
SF:src\routes\compliance.routes.ts
FNF:0
FNH:0
DA:1,0
DA:2,0
DA:3,0
DA:17,0
DA:20,0
DA:21,0
DA:22,0
DA:23,0
DA:26,0
DA:29,0
DA:30,0
DA:31,0
DA:34,0
DA:37,0
DA:38,0
DA:40,0
LF:16
LH:0
BRF:0
BRH:0
end_of_record
TN:
SF:src\routes\customer.routes.ts
FNF:0
FNH:0
DA:1,0
DA:2,0
DA:3,0
DA:5,0
DA:7,0
DA:9,0
DA:10,0
DA:12,0
DA:13,0
DA:14,0
DA:16,0
LF:11
LH:0
BRF:0
BRH:0
end_of_record
TN:
SF:src\routes\invoice.routes.ts
FNF:0
FNH:0
DA:1,0
DA:2,0
DA:3,0
DA:4,0
DA:12,0
DA:14,0
DA:17,0
DA:20,0
DA:23,0
DA:26,0
DA:29,0
DA:32,0
DA:33,0
DA:34,0
DA:36,0
LF:15
LH:0
BRF:0
BRH:0
end_of_record
TN:
SF:src\routes\invoiceTemplate.routes.ts
FNF:0
FNH:0
DA:1,0
DA:2,0
DA:3,0
DA:4,0
DA:5,0
DA:15,0
DA:18,0
DA:21,0
DA:24,0
DA:27,0
DA:30,0
DA:31,0
DA:32,0
DA:33,0
DA:35,0
LF:15
LH:0
BRF:0
BRH:0
end_of_record
TN:
SF:src\routes\location.routes.ts
FNF:0
FNH:0
DA:1,1
DA:2,1
DA:3,1
DA:5,1
DA:7,1
DA:10,1
DA:13,1
DA:14,1
DA:15,1
DA:16,1
DA:17,1
DA:19,1
LF:12
LH:12
BRF:0
BRH:0
end_of_record
TN:
SF:src\routes\project.routes.ts
FNF:0
FNH:0
DA:1,1
DA:2,1
DA:3,1
DA:5,1
DA:7,1
DA:9,1
DA:10,1
DA:12,1
DA:13,1
DA:14,1
DA:15,1
DA:16,1
DA:18,1
LF:13
LH:13
BRF:0
BRH:0
end_of_record
TN:
SF:src\routes\report.routes.ts
FNF:0
FNH:0
DA:1,0
DA:2,0
DA:3,0
DA:5,0
DA:7,0
DA:10,0
DA:11,0
DA:14,0
DA:15,0
DA:16,0
DA:17,0
DA:20,0
DA:21,0
DA:22,0
DA:23,0
DA:25,0
LF:16
LH:0
BRF:0
BRH:0
end_of_record
TN:
SF:src\routes\supplier.routes.ts
FNF:0
FNH:0
DA:1,0
DA:2,0
DA:3,0
DA:5,0
DA:7,0
DA:9,0
DA:10,0
DA:12,0
DA:13,0
DA:14,0
DA:16,0
LF:11
LH:0
BRF:0
BRH:0
end_of_record
TN:
SF:src\routes\time.routes.ts
FNF:0
FNH:0
DA:1,1
DA:2,1
DA:3,1
DA:5,1
DA:7,1
DA:10,1
DA:11,1
DA:12,1
DA:13,1
DA:14,1
DA:15,1
DA:16,1
DA:17,1
DA:20,1
DA:21,1
DA:22,1
DA:24,1
LF:17
LH:17
BRF:0
BRH:0
end_of_record
TN:
SF:src\routes\user.routes.ts
FNF:0
FNH:0
DA:1,1
DA:2,1
DA:3,1
DA:5,1
DA:7,1
DA:9,1
DA:10,1
DA:11,1
DA:12,1
DA:13,1
DA:15,1
LF:11
LH:11
BRF:0
BRH:0
end_of_record
TN:
SF:src\services\compliance.service.ts
FN:12,checkRestTimeViolation
FN:49,checkWeeklyHoursViolation
FN:78,(anonymous_2)
FN:118,checkDailyHoursViolation
FN:143,checkMissingPauseViolation
FN:211,updateOvertimeBalance
FN:245,(anonymous_6)
FN:321,isNightWork
FN:333,isSundayWork
FNF:9
FNH:5
FNDA:1,checkRestTimeViolation
FNDA:1,checkWeeklyHoursViolation
FNDA:0,(anonymous_2)
FNDA:1,checkDailyHoursViolation
FNDA:1,checkMissingPauseViolation
FNDA:1,updateOvertimeBalance
FNDA:0,(anonymous_6)
FNDA:0,isNightWork
FNDA:0,isSundayWork
DA:1,1
DA:3,1
DA:12,1
DA:13,1
DA:15,1
DA:23,1
DA:26,0
DA:28,0
DA:29,0
DA:30,0
DA:41,0
DA:44,0
DA:49,1
DA:50,1
DA:51,1
DA:56,1
DA:59,0
DA:60,0
DA:61,0
DA:63,0
DA:64,0
DA:65,0
DA:68,0
DA:77,0
DA:78,0
DA:79,0
DA:80,0
DA:81,0
DA:86,0
DA:88,0
DA:96,0
DA:97,0
DA:98,0
DA:109,0
DA:113,0
DA:118,1
DA:119,1
DA:120,1
DA:122,0
DA:123,0
DA:124,0
DA:135,0
DA:138,1
DA:143,1
DA:144,1
DA:146,1
DA:149,0
DA:160,0
DA:161,0
DA:164,0
DA:166,0
DA:167,0
DA:168,0
DA:171,0
DA:172,0
DA:173,0
DA:174,0
DA:175,0
DA:176,0
DA:177,0
DA:178,0
DA:179,0
DA:180,0
DA:184,0
DA:185,0
DA:187,0
DA:189,0
DA:201,0
DA:202,0
DA:203,0
DA:206,1
DA:211,1
DA:212,1
DA:213,1
DA:222,1
DA:224,0
DA:227,0
DA:228,0
DA:229,0
DA:231,0
DA:232,0
DA:233,0
DA:236,0
DA:244,0
DA:245,0
DA:246,0
DA:247,0
DA:248,0
DA:252,0
DA:253,0
DA:255,0
DA:256,0
DA:258,0
DA:260,0
DA:262,0
DA:263,0
DA:265,0
DA:267,0
DA:271,0
DA:291,0
DA:292,0
DA:293,0
DA:301,0
DA:302,0
DA:316,0
DA:321,1
DA:322,0
DA:323,0
DA:325,0
DA:326,0
DA:328,0
DA:333,1
DA:334,0
LF:113
LH:24
BRDA:23,0,0,1
BRDA:23,1,0,1
BRDA:23,1,1,0
BRDA:28,2,0,0
BRDA:56,3,0,1
BRDA:56,4,0,1
BRDA:56,4,1,0
BRDA:79,5,0,0
BRDA:86,6,0,0
BRDA:96,7,0,0
BRDA:122,8,0,0
BRDA:160,9,0,0
BRDA:160,9,1,0
BRDA:171,10,0,0
BRDA:171,10,1,0
BRDA:175,11,0,0
BRDA:175,11,1,0
BRDA:178,12,0,0
BRDA:184,13,0,0
BRDA:184,13,1,0
BRDA:184,14,0,0
BRDA:184,14,1,0
BRDA:202,15,0,0
BRDA:222,16,0,1
BRDA:222,17,0,1
BRDA:222,17,1,0
BRDA:246,18,0,0
BRDA:252,19,0,0
BRDA:252,19,1,0
BRDA:258,20,0,0
BRDA:258,20,1,0
BRDA:262,21,0,0
BRDA:265,22,0,0
BRDA:291,23,0,0
BRDA:291,23,1,0
BRDA:292,24,0,0
BRDA:301,25,0,0
BRDA:328,26,0,0
BRDA:328,26,1,0
BRDA:328,26,2,0
BRDA:328,26,3,0
BRF:41
BRH:6
end_of_record
TN:
SF:src\services\pdf.service.ts
FN:39,(anonymous_1)
FN:46,(anonymous_2)
FN:54,(anonymous_3)
FN:62,(anonymous_4)
FN:68,(anonymous_5)
FN:116,(anonymous_6)
FN:123,(anonymous_7)
FN:143,(anonymous_8)
FN:154,(anonymous_9)
FN:168,(anonymous_10)
FN:179,(anonymous_11)
FN:193,(anonymous_12)
FN:223,(anonymous_13)
FN:224,(anonymous_14)
FN:236,(anonymous_15)
FN:237,(anonymous_16)
FN:262,(anonymous_17)
FN:282,(anonymous_18)
FN:298,(anonymous_19)
FN:299,(anonymous_20)
FN:316,(anonymous_21)
FN:317,(anonymous_22)
FN:371,(anonymous_23)
FN:400,(anonymous_24)
FN:444,(anonymous_25)
FN:489,(anonymous_26)
FNF:26
FNH:0
FNDA:0,(anonymous_1)
FNDA:0,(anonymous_2)
FNDA:0,(anonymous_3)
FNDA:0,(anonymous_4)
FNDA:0,(anonymous_5)
FNDA:0,(anonymous_6)
FNDA:0,(anonymous_7)
FNDA:0,(anonymous_8)
FNDA:0,(anonymous_9)
FNDA:0,(anonymous_10)
FNDA:0,(anonymous_11)
FNDA:0,(anonymous_12)
FNDA:0,(anonymous_13)
FNDA:0,(anonymous_14)
FNDA:0,(anonymous_15)
FNDA:0,(anonymous_16)
FNDA:0,(anonymous_17)
FNDA:0,(anonymous_18)
FNDA:0,(anonymous_19)
FNDA:0,(anonymous_20)
FNDA:0,(anonymous_21)
FNDA:0,(anonymous_22)
FNDA:0,(anonymous_23)
FNDA:0,(anonymous_24)
FNDA:0,(anonymous_25)
FNDA:0,(anonymous_26)
DA:1,0
DA:2,0
DA:4,0
DA:39,0
DA:40,0
DA:41,0
DA:42,0
DA:43,0
DA:46,0
DA:47,0
DA:54,0
DA:55,0
DA:62,0
DA:63,0
DA:64,0
DA:65,0
DA:68,0
DA:75,0
DA:79,0
DA:80,0
DA:83,0
DA:101,0
DA:116,0
DA:117,0
DA:120,0
DA:121,0
DA:123,0
DA:124,0
DA:126,0
DA:127,0
DA:128,0
DA:130,0
DA:133,0
DA:134,0
DA:135,0
DA:137,0
DA:142,0
DA:143,0
DA:144,0
DA:145,0
DA:146,0
DA:148,0
DA:149,0
DA:150,0
DA:154,0
DA:162,0
DA:163,0
DA:164,0
DA:167,0
DA:168,0
DA:169,0
DA:170,0
DA:171,0
DA:173,0
DA:174,0
DA:176,0
DA:179,0
DA:185,0
DA:193,0
DA:195,0
DA:220,0
DA:223,0
DA:224,0
DA:225,0
DA:235,0
DA:236,0
DA:237,0
DA:238,0
DA:241,0
DA:242,0
DA:243,0
DA:247,0
DA:250,0
DA:251,0
DA:252,0
DA:254,0
DA:262,0
DA:263,0
DA:264,0
DA:265,0
DA:268,0
DA:271,0
DA:272,0
DA:273,0
DA:275,0
DA:282,0
DA:283,0
DA:284,0
DA:285,0
DA:286,0
DA:289,0
DA:292,0
DA:293,0
DA:294,0
DA:295,0
DA:297,0
DA:298,0
DA:300,0
DA:301,0
DA:302,0
DA:303,0
DA:306,0
DA:310,0
DA:311,0
DA:312,0
DA:313,0
DA:315,0
DA:316,0
DA:318,0
DA:319,0
DA:320,0
DA:321,0
DA:324,0
DA:328,0
DA:329,0
DA:330,0
DA:331,0
DA:332,0
DA:334,0
DA:336,0
DA:337,0
DA:338,0
DA:340,0
DA:341,0
DA:342,0
DA:344,0
DA:345,0
DA:350,0
DA:351,0
DA:354,0
DA:355,0
DA:356,0
DA:357,0
DA:360,0
DA:361,0
DA:362,0
DA:363,0
DA:364,0
DA:365,0
DA:367,0
DA:368,0
DA:370,0
DA:371,0
DA:372,0
DA:373,0
DA:374,0
DA:376,0
DA:377,0
DA:383,0
DA:384,0
DA:385,0
DA:386,0
DA:387,0
DA:390,0
DA:391,0
DA:392,0
DA:393,0
DA:394,0
DA:396,0
DA:397,0
DA:399,0
DA:400,0
DA:401,0
DA:404,0
DA:405,0
DA:406,0
DA:407,0
DA:410,0
DA:411,0
DA:412,0
DA:415,0
DA:418,0
DA:419,0
DA:420,0
DA:426,0
DA:427,0
DA:428,0
DA:429,0
DA:430,0
DA:433,0
DA:434,0
DA:435,0
DA:436,0
DA:437,0
DA:438,0
DA:440,0
DA:441,0
DA:443,0
DA:444,0
DA:445,0
DA:446,0
DA:447,0
DA:449,0
DA:456,0
DA:457,0
DA:458,0
DA:460,0
DA:461,0
DA:462,0
DA:468,0
DA:469,0
DA:470,0
DA:471,0
DA:472,0
DA:475,0
DA:476,0
DA:477,0
DA:478,0
DA:479,0
DA:480,0
DA:481,0
DA:482,0
DA:483,0
DA:485,0
DA:486,0
DA:488,0
DA:489,0
DA:490,0
DA:491,0
DA:493,0
DA:494,0
DA:495,0
DA:496,0
DA:497,0
DA:498,0
DA:499,0
DA:500,0
DA:502,0
DA:503,0
DA:504,0
DA:510,0
DA:517,0
LF:232
LH:0
BRDA:40,0,0,0
BRDA:42,1,0,0
BRDA:42,1,1,0
BRDA:72,2,0,0
BRDA:79,3,0,0
BRDA:117,4,0,0
BRDA:117,4,1,0
BRDA:124,5,0,0
BRDA:124,5,1,0
BRDA:126,6,0,0
BRDA:127,7,0,0
BRDA:133,8,0,0
BRDA:134,9,0,0
BRDA:145,10,0,0
BRDA:148,11,0,0
BRDA:148,11,1,0
BRDA:149,12,0,0
BRDA:162,13,0,0
BRDA:173,14,0,0
BRDA:176,15,0,0
BRDA:176,15,1,0
BRDA:182,16,0,0
BRDA:182,16,1,0
BRDA:201,17,0,0
BRDA:201,17,1,0
BRDA:202,18,0,0
BRDA:202,18,1,0
BRDA:203,19,0,0
BRDA:203,19,1,0
BRDA:204,20,0,0
BRDA:204,20,1,0
BRDA:257,21,0,0
BRDA:257,21,1,0
BRDA:258,22,0,0
BRDA:258,22,1,0
BRDA:259,23,0,0
BRDA:259,23,1,0
BRDA:292,24,0,0
BRDA:310,25,0,0
BRDA:328,26,0,0
BRDA:334,27,0,0
BRDA:334,27,1,0
BRDA:346,28,0,0
BRDA:346,28,1,0
BRDA:354,29,0,0
BRDA:374,30,0,0
BRDA:374,30,1,0
BRDA:375,31,0,0
BRDA:375,31,1,0
BRDA:383,32,0,0
BRDA:418,33,0,0
BRDA:426,34,0,0
BRDA:456,35,0,0
BRDA:456,35,1,0
BRDA:460,36,0,0
BRDA:468,37,0,0
BRDA:468,38,0,0
BRDA:468,38,1,0
BRDA:491,39,0,0
BRDA:491,39,1,0
BRDA:495,40,0,0
BRDA:495,40,1,0
BRDA:496,41,0,0
BRDA:496,41,1,0
BRDA:498,42,0,0
BRDA:498,42,1,0
BRDA:499,43,0,0
BRDA:499,43,1,0
BRDA:502,44,0,0
BRF:69
BRH:0
end_of_record
